This file contains any messages produced by compilers while
running configure, to aid debugging if configure makes a mistake.

It was created by configure, which was
generated by GNU Autoconf 2.54.  Invocation command line was

  $ ./configure --prefix=/usr/local/LORS

## --------- ##
## Platform. ##
## --------- ##

hostname = dlt
uname -m = x86_64
uname -r = 3.2.0-4-amd64
uname -s = Linux
uname -v = #1 SMP Debian 3.2.41-2+deb7u2

/usr/bin/uname -p = unknown
/bin/uname -X     = unknown

/bin/arch              = unknown
/usr/bin/arch -k       = unknown
/usr/convex/getsysinfo = unknown
hostinfo               = unknown
/bin/machine           = unknown
/usr/bin/oslevel       = unknown
/bin/universe          = unknown

PATH: /usr/local/sbin
PATH: /usr/local/bin
PATH: /usr/sbin
PATH: /usr/bin
PATH: /sbin
PATH: /bin
PATH: /opt/java/bin


## ----------- ##
## Core tests. ##
## ----------- ##

configure:1279: checking build system type
configure:1297: result: x86_64-unknown-linux-gnu
configure:1305: checking host system type
configure:1319: result: x86_64-unknown-linux-gnu
configure:1327: checking target system type
configure:1341: result: x86_64-unknown-linux-gnu
configure:1375: checking for a BSD-compatible install
configure:1429: result: /usr/bin/install -c
configure:1440: checking whether build environment is sane
configure:1483: result: yes
configure:1508: WARNING: `missing' script is too old or missing
configure:1516: checking for gawk
configure:1545: result: no
configure:1516: checking for mawk
configure:1532: found /usr/bin/mawk
configure:1542: result: mawk
configure:1552: checking whether make sets ${MAKE}
configure:1572: result: yes
configure:1774: checking for gawk
configure:1800: result: mawk
configure:1856: checking for gcc
configure:1872: found /usr/bin/gcc
configure:1882: result: gcc
configure:2124: checking for C compiler version
configure:2127: gcc --version </dev/null >&5
gcc (Debian 4.7.2-5) 4.7.2
Copyright (C) 2012 Free Software Foundation, Inc.
This is free software; see the source for copying conditions.  There is NO
warranty; not even for MERCHANTABILITY or FITNESS FOR A PARTICULAR PURPOSE.

configure:2130: $? = 0
configure:2132: gcc -v </dev/null >&5
Using built-in specs.
COLLECT_GCC=gcc
COLLECT_LTO_WRAPPER=/usr/lib/gcc/x86_64-linux-gnu/4.7/lto-wrapper
Target: x86_64-linux-gnu
Configured with: ../src/configure -v --with-pkgversion='Debian 4.7.2-5' --with-bugurl=file:///usr/share/doc/gcc-4.7/README.Bugs --enable-languages=c,c++,go,fortran,objc,obj-c++ --prefix=/usr --program-suffix=-4.7 --enable-shared --enable-linker-build-id --with-system-zlib --libexecdir=/usr/lib --without-included-gettext --enable-threads=posix --with-gxx-include-dir=/usr/include/c++/4.7 --libdir=/usr/lib --enable-nls --with-sysroot=/ --enable-clocale=gnu --enable-libstdcxx-debug --enable-libstdcxx-time=yes --enable-gnu-unique-object --enable-plugin --enable-objc-gc --with-arch-32=i586 --with-tune=generic --enable-checking=release --build=x86_64-linux-gnu --host=x86_64-linux-gnu --target=x86_64-linux-gnu
Thread model: posix
gcc version 4.7.2 (Debian 4.7.2-5) 
configure:2135: $? = 0
configure:2137: gcc -V </dev/null >&5
gcc: error: unrecognized command line option '-V'
gcc: fatal error: no input files
compilation terminated.
configure:2140: $? = 4
configure:2160: checking for C compiler default output
configure:2163: gcc    conftest.c  >&5
configure:2166: $? = 0
configure:2200: result: a.out
configure:2205: checking whether the C compiler works
configure:2211: ./a.out
configure:2214: $? = 0
configure:2229: result: yes
configure:2236: checking whether we are cross compiling
configure:2238: result: no
configure:2241: checking for suffix of executables
configure:2243: gcc -o conftest    conftest.c  >&5
configure:2246: $? = 0
configure:2269: result: 
configure:2275: checking for suffix of object files
configure:2293: gcc -c   conftest.c >&5
configure:2296: $? = 0
configure:2315: result: o
configure:2319: checking whether we are using the GNU C compiler
configure:2340: gcc -c   conftest.c >&5
configure:2343: $? = 0
configure:2346: test -s conftest.o
configure:2349: $? = 0
configure:2361: result: yes
configure:2367: checking whether gcc accepts -g
configure:2385: gcc -c -g  conftest.c >&5
configure:2388: $? = 0
configure:2391: test -s conftest.o
configure:2394: $? = 0
configure:2404: result: yes
configure:2421: checking for gcc option to accept ANSI C
configure:2478: gcc  -c -g -O2  conftest.c >&5
configure:2481: $? = 0
configure:2484: test -s conftest.o
configure:2487: $? = 0
configure:2504: result: none needed
configure:2522: gcc -c -g -O2  conftest.c >&5
conftest.c:2:3: error: unknown type name 'choke'
conftest.c:2:3: error: expected '=', ',', ';', 'asm' or '__attribute__' at end of input
configure:2525: $? = 1
configure: failed program was:
#ifndef __cplusplus
  choke me
#endif
configure:2642: checking for style of include used by make
configure:2670: result: GNU
configure:2698: checking dependency style of gcc
configure:2760: result: gcc3
configure:2770: checking how to run the C preprocessor
configure:2796: gcc -E  conftest.c
configure:2802: $? = 0
configure:2829: gcc -E  conftest.c
configure:2825:28: fatal error: ac_nonexistent.h: No such file or directory
compilation terminated.
configure:2835: $? = 1
configure: failed program was:
#line 2824 "configure"
#include "confdefs.h"
#include <ac_nonexistent.h>
configure:2872: result: gcc -E
configure:2887: gcc -E  conftest.c
configure:2893: $? = 0
configure:2920: gcc -E  conftest.c
configure:2916:28: fatal error: ac_nonexistent.h: No such file or directory
compilation terminated.
configure:2926: $? = 1
configure: failed program was:
#line 2915 "configure"
#include "confdefs.h"
#include <ac_nonexistent.h>
configure:2977: checking for a BSD-compatible install
configure:3031: result: /usr/bin/install -c
configure:3042: checking whether ln -s works
configure:3046: result: yes
configure:3053: checking whether make sets ${MAKE}
configure:3073: result: yes
configure:3123: checking for ranlib
configure:3139: found /usr/bin/ranlib
configure:3150: result: ranlib
configure:3166: checking for xml2-config
configure:3184: found /usr/bin/xml2-config
configure:3196: result: /usr/bin/xml2-config
configure:3209: checking for pthread_create in -lpthread
configure:3236: gcc -o conftest -g -O2   conftest.c -lpthread   >&5
configure:3239: $? = 0
configure:3242: test -s conftest
configure:3245: $? = 0
configure:3256: result: yes
configure:3268: checking for xmlBufferCreate in -lxml2
configure:3295: gcc -o conftest -g -O2   conftest.c -lxml2  -lpthread  >&5
configure:3298: $? = 0
configure:3301: test -s conftest
configure:3304: $? = 0
configure:3315: result: yes
configure:3327: checking for socket in -lsocket
configure:3354: gcc -o conftest -g -O2   conftest.c -lsocket  -lxml2 -lpthread  >&5
/usr/bin/ld: cannot find -lsocket
collect2: error: ld returned 1 exit status
configure:3357: $? = 1
configure: failed program was:
#line 3334 "configure"
#include "confdefs.h"

/* Override any gcc2 internal prototype to avoid an error.  */
#ifdef __cplusplus
extern "C"
#endif
/* We use char because int might match the return type of a gcc2
   builtin and then its argument prototype would still apply.  */
char socket ();
int
main ()
{
socket ();
  ;
  return 0;
}
configure:3374: result: no
configure:3386: checking for gethostbyname in -lnsl
configure:3413: gcc -o conftest -g -O2   conftest.c -lnsl  -lxml2 -lpthread  >&5
configure:3416: $? = 0
configure:3419: test -s conftest
configure:3422: $? = 0
configure:3433: result: yes
configure:3445: checking for compress in -lz
configure:3472: gcc -o conftest -g -O2   conftest.c -lz  -lnsl -lxml2 -lpthread  >&5
/usr/bin/ld: cannot find -lz
collect2: error: ld returned 1 exit status
configure:3475: $? = 1
configure: failed program was:
#line 3452 "configure"
#include "confdefs.h"

/* Override any gcc2 internal prototype to avoid an error.  */
#ifdef __cplusplus
extern "C"
#endif
/* We use char because int might match the return type of a gcc2
   builtin and then its argument prototype would still apply.  */
char compress ();
int
main ()
{
compress ();
  ;
  return 0;
}
configure:3492: result: no
configure:3504: checking for poptGetContext in -lpopt
configure:3531: gcc -o conftest -g -O2   conftest.c -lpopt  -lnsl -lxml2 -lpthread  >&5
/usr/bin/ld: cannot find -lpopt
collect2: error: ld returned 1 exit status
configure:3534: $? = 1
configure: failed program was:
#line 3511 "configure"
#include "confdefs.h"

/* Override any gcc2 internal prototype to avoid an error.  */
#ifdef __cplusplus
extern "C"
#endif
/* We use char because int might match the return type of a gcc2
   builtin and then its argument prototype would still apply.  */
char poptGetContext ();
int
main ()
{
poptGetContext ();
  ;
  return 0;
}
configure:3551: result: no
configure:3563: checking for log in -lm
configure:3590: gcc -o conftest -g -O2   conftest.c -lm  -lnsl -lxml2 -lpthread  >&5
configure:3578:6: warning: conflicting types for built-in function 'log' [enabled by default]
configure:3593: $? = 0
configure:3596: test -s conftest
configure:3599: $? = 0
configure:3610: result: yes
configure:3623: checking for egrep
configure:3633: result: grep -E
configure:3638: checking for ANSI C header files
configure:3652: gcc -E  conftest.c
configure:3658: $? = 0
configure:3745: gcc -o conftest -g -O2   conftest.c -lm -lnsl -lxml2 -lpthread  >&5
configure: In function 'main':
configure:3736:7: warning: incompatible implicit declaration of built-in function 'exit' [enabled by default]
configure:3748: $? = 0
configure:3750: ./conftest
configure:3753: $? = 0
configure:3767: result: yes
configure:3791: checking for sys/types.h
configure:3804: gcc -c -g -O2  conftest.c >&5
configure:3807: $? = 0
configure:3810: test -s conftest.o
configure:3813: $? = 0
configure:3823: result: yes
configure:3791: checking for sys/stat.h
configure:3804: gcc -c -g -O2  conftest.c >&5
configure:3807: $? = 0
configure:3810: test -s conftest.o
configure:3813: $? = 0
configure:3823: result: yes
configure:3791: checking for stdlib.h
configure:3804: gcc -c -g -O2  conftest.c >&5
configure:3807: $? = 0
configure:3810: test -s conftest.o
configure:3813: $? = 0
configure:3823: result: yes
configure:3791: checking for string.h
configure:3804: gcc -c -g -O2  conftest.c >&5
configure:3807: $? = 0
configure:3810: test -s conftest.o
configure:3813: $? = 0
configure:3823: result: yes
configure:3791: checking for memory.h
configure:3804: gcc -c -g -O2  conftest.c >&5
configure:3807: $? = 0
configure:3810: test -s conftest.o
configure:3813: $? = 0
configure:3823: result: yes
configure:3791: checking for strings.h
configure:3804: gcc -c -g -O2  conftest.c >&5
configure:3807: $? = 0
configure:3810: test -s conftest.o
configure:3813: $? = 0
configure:3823: result: yes
configure:3791: checking for inttypes.h
configure:3804: gcc -c -g -O2  conftest.c >&5
configure:3807: $? = 0
configure:3810: test -s conftest.o
configure:3813: $? = 0
configure:3823: result: yes
configure:3791: checking for stdint.h
configure:3804: gcc -c -g -O2  conftest.c >&5
configure:3807: $? = 0
configure:3810: test -s conftest.o
configure:3813: $? = 0
configure:3823: result: yes
configure:3791: checking for unistd.h
configure:3804: gcc -c -g -O2  conftest.c >&5
configure:3807: $? = 0
configure:3810: test -s conftest.o
configure:3813: $? = 0
configure:3823: result: yes
configure:3856: checking fcntl.h usability
configure:3865: gcc -c -g -O2  conftest.c >&5
configure:3868: $? = 0
configure:3871: test -s conftest.o
configure:3874: $? = 0
configure:3883: result: yes
configure:3887: checking fcntl.h presence
configure:3894: gcc -E  conftest.c
configure:3900: $? = 0
configure:3918: result: yes
configure:3936: checking for fcntl.h
configure:3943: result: yes
configure:3856: checking limits.h usability
configure:3865: gcc -c -g -O2  conftest.c >&5
configure:3868: $? = 0
configure:3871: test -s conftest.o
configure:3874: $? = 0
configure:3883: result: yes
configure:3887: checking limits.h presence
configure:3894: gcc -E  conftest.c
configure:3900: $? = 0
configure:3918: result: yes
configure:3936: checking for limits.h
configure:3943: result: yes
configure:3856: checking malloc.h usability
configure:3865: gcc -c -g -O2  conftest.c >&5
configure:3868: $? = 0
configure:3871: test -s conftest.o
configure:3874: $? = 0
configure:3883: result: yes
configure:3887: checking malloc.h presence
configure:3894: gcc -E  conftest.c
configure:3900: $? = 0
configure:3918: result: yes
configure:3936: checking for malloc.h
configure:3943: result: yes
configure:3856: checking sgtty.h usability
configure:3865: gcc -c -g -O2  conftest.c >&5
configure:3868: $? = 0
configure:3871: test -s conftest.o
configure:3874: $? = 0
configure:3883: result: yes
configure:3887: checking sgtty.h presence
configure:3894: gcc -E  conftest.c
configure:3900: $? = 0
configure:3918: result: yes
configure:3936: checking for sgtty.h
configure:3943: result: yes
configure:3856: checking sys/ioctl.h usability
configure:3865: gcc -c -g -O2  conftest.c >&5
configure:3868: $? = 0
configure:3871: test -s conftest.o
configure:3874: $? = 0
configure:3883: result: yes
configure:3887: checking sys/ioctl.h presence
configure:3894: gcc -E  conftest.c
configure:3900: $? = 0
configure:3918: result: yes
configure:3936: checking for sys/ioctl.h
configure:3943: result: yes
configure:3856: checking sys/time.h usability
configure:3865: gcc -c -g -O2  conftest.c >&5
configure:3868: $? = 0
configure:3871: test -s conftest.o
configure:3874: $? = 0
configure:3883: result: yes
configure:3887: checking sys/time.h presence
configure:3894: gcc -E  conftest.c
configure:3900: $? = 0
configure:3918: result: yes
configure:3936: checking for sys/time.h
configure:3943: result: yes
configure:3856: checking termio.h usability
configure:3865: gcc -c -g -O2  conftest.c >&5
configure:3868: $? = 0
configure:3871: test -s conftest.o
configure:3874: $? = 0
configure:3883: result: yes
configure:3887: checking termio.h presence
configure:3894: gcc -E  conftest.c
configure:3900: $? = 0
configure:3918: result: yes
configure:3936: checking for termio.h
configure:3943: result: yes
configure:3847: checking for unistd.h
configure:3852: result: yes
configure:3965: checking for an ANSI C-conforming const
configure:4029: gcc -c -g -O2  conftest.c >&5
configure:4032: $? = 0
configure:4035: test -s conftest.o
configure:4038: $? = 0
configure:4048: result: yes
configure:4058: checking for inline
configure:4076: gcc -c -g -O2  conftest.c >&5
configure:4079: $? = 0
configure:4082: test -s conftest.o
configure:4085: $? = 0
configure:4096: result: inline
configure:4111: checking whether time.h and sys/time.h may both be included
configure:4133: gcc -c -g -O2  conftest.c >&5
configure:4136: $? = 0
configure:4139: test -s conftest.o
configure:4142: $? = 0
configure:4152: result: yes
configure:4162: checking whether struct tm is in sys/time.h or time.h
configure:4182: gcc -c -g -O2  conftest.c >&5
configure:4185: $? = 0
configure:4188: test -s conftest.o
configure:4191: $? = 0
configure:4201: result: time.h
configure:4212: checking for working memcmp
configure:4257: gcc -o conftest -g -O2   conftest.c -lm -lnsl -lxml2 -lpthread  >&5
configure: In function 'main':
configure:4229:5: warning: incompatible implicit declaration of built-in function 'exit' [enabled by default]
configure:4242:9: warning: incompatible implicit declaration of built-in function 'strcpy' [enabled by default]
configure:4260: $? = 0
configure:4262: ./conftest
configure:4265: $? = 0
configure:4278: result: yes
configure:4282: checking return type of signal handlers
configure:4310: gcc -c -g -O2  conftest.c >&5
configure:4313: $? = 0
configure:4316: test -s conftest.o
configure:4319: $? = 0
configure:4329: result: void
configure:4341: checking for strftime
configure:4378: gcc -o conftest -g -O2   conftest.c -lm -lnsl -lxml2 -lpthread  >&5
configure:4356:6: warning: conflicting types for built-in function 'strftime' [enabled by default]
configure:4381: $? = 0
configure:4384: test -s conftest
configure:4387: $? = 0
configure:4397: result: yes
configure:4470: checking for vprintf
configure:4507: gcc -o conftest -g -O2   conftest.c -lm -lnsl -lxml2 -lpthread  >&5
configure:4485:6: warning: conflicting types for built-in function 'vprintf' [enabled by default]
configure:4510: $? = 0
configure:4513: test -s conftest
configure:4516: $? = 0
configure:4526: result: yes
configure:4533: checking for _doprnt
configure:4570: gcc -o conftest -g -O2   conftest.c -lm -lnsl -lxml2 -lpthread  >&5
/tmp/ccKlzbfQ.o: In function `main':
/usr/local/src/toolkit/lors-0.82.1/configure:4560: undefined reference to `_doprnt'
collect2: error: ld returned 1 exit status
configure:4573: $? = 1
configure: failed program was:
#line 4538 "configure"
#include "confdefs.h"
/* System header to define __stub macros and hopefully few prototypes,
    which can conflict with char _doprnt (); below.  */
#include <assert.h>
/* Override any gcc2 internal prototype to avoid an error.  */
#ifdef __cplusplus
extern "C"
#endif
/* We use char because int might match the return type of a gcc2
   builtin and then its argument prototype would still apply.  */
char _doprnt ();
char (*f) ();

int
main ()
{
/* The GNU C library defines this for functions which it implements
    to always fail with ENOSYS.  Some functions are actually named
    something starting with __ and the normal name is an alias.  */
#if defined (__stub__doprnt) || defined (__stub____doprnt)
choke me
#else
f = _doprnt;
#endif

  ;
  return 0;
}
configure:4589: result: no
configure:4613: checking for ftime
configure:4650: gcc -o conftest -g -O2   conftest.c -lm -lnsl -lxml2 -lpthread  >&5
configure:4653: $? = 0
configure:4656: test -s conftest
configure:4659: $? = 0
configure:4669: result: yes
configure:4613: checking for gettimeofday
configure:4650: gcc -o conftest -g -O2   conftest.c -lm -lnsl -lxml2 -lpthread  >&5
configure:4653: $? = 0
configure:4656: test -s conftest
configure:4659: $? = 0
configure:4669: result: yes
configure:4613: checking for select
configure:4650: gcc -o conftest -g -O2   conftest.c -lm -lnsl -lxml2 -lpthread  >&5
configure:4653: $? = 0
configure:4656: test -s conftest
configure:4659: $? = 0
configure:4669: result: yes
configure:4613: checking for strdup
configure:4650: gcc -o conftest -g -O2   conftest.c -lm -lnsl -lxml2 -lpthread  >&5
configure:4628:6: warning: conflicting types for built-in function 'strdup' [enabled by default]
configure:4653: $? = 0
configure:4656: test -s conftest
configure:4659: $? = 0
configure:4669: result: yes
configure:4613: checking for strerror
configure:4650: gcc -o conftest -g -O2   conftest.c -lm -lnsl -lxml2 -lpthread  >&5
configure:4653: $? = 0
configure:4656: test -s conftest
configure:4659: $? = 0
configure:4669: result: yes
configure:4613: checking for strspn
configure:4650: gcc -o conftest -g -O2   conftest.c -lm -lnsl -lxml2 -lpthread  >&5
configure:4628:6: warning: conflicting types for built-in function 'strspn' [enabled by default]
configure:4653: $? = 0
configure:4656: test -s conftest
configure:4659: $? = 0
configure:4669: result: yes
configure:4613: checking for strstr
configure:4650: gcc -o conftest -g -O2   conftest.c -lm -lnsl -lxml2 -lpthread  >&5
configure:4628:6: warning: conflicting types for built-in function 'strstr' [enabled by default]
configure:4653: $? = 0
configure:4656: test -s conftest
configure:4659: $? = 0
configure:4669: result: yes
configure:4698: checking for "/usr/include/popt.h"
configure:4705: result: no
configure:4707: checking for "/usr/local/src/toolkit/lors-0.82.1/popt/popt.c"
configure:4710: result: found
configure:4735: checking for "/usr/include/zlib.h"
configure:4742: result: no
configure:4744: checking for "/usr/local/src/toolkit/lors-0.82.1/zlib/zutil.c"
configure:4747: result: found
configure:4772: checking for "/usr/include/libxml2/libxml/tree.h"
configure:4775: result: found
configure:4809: checking for "/usr/local/LORS/lib/liblbone.a"
configure:4816: result: no
configure:4818: checking for "/usr/local/src/toolkit/lors-0.82.1/lbone/client/include/lbone_base.h"
configure:4821: result: found
configure:4847: checking for "/usr/local/LORS/lib/libexnode.a"
configure:4854: result: no
configure:4856: checking for "/usr/local/src/toolkit/lors-0.82.1/libexnode/src/exnode.c"
configure:4859: result: found
configure:4876: checking for "/usr/local/LORS/lib/libaes.a"
configure:4883: result: no
configure:4885: checking for "/usr/local/src/toolkit/lors-0.82.1/libe2e/aes/aes.h"
configure:4888: result: found
configure:4913: checking for doxygen
configure:4944: result: touch
configure:4955: checking for wish
configure:4988: result: no
configure:5100: creating ./config.status

## ---------------------- ##
## Running config.status. ##
## ---------------------- ##

This file was extended by config.status, which was
generated by GNU Autoconf 2.54.  Invocation command line was

  CONFIG_FILES    = 
  CONFIG_HEADERS  = 
  CONFIG_LINKS    = 
  CONFIG_COMMANDS = 
  $ ./config.status 

on dlt

config.status:679: creating Makefile
config.status:679: creating lors_setup.sh
config.status:679: creating pre-install.sh
config.status:679: creating doc/doxygen.cfg
config.status:679: creating doc/Makefile
config.status:679: creating src/Makefile
config.status:679: creating libe2e/Makefile
config.status:679: creating cmdtools/Makefile
config.status:679: creating include/Makefile
config.status:679: creating visual/Makefile
config.status:679: creating visual/command.tcl
config.status:679: creating visual/lat_display.tcl
config.status:783: creating config.h
config.status:1058: executing depfiles commands
config.status:1058: executing default commands

## ---------------- ##
## Cache variables. ##
## ---------------- ##

ac_cv_build=x86_64-unknown-linux-gnu
ac_cv_build_alias=x86_64-unknown-linux-gnu
ac_cv_c_compiler_gnu=yes
ac_cv_c_const=yes
ac_cv_c_inline=inline
ac_cv_env_CC_set=
ac_cv_env_CC_value=
ac_cv_env_CFLAGS_set=
ac_cv_env_CFLAGS_value=
ac_cv_env_CPPFLAGS_set=
ac_cv_env_CPPFLAGS_value=
ac_cv_env_CPP_set=
ac_cv_env_CPP_value=
ac_cv_env_LDFLAGS_set=
ac_cv_env_LDFLAGS_value=
ac_cv_env_build_alias_set=
ac_cv_env_build_alias_value=
ac_cv_env_host_alias_set=
ac_cv_env_host_alias_value=
ac_cv_env_target_alias_set=
ac_cv_env_target_alias_value=
ac_cv_exeext=
ac_cv_func__doprnt=no
ac_cv_func_ftime=yes
ac_cv_func_gettimeofday=yes
ac_cv_func_memcmp_working=yes
ac_cv_func_select=yes
ac_cv_func_strdup=yes
ac_cv_func_strerror=yes
ac_cv_func_strftime=yes
ac_cv_func_strspn=yes
ac_cv_func_strstr=yes
ac_cv_func_vprintf=yes
ac_cv_header_fcntl_h=yes
ac_cv_header_inttypes_h=yes
ac_cv_header_limits_h=yes
ac_cv_header_malloc_h=yes
ac_cv_header_memory_h=yes
ac_cv_header_sgtty_h=yes
ac_cv_header_stdc=yes
ac_cv_header_stdint_h=yes
ac_cv_header_stdlib_h=yes
ac_cv_header_string_h=yes
ac_cv_header_strings_h=yes
ac_cv_header_sys_ioctl_h=yes
ac_cv_header_sys_stat_h=yes
ac_cv_header_sys_time_h=yes
ac_cv_header_sys_types_h=yes
ac_cv_header_termio_h=yes
ac_cv_header_time=yes
ac_cv_header_unistd_h=yes
ac_cv_host=x86_64-unknown-linux-gnu
ac_cv_host_alias=x86_64-unknown-linux-gnu
ac_cv_lib_m_log=yes
ac_cv_lib_nsl_gethostbyname=yes
ac_cv_lib_popt_poptGetContext=no
ac_cv_lib_pthread_pthread_create=yes
ac_cv_lib_socket_socket=no
ac_cv_lib_xml2_xmlBufferCreate=yes
ac_cv_lib_z_compress=no
ac_cv_objext=o
ac_cv_path_DOXYGEN=touch
ac_cv_path_XML2CONFIG=/usr/bin/xml2-config
ac_cv_path_install='/usr/bin/install -c'
ac_cv_prog_AWK=mawk
ac_cv_prog_CPP='gcc -E'
ac_cv_prog_ac_ct_CC=gcc
ac_cv_prog_ac_ct_RANLIB=ranlib
ac_cv_prog_cc_g=yes
ac_cv_prog_cc_stdc=
ac_cv_prog_egrep='grep -E'
ac_cv_prog_make_make_set=yes
ac_cv_struct_tm=time.h
ac_cv_target=x86_64-unknown-linux-gnu
ac_cv_target_alias=x86_64-unknown-linux-gnu
ac_cv_type_signal=void
am_cv_CC_dependencies_compiler_type=gcc3

## ----------------- ##
## Output variables. ##
## ----------------- ##

ACLOCAL='aclocal-1.6'
AMDEPBACKSLASH='\'
AMDEP_FALSE='#'
AMDEP_TRUE=''
AMTAR='tar'
AUTOCONF='autoconf'
AUTOHEADER='autoheader'
AUTOMAKE='automake-1.6'
AWK='mawk'
CC='gcc'
CCDEPMODE='depmode=gcc3'
CFLAGS='-g -O2'
CPP='gcc -E'
CPPFLAGS=''
DEFS='-DHAVE_CONFIG_H'
DEPDIR='.deps'
DOXYGEN='touch'
E2EDIR='/usr/local/src/toolkit/lors-0.82.1/libe2e'
ECHO_C=''
ECHO_N='-n'
ECHO_T=''
EGREP='grep -E'
EXEEXT=''
EXTRA_CFLAGS=''
GCC_INC_DIR='/usr/lib/gcc/x86_64-linux-gnu/4.7/include'
INSTALL_DATA='${INSTALL} -m 644'
INSTALL_PROGRAM='${INSTALL}'
INSTALL_SCRIPT='${INSTALL}'
INSTALL_STRIP_PROGRAM='${SHELL} $(install_sh) -c -s'
LDFLAGS=''
LIBOBJS=''
LIBS='-lm -lnsl -lxml2 -lpthread '
LN_S='ln -s'
LORS_BUILD_LBONE='yes'
LORS_BUILD_LIBAES='yes'
LORS_BUILD_LIBXND='yes'
LORS_BUILD_POPT='yes'
LORS_BUILD_XML2='no'
LORS_BUILD_ZLIB='yes'
LORS_LBONE_DIR='/usr/local/LORS'
LORS_LBONE_SRC_DIR='/usr/local/src/toolkit/lors-0.82.1/lbone'
LORS_LIBAES_DIR='/usr/local/LORS'
LORS_LIBAES_SRC_DIR='/usr/local/src/toolkit/lors-0.82.1/libe2e/aes'
LORS_LIBXND_DIR='/usr/local/LORS'
LORS_LIBXND_SRC_DIR='/usr/local/src/toolkit/lors-0.82.1/libexnode'
LORS_POPT_DIR='/usr/local/LORS'
LORS_POPT_SRC_DIR='/usr/local/src/toolkit/lors-0.82.1/popt'
LORS_XML2_DIR='/usr'
LORS_XML2_SRC_DIR=''
LORS_ZLIB_DIR='/usr/local/LORS'
LORS_ZLIB_SRC_DIR='/usr/local/src/toolkit/lors-0.82.1/zlib'
LTLIBOBJS=''
MAKEINFO='makeinfo'
OBJEXT='o'
OSDEF='_LINUX'
OSTYPE='Linux'
PACKAGE='lors'
PACKAGE_BUGREPORT=''
PACKAGE_NAME=''
PACKAGE_STRING=''
PACKAGE_TARNAME=''
PACKAGE_VERSION=''
PATH_SEPARATOR=':'
PREFIX='/usr/local/src/toolkit/lors-0.82.1'
RANLIB='ranlib'
SET_MAKE=''
SHELL='/bin/bash'
STRIP=''
VERSION='0.826'
WISH=''
XML2CONFIG='/usr/bin/xml2-config'
ac_ct_CC='gcc'
ac_ct_RANLIB='ranlib'
ac_ct_STRIP=''
am__include='include'
am__quote=''
bindir='${exec_prefix}/bin'
build='x86_64-unknown-linux-gnu'
build_alias=''
build_cpu='x86_64'
build_os='linux-gnu'
build_vendor='unknown'
datadir='${prefix}/share'
exec_prefix='${prefix}'
host='x86_64-unknown-linux-gnu'
host_alias=''
host_cpu='x86_64'
host_os='linux-gnu'
host_vendor='unknown'
includedir='${prefix}/include'
infodir='${prefix}/info'
install_sh='/usr/local/src/toolkit/lors-0.82.1/install-sh'
libdir='${exec_prefix}/lib'
libexecdir='${exec_prefix}/libexec'
localstatedir='${prefix}/var'
mandir='${prefix}/man'
oldincludedir='/usr/include'
prefix='/usr/local/LORS'
program_transform_name='s,x,x,'
sbindir='${exec_prefix}/sbin'
sharedstatedir='${prefix}/com'
sysconfdir='${prefix}/etc'
target='x86_64-unknown-linux-gnu'
target_alias=''
target_cpu='x86_64'
target_os='linux-gnu'
target_vendor='unknown'

## ----------- ##
## confdefs.h. ##
## ----------- ##

#define HAVE_FCNTL_H 1
#define HAVE_FTIME 1
#define HAVE_GETTIMEOFDAY 1
#define HAVE_INTTYPES_H 1
#define HAVE_LIBM 1
#define HAVE_LIBNSL 1
#define HAVE_LIBPTHREAD 1
#define HAVE_LIBXML2 1
#define HAVE_LIMITS_H 1
#define HAVE_MALLOC_H 1
#define HAVE_MEMORY_H 1
#define HAVE_SELECT 1
#define HAVE_SGTTY_H 1
#define HAVE_STDINT_H 1
#define HAVE_STDLIB_H 1
#define HAVE_STRDUP 1
#define HAVE_STRERROR 1
#define HAVE_STRFTIME 1
#define HAVE_STRINGS_H 1
#define HAVE_STRING_H 1
#define HAVE_STRSPN 1
#define HAVE_STRSTR 1
#define HAVE_SYS_IOCTL_H 1
#define HAVE_SYS_STAT_H 1
#define HAVE_SYS_TIME_H 1
#define HAVE_SYS_TYPES_H 1
#define HAVE_TERMIO_H 1
#define HAVE_UNISTD_H 1
#define HAVE_UNISTD_H 1
#define HAVE_VPRINTF 1
#define PACKAGE "lors"
#define PACKAGE_BUGREPORT ""
#define PACKAGE_NAME ""
#define PACKAGE_STRING ""
#define PACKAGE_TARNAME ""
#define PACKAGE_VERSION ""
#define RETSIGTYPE void
#define STDC_HEADERS 1
#define TIME_WITH_SYS_TIME 1
#define VERSION "0.826"

configure: exit 0
