This file contains any messages produced by compilers while
running configure, to aid debugging if configure makes a mistake.

It was created by LoDN configure 1.0, which was
generated by GNU Autoconf 2.69.  Invocation command line was

  $ ./configure --prefix=/export/ibpadmin/lodn-1.0b --with-content-dir=/export/ibpadmin/lodn-1.0b/content --with-lors=/pkgs/lors-0.82.1 --with-url=https://promise.cs.utk.edu/lodn --with-email=sellers@cs.utk.edu --with-keystore=/home/ibpadmin/LoDNCertificate/lodn.keystore --with-keystore-alias=lodn_jar --with-keystore-passwd=l0c1&mbeck --with-warmer-threads=64 --with-warmer-period=6h --with-warmer-logfile=/export/ibpadmin/lodn-1.0b/lodn/logs/warmerLogfile --with-warmer-verbose=2 --with-iconv=/usr/local/lib/ --no-create --no-recursion

## --------- ##
## Platform. ##
## --------- ##

hostname = Christophers-MacBook-Pro.local
uname -m = x86_64
uname -r = 11.4.2
uname -s = Darwin
uname -v = Darwin Kernel Version 11.4.2: Thu Aug 23 16:25:48 PDT 2012; root:xnu-1699.32.7~1/RELEASE_X86_64

/usr/bin/uname -p = i386
/bin/uname -X     = unknown

/bin/arch              = unknown
/usr/bin/arch -k       = unknown
/usr/convex/getsysinfo = unknown
/usr/bin/hostinfo      = Mach kernel version:
	 Darwin Kernel Version 11.4.2: Thu Aug 23 16:25:48 PDT 2012; root:xnu-1699.32.7~1/RELEASE_X86_64
Kernel configured for up to 4 processors.
2 processors are physically available.
4 processors are logically available.
Processor type: i486 (Intel 80486)
Processors active: 0 1 2 3
Primary memory available: 8.00 gigabytes
Default processor set: 177 tasks, 1010 threads, 4 processors
Load average: 4.42, Mach factor: 0.59
/bin/machine           = unknown
/usr/bin/oslevel       = unknown
/bin/universe          = unknown

PATH: /Users/sellers/bin/
PATH: /usr/local/bin
PATH: /usr/local/sbin/
PATH: /usr/bin/
PATH: /sw/lors/bin
PATH: /sw/ibp/bin
PATH: /usr/local/mysql/bin/
PATH: /usr/bin
PATH: /bin
PATH: /usr/sbin
PATH: /sbin
PATH: /usr/local/bin
PATH: /usr/X11/bin
PATH: /usr/local/MacGPG2/bin
PATH: /usr/texbin


## ----------- ##
## Core tests. ##
## ----------- ##

configure:1950: checking for a BSD-compatible install
configure:2018: result: /usr/local/bin/ginstall -c
configure:2029: checking whether build environment is sane
configure:2084: result: yes
configure:2235: checking for a thread-safe mkdir -p
configure:2274: result: /usr/local/bin/gmkdir -p
configure:2281: checking for gawk
configure:2311: result: no
configure:2281: checking for mawk
configure:2311: result: no
configure:2281: checking for nawk
configure:2311: result: no
configure:2281: checking for awk
configure:2297: found /usr/bin//awk
configure:2308: result: awk
configure:2319: checking whether make sets $(MAKE)
configure:2341: result: yes
configure:2370: checking whether make supports nested variables
configure:2387: result: yes
configure:2653: checking for gcc
configure:2669: found /usr/bin//gcc
configure:2680: result: gcc
configure:2909: checking for C compiler version
configure:2918: gcc --version >&5
i686-apple-darwin11-llvm-gcc-4.2 (GCC) 4.2.1 (Based on Apple Inc. build 5658) (LLVM build 2336.11.00)
Copyright (C) 2007 Free Software Foundation, Inc.
This is free software; see the source for copying conditions.  There is NO
warranty; not even for MERCHANTABILITY or FITNESS FOR A PARTICULAR PURPOSE.

configure:2929: $? = 0
configure:2918: gcc -v >&5
Using built-in specs.
Target: i686-apple-darwin11
Configured with: /private/var/tmp/llvmgcc42/llvmgcc42-2336.11~148/src/configure --disable-checking --enable-werror --prefix=/Applications/Xcode.app/Contents/Developer/usr/llvm-gcc-4.2 --mandir=/share/man --enable-languages=c,objc,c++,obj-c++ --program-prefix=llvm- --program-transform-name=/^[cg][^.-]*$/s/$/-4.2/ --with-slibdir=/usr/lib --build=i686-apple-darwin11 --enable-llvm=/private/var/tmp/llvmgcc42/llvmgcc42-2336.11~148/dst-llvmCore/Developer/usr/local --program-prefix=i686-apple-darwin11- --host=x86_64-apple-darwin11 --target=i686-apple-darwin11 --with-gxx-include-dir=/usr/include/c++/4.2.1
Thread model: posix
gcc version 4.2.1 (Based on Apple Inc. build 5658) (LLVM build 2336.11.00)
configure:2929: $? = 0
configure:2918: gcc -V >&5
llvm-gcc-4.2: argument to `-V' is missing
configure:2929: $? = 1
configure:2918: gcc -qversion >&5
i686-apple-darwin11-llvm-gcc-4.2: no input files
configure:2929: $? = 1
configure:2949: checking whether the C compiler works
configure:2971: gcc    conftest.c  >&5
configure:2975: $? = 0
configure:3023: result: yes
configure:3026: checking for C compiler default output file name
configure:3028: result: a.out
configure:3034: checking for suffix of executables
configure:3041: gcc -o conftest    conftest.c  >&5
configure:3045: $? = 0
configure:3067: result: 
configure:3089: checking whether we are cross compiling
configure:3097: gcc -o conftest    conftest.c  >&5
configure:3101: $? = 0
configure:3108: ./conftest
configure:3112: $? = 0
configure:3127: result: no
configure:3132: checking for suffix of object files
configure:3154: gcc -c   conftest.c >&5
configure:3158: $? = 0
configure:3179: result: o
configure:3183: checking whether we are using the GNU C compiler
configure:3202: gcc -c   conftest.c >&5
configure:3202: $? = 0
configure:3211: result: yes
configure:3220: checking whether gcc accepts -g
configure:3240: gcc -c -g  conftest.c >&5
configure:3240: $? = 0
configure:3281: result: yes
configure:3298: checking for gcc option to accept ISO C89
configure:3361: gcc  -c -g -O2  conftest.c >&5
configure:3361: $? = 0
configure:3374: result: none needed
configure:3405: checking for style of include used by make
configure:3433: result: GNU
configure:3459: checking dependency style of gcc
configure:3570: result: gcc3
configure:3589: checking for perl
configure:3607: found /usr/bin//perl
configure:3619: result: /usr/bin//perl
configure:3639: checking for jar
configure:3658: found /usr/bin//jar
configure:3670: result: /usr/bin//jar
configure:3680: checking for jarsigner
configure:3699: found /usr/bin//jarsigner
configure:3711: result: /usr/bin//jarsigner
configure:3721: checking for keytool
configure:3740: found /usr/bin//keytool
configure:3752: result: /usr/bin//keytool
configure:3781: checking for convert
configure:3800: found /usr/local/bin/convert
configure:3812: result: /usr/local/bin/convert

## ---------------- ##
## Cache variables. ##
## ---------------- ##

ac_cv_c_compiler_gnu=yes
ac_cv_env_CC_set=
ac_cv_env_CC_value=
ac_cv_env_CFLAGS_set=
ac_cv_env_CFLAGS_value=
ac_cv_env_CPPFLAGS_set=
ac_cv_env_CPPFLAGS_value=
ac_cv_env_LDFLAGS_set=
ac_cv_env_LDFLAGS_value=
ac_cv_env_LIBS_set=
ac_cv_env_LIBS_value=
ac_cv_env_build_alias_set=
ac_cv_env_build_alias_value=
ac_cv_env_host_alias_set=
ac_cv_env_host_alias_value=
ac_cv_env_target_alias_set=
ac_cv_env_target_alias_value=
ac_cv_objext=o
ac_cv_path_CONVERT_BIN=/usr/local/bin/convert
ac_cv_path_JARSIGNER_BIN=/usr/bin//jarsigner
ac_cv_path_JAR_BIN=/usr/bin//jar
ac_cv_path_KEYTOOL_BIN=/usr/bin//keytool
ac_cv_path_PERL_BIN=/usr/bin//perl
ac_cv_path_install='/usr/local/bin/ginstall -c'
ac_cv_path_mkdir=/usr/local/bin/gmkdir
ac_cv_prog_AWK=awk
ac_cv_prog_ac_ct_CC=gcc
ac_cv_prog_cc_c89=
ac_cv_prog_cc_g=yes
ac_cv_prog_make_make_set=yes
am_cv_CC_dependencies_compiler_type=gcc3
am_cv_make_support_nested_variables=yes

## ----------------- ##
## Output variables. ##
## ----------------- ##

ACLOCAL='${SHELL} "/Users/brumgard/LoDN 1.0/missing" aclocal-1.13'
ADMIN_EMAIL='sellers@cs.utk.edu'
AMDEPBACKSLASH='\'
AMDEP_FALSE='#'
AMDEP_TRUE=''
AMTAR='$${TAR-tar}'
AM_BACKSLASH='\'
AM_DEFAULT_V='$(AM_DEFAULT_VERBOSITY)'
AM_DEFAULT_VERBOSITY='1'
AM_V='$(V)'
AUTOCONF='${SHELL} "/Users/brumgard/LoDN 1.0/missing" autoconf'
AUTOHEADER='${SHELL} "/Users/brumgard/LoDN 1.0/missing" autoheader'
AUTOMAKE='${SHELL} "/Users/brumgard/LoDN 1.0/missing" automake-1.13'
AWK='awk'
CC='gcc'
CCDEPMODE='depmode=gcc3'
CFLAGS='-g -O2'
CGIBIN_DIR=''
CGI_SCRIPTS=''
CONVERT_BIN='/usr/local/bin/convert'
CPPFLAGS=''
CYGPATH_W='echo'
DEFS=''
DEPDIR='.deps'
ECHO_C='\c'
ECHO_N=''
ECHO_T=''
EXEEXT=''
INSTALL_DATA='${INSTALL} -m 644'
INSTALL_PROGRAM='${INSTALL}'
INSTALL_SCRIPT='${INSTALL}'
INSTALL_STRIP_PROGRAM='$(install_sh) -c -s'
JARSIGNER_BIN='/usr/bin//jarsigner'
JAR_BIN='/usr/bin//jar'
JAR_FILES=''
KEYSTORE='/home/ibpadmin/LoDNCertificate/lodn.keystore'
KEYSTORE_ALIAS='lodn_jar'
KEYSTORE_PASSWD='l0c1&mbeck'
KEYTOOL_BIN='/usr/bin//keytool'
LDFLAGS=''
LIBOBJS=''
LIBS=''
LIBXML=''
LIBXML_INCLUDE_DIR=''
LIBXML_LIB_DIR=''
LODN_CFG=''
LODN_CONTENT_DIR='/export/ibpadmin/lodn-1.0b/content'
LODN_DOMAIN=''
LODN_ETC=''
LODN_HOST=''
LODN_PATH=''
LODN_TOOLS=''
LODN_TRASH=''
LODN_URL='https://promise.cs.utk.edu/lodn'
LODN_WEB=''
LORS_INCLUDE_DIR=''
LORS_LIB_DIR=''
LORS_TOOLS_BIN=''
LTLIBOBJS=''
MAKEINFO='${SHELL} "/Users/brumgard/LoDN 1.0/missing" makeinfo'
MKDIR_P='/usr/local/bin/gmkdir -p'
OBJEXT='o'
PACKAGE='lodn'
PACKAGE_BUGREPORT=''
PACKAGE_NAME='LoDN'
PACKAGE_STRING='LoDN 1.0'
PACKAGE_TARNAME='lodn'
PACKAGE_URL=''
PACKAGE_VERSION='1.0'
PATH_SEPARATOR=':'
PERL='#!/usr/bin//perl'
PERL_BIN='/usr/bin//perl'
SET_MAKE=''
SHELL='/bin/sh'
STRIP=''
VERSION='1.0'
WARMER_LOGFILE='/export/ibpadmin/lodn-1.0b/lodn/logs/warmerLogfile'
WARMER_LOGFILE_DIR=''
WARMER_PERIOD='6h'
WARMER_THREADS='64'
WARMER_VERBOSE='2'
XML_CONFIG=''
ac_ct_CC='gcc'
am__EXEEXT_FALSE=''
am__EXEEXT_TRUE=''
am__fastdepCC_FALSE='#'
am__fastdepCC_TRUE=''
am__include='include'
am__isrc=''
am__leading_dot='.'
am__nodep='_no'
am__quote=''
am__tar='$${TAR-tar} chof - "$$tardir"'
am__untar='$${TAR-tar} xf -'
bindir='${exec_prefix}/bin'
build_alias=''
datadir='${datarootdir}'
datarootdir='${prefix}/share'
docdir='${datarootdir}/doc/${PACKAGE_TARNAME}'
dvidir='${docdir}'
exec_prefix='NONE'
host_alias=''
htmldir='${docdir}'
includedir='${prefix}/include'
infodir='${datarootdir}/info'
install_sh='${SHELL} '\''/Users/brumgard/LoDN 1.0/install-sh'\'''
libdir='${exec_prefix}/lib'
libexecdir='${exec_prefix}/libexec'
localedir='${datarootdir}/locale'
localstatedir='${prefix}/var'
mandir='${datarootdir}/man'
mkdir_p='$(MKDIR_P)'
oldincludedir='/usr/include'
pdfdir='${docdir}'
prefix='/export/ibpadmin/lodn-1.0b'
program_transform_name='s,x,x,'
psdir='${docdir}'
sbindir='${exec_prefix}/sbin'
sharedstatedir='${prefix}/com'
subdirs=''
sysconfdir='${prefix}/etc'
target_alias=''

## ----------- ##
## confdefs.h. ##
## ----------- ##

/* confdefs.h */
#define PACKAGE_NAME "LoDN"
#define PACKAGE_TARNAME "lodn"
#define PACKAGE_VERSION "1.0"
#define PACKAGE_STRING "LoDN 1.0"
#define PACKAGE_BUGREPORT ""
#define PACKAGE_URL ""
#define PACKAGE "lodn"
#define VERSION "1.0"

configure: exit 0
