This file contains any messages produced by compilers while
running configure, to aid debugging if configure makes a mistake.

It was created by libcellophane configure version-0.1, which was
generated by GNU Autoconf 2.69.  Invocation command line was

  $ ./configure --prefix=/home/vagrant/usr --with-libjansson=/home/vagrant/usr --with-libcurl=/usr/local

## --------- ##
## Platform. ##
## --------- ##

hostname = debian-7
uname -m = x86_64
uname -r = 3.2.0-4-amd64
uname -s = Linux
uname -v = #1 SMP Debian 3.2.51-1

/usr/bin/uname -p = unknown
/bin/uname -X     = unknown

/bin/arch              = unknown
/usr/bin/arch -k       = unknown
/usr/convex/getsysinfo = unknown
/usr/bin/hostinfo      = unknown
/bin/machine           = unknown
/usr/bin/oslevel       = unknown
/bin/universe          = unknown

PATH: /usr/local/sbin
PATH: /usr/local/bin
PATH: /usr/sbin
PATH: /usr/bin
PATH: /sbin
PATH: /bin


## ----------- ##
## Core tests. ##
## ----------- ##

configure:2312: checking for a BSD-compatible install
configure:2380: result: /usr/bin/install -c
configure:2391: checking whether build environment is sane
configure:2441: result: yes
configure:2582: checking for a thread-safe mkdir -p
configure:2621: result: /bin/mkdir -p
configure:2634: checking for gawk
configure:2664: result: no
configure:2634: checking for mawk
configure:2650: found /usr/bin/mawk
configure:2661: result: mawk
configure:2672: checking whether make sets $(MAKE)
configure:2694: result: yes
configure:2824: checking for gcc
configure:2840: found /usr/bin/gcc
configure:2851: result: gcc
configure:3080: checking for C compiler version
configure:3089: gcc --version >&5
gcc (Debian 4.7.2-5) 4.7.2
Copyright (C) 2012 Free Software Foundation, Inc.
This is free software; see the source for copying conditions.  There is NO
warranty; not even for MERCHANTABILITY or FITNESS FOR A PARTICULAR PURPOSE.

configure:3100: $? = 0
configure:3089: gcc -v >&5
Using built-in specs.
COLLECT_GCC=gcc
COLLECT_LTO_WRAPPER=/usr/lib/gcc/x86_64-linux-gnu/4.7/lto-wrapper
Target: x86_64-linux-gnu
Configured with: ../src/configure -v --with-pkgversion='Debian 4.7.2-5' --with-bugurl=file:///usr/share/doc/gcc-4.7/README.Bugs --enable-languages=c,c++,go,fortran,objc,obj-c++ --prefix=/usr --program-suffix=-4.7 --enable-shared --enable-linker-build-id --with-system-zlib --libexecdir=/usr/lib --without-included-gettext --enable-threads=posix --with-gxx-include-dir=/usr/include/c++/4.7 --libdir=/usr/lib --enable-nls --with-sysroot=/ --enable-clocale=gnu --enable-libstdcxx-debug --enable-libstdcxx-time=yes --enable-gnu-unique-object --enable-plugin --enable-objc-gc --with-arch-32=i586 --with-tune=generic --enable-checking=release --build=x86_64-linux-gnu --host=x86_64-linux-gnu --target=x86_64-linux-gnu
Thread model: posix
gcc version 4.7.2 (Debian 4.7.2-5) 
configure:3100: $? = 0
configure:3089: gcc -V >&5
gcc: error: unrecognized command line option '-V'
gcc: fatal error: no input files
compilation terminated.
configure:3100: $? = 4
configure:3089: gcc -qversion >&5
gcc: error: unrecognized command line option '-qversion'
gcc: fatal error: no input files
compilation terminated.
configure:3100: $? = 4
configure:3120: checking whether the C compiler works
configure:3142: gcc    conftest.c  >&5
configure:3146: $? = 0
configure:3194: result: yes
configure:3197: checking for C compiler default output file name
configure:3199: result: a.out
configure:3205: checking for suffix of executables
configure:3212: gcc -o conftest    conftest.c  >&5
configure:3216: $? = 0
configure:3238: result: 
configure:3260: checking whether we are cross compiling
configure:3268: gcc -o conftest    conftest.c  >&5
configure:3272: $? = 0
configure:3279: ./conftest
configure:3283: $? = 0
configure:3298: result: no
configure:3303: checking for suffix of object files
configure:3325: gcc -c   conftest.c >&5
configure:3329: $? = 0
configure:3350: result: o
configure:3354: checking whether we are using the GNU C compiler
configure:3373: gcc -c   conftest.c >&5
configure:3373: $? = 0
configure:3382: result: yes
configure:3391: checking whether gcc accepts -g
configure:3411: gcc -c -g  conftest.c >&5
configure:3411: $? = 0
configure:3452: result: yes
configure:3469: checking for gcc option to accept ISO C89
configure:3532: gcc  -c -g -O2  conftest.c >&5
configure:3532: $? = 0
configure:3545: result: none needed
configure:3576: checking for style of include used by make
configure:3604: result: GNU
configure:3630: checking dependency style of gcc
configure:3741: result: gcc3
configure:3756: checking whether ln -s works
configure:3760: result: yes
configure:3767: checking whether make sets $(MAKE)
configure:3789: result: yes
configure:3827: checking build system type
configure:3841: result: x86_64-unknown-linux-gnu
configure:3861: checking host system type
configure:3874: result: x86_64-unknown-linux-gnu
configure:3915: checking how to print strings
configure:3942: result: printf
configure:3963: checking for a sed that does not truncate output
configure:4027: result: /bin/sed
configure:4045: checking for grep that handles long lines and -e
configure:4103: result: /bin/grep
configure:4108: checking for egrep
configure:4170: result: /bin/grep -E
configure:4175: checking for fgrep
configure:4237: result: /bin/grep -F
configure:4272: checking for ld used by gcc
configure:4339: result: /usr/bin/ld
configure:4346: checking if the linker (/usr/bin/ld) is GNU ld
configure:4361: result: yes
configure:4373: checking for BSD- or MS-compatible name lister (nm)
configure:4422: result: /usr/bin/nm -B
configure:4552: checking the name lister (/usr/bin/nm -B) interface
configure:4559: gcc -c -g -O2  conftest.c >&5
configure:4562: /usr/bin/nm -B "conftest.o"
configure:4565: output
0000000000000000 B some_variable
configure:4572: result: BSD nm
configure:4576: checking the maximum length of command line arguments
configure:4706: result: 3458764513820540925
configure:4723: checking whether the shell understands some XSI constructs
configure:4733: result: yes
configure:4737: checking whether the shell understands "+="
configure:4743: result: yes
configure:4778: checking how to convert x86_64-unknown-linux-gnu file names to x86_64-unknown-linux-gnu format
configure:4818: result: func_convert_file_noop
configure:4825: checking how to convert x86_64-unknown-linux-gnu file names to toolchain format
configure:4845: result: func_convert_file_noop
configure:4852: checking for /usr/bin/ld option to reload object files
configure:4859: result: -r
configure:4933: checking for objdump
configure:4949: found /usr/bin/objdump
configure:4960: result: objdump
configure:4992: checking how to recognize dependent libraries
configure:5190: result: pass_all
configure:5275: checking for dlltool
configure:5305: result: no
configure:5335: checking how to associate runtime and link libraries
configure:5362: result: printf %s\n
configure:5423: checking for ar
configure:5439: found /usr/bin/ar
configure:5450: result: ar
configure:5487: checking for archiver @FILE support
configure:5504: gcc -c -g -O2  conftest.c >&5
configure:5504: $? = 0
configure:5507: ar cru libconftest.a @conftest.lst >&5
configure:5510: $? = 0
configure:5515: ar cru libconftest.a @conftest.lst >&5
ar: conftest.o: No such file or directory
configure:5518: $? = 1
configure:5530: result: @
configure:5588: checking for strip
configure:5604: found /usr/bin/strip
configure:5615: result: strip
configure:5687: checking for ranlib
configure:5703: found /usr/bin/ranlib
configure:5714: result: ranlib
configure:5816: checking command to parse /usr/bin/nm -B output from gcc object
configure:5936: gcc -c -g -O2  conftest.c >&5
configure:5939: $? = 0
configure:5943: /usr/bin/nm -B conftest.o \| sed -n -e 's/^.*[ ]\([ABCDGIRSTW][ABCDGIRSTW]*\)[ ][ ]*\([_A-Za-z][_A-Za-z0-9]*\)$/\1 \2 \2/p' | sed '/ __gnu_lto/d' \> conftest.nm
configure:5946: $? = 0
configure:6012: gcc -o conftest -g -O2   conftest.c conftstm.o >&5
configure:6015: $? = 0
configure:6053: result: ok
configure:6090: checking for sysroot
configure:6120: result: no
configure:6197: gcc -c -g -O2  conftest.c >&5
configure:6200: $? = 0
configure:6376: checking for mt
configure:6392: found /bin/mt
configure:6403: result: mt
configure:6426: checking if mt is a manifest tool
configure:6432: mt '-?'
configure:6440: result: no
configure:7082: checking how to run the C preprocessor
configure:7113: gcc -E  conftest.c
configure:7113: $? = 0
configure:7127: gcc -E  conftest.c
conftest.c:11:28: fatal error: ac_nonexistent.h: No such file or directory
compilation terminated.
configure:7127: $? = 1
configure: failed program was:
| /* confdefs.h */
| #define PACKAGE_NAME "libcellophane"
| #define PACKAGE_TARNAME "libcellophane"
| #define PACKAGE_VERSION "version-0.1"
| #define PACKAGE_STRING "libcellophane version-0.1"
| #define PACKAGE_BUGREPORT "adorwat@indiana.edu"
| #define PACKAGE_URL ""
| #define PACKAGE "libcellophane"
| #define VERSION "version-0.1"
| /* end confdefs.h.  */
| #include <ac_nonexistent.h>
configure:7152: result: gcc -E
configure:7172: gcc -E  conftest.c
configure:7172: $? = 0
configure:7186: gcc -E  conftest.c
conftest.c:11:28: fatal error: ac_nonexistent.h: No such file or directory
compilation terminated.
configure:7186: $? = 1
configure: failed program was:
| /* confdefs.h */
| #define PACKAGE_NAME "libcellophane"
| #define PACKAGE_TARNAME "libcellophane"
| #define PACKAGE_VERSION "version-0.1"
| #define PACKAGE_STRING "libcellophane version-0.1"
| #define PACKAGE_BUGREPORT "adorwat@indiana.edu"
| #define PACKAGE_URL ""
| #define PACKAGE "libcellophane"
| #define VERSION "version-0.1"
| /* end confdefs.h.  */
| #include <ac_nonexistent.h>
configure:7215: checking for ANSI C header files
configure:7235: gcc -c -g -O2  conftest.c >&5
configure:7235: $? = 0
configure:7308: gcc -o conftest -g -O2   conftest.c  >&5
configure:7308: $? = 0
configure:7308: ./conftest
configure:7308: $? = 0
configure:7319: result: yes
configure:7332: checking for sys/types.h
configure:7332: gcc -c -g -O2  conftest.c >&5
configure:7332: $? = 0
configure:7332: result: yes
configure:7332: checking for sys/stat.h
configure:7332: gcc -c -g -O2  conftest.c >&5
configure:7332: $? = 0
configure:7332: result: yes
configure:7332: checking for stdlib.h
configure:7332: gcc -c -g -O2  conftest.c >&5
configure:7332: $? = 0
configure:7332: result: yes
configure:7332: checking for string.h
configure:7332: gcc -c -g -O2  conftest.c >&5
configure:7332: $? = 0
configure:7332: result: yes
configure:7332: checking for memory.h
configure:7332: gcc -c -g -O2  conftest.c >&5
configure:7332: $? = 0
configure:7332: result: yes
configure:7332: checking for strings.h
configure:7332: gcc -c -g -O2  conftest.c >&5
configure:7332: $? = 0
configure:7332: result: yes
configure:7332: checking for inttypes.h
configure:7332: gcc -c -g -O2  conftest.c >&5
configure:7332: $? = 0
configure:7332: result: yes
configure:7332: checking for stdint.h
configure:7332: gcc -c -g -O2  conftest.c >&5
configure:7332: $? = 0
configure:7332: result: yes
configure:7332: checking for unistd.h
configure:7332: gcc -c -g -O2  conftest.c >&5
configure:7332: $? = 0
configure:7332: result: yes
configure:7346: checking for dlfcn.h
configure:7346: gcc -c -g -O2  conftest.c >&5
configure:7346: $? = 0
configure:7346: result: yes
configure:7552: checking for objdir
configure:7567: result: .libs
configure:7838: checking if gcc supports -fno-rtti -fno-exceptions
configure:7856: gcc -c -g -O2  -fno-rtti -fno-exceptions conftest.c >&5
cc1: warning: command line option '-fno-rtti' is valid for C++/ObjC++ but not for C [enabled by default]
configure:7860: $? = 0
configure:7873: result: no
configure:8200: checking for gcc option to produce PIC
configure:8207: result: -fPIC -DPIC
configure:8215: checking if gcc PIC flag -fPIC -DPIC works
configure:8233: gcc -c -g -O2  -fPIC -DPIC -DPIC conftest.c >&5
configure:8237: $? = 0
configure:8250: result: yes
configure:8279: checking if gcc static flag -static works
configure:8307: result: yes
configure:8322: checking if gcc supports -c -o file.o
configure:8343: gcc -c -g -O2  -o out/conftest2.o conftest.c >&5
configure:8347: $? = 0
configure:8369: result: yes
configure:8377: checking if gcc supports -c -o file.o
configure:8424: result: yes
configure:8457: checking whether the gcc linker (/usr/bin/ld -m elf_x86_64) supports shared libraries
configure:9614: result: yes
configure:9651: checking whether -lc should be explicitly linked in
configure:9659: gcc -c -g -O2  conftest.c >&5
configure:9662: $? = 0
configure:9677: gcc -shared  -fPIC -DPIC conftest.o  -v -Wl,-soname -Wl,conftest -o conftest 2\>\&1 \| /bin/grep  -lc  \>/dev/null 2\>\&1
configure:9680: $? = 0
configure:9694: result: no
configure:9854: checking dynamic linker characteristics
configure:10354: gcc -o conftest -g -O2   -Wl,-rpath -Wl,/foo conftest.c  >&5
configure:10354: $? = 0
configure:10588: result: GNU/Linux ld.so
configure:10695: checking how to hardcode library paths into programs
configure:10720: result: immediate
configure:11260: checking whether stripping libraries is possible
configure:11265: result: yes
configure:11300: checking if libtool supports shared libraries
configure:11302: result: yes
configure:11305: checking whether to build shared libraries
configure:11326: result: yes
configure:11329: checking whether to build static libraries
configure:11333: result: yes
configure:11376: checking netdb.h usability
configure:11376: gcc -c -g -O2  conftest.c >&5
configure:11376: $? = 0
configure:11376: result: yes
configure:11376: checking netdb.h presence
configure:11376: gcc -E  conftest.c
configure:11376: $? = 0
configure:11376: result: yes
configure:11376: checking for netdb.h
configure:11376: result: yes
configure:11376: checking netinet/in.h usability
configure:11376: gcc -c -g -O2  conftest.c >&5
configure:11376: $? = 0
configure:11376: result: yes
configure:11376: checking netinet/in.h presence
configure:11376: gcc -E  conftest.c
configure:11376: $? = 0
configure:11376: result: yes
configure:11376: checking for netinet/in.h
configure:11376: result: yes
configure:11376: checking for stdlib.h
configure:11376: result: yes
configure:11376: checking for string.h
configure:11376: result: yes
configure:11376: checking sys/socket.h usability
configure:11376: gcc -c -g -O2  conftest.c >&5
configure:11376: $? = 0
configure:11376: result: yes
configure:11376: checking sys/socket.h presence
configure:11376: gcc -E  conftest.c
configure:11376: $? = 0
configure:11376: result: yes
configure:11376: checking for sys/socket.h
configure:11376: result: yes
configure:11376: checking for unistd.h
configure:11376: result: yes
configure:11376: checking wchar.h usability
configure:11376: gcc -c -g -O2  conftest.c >&5
configure:11376: $? = 0
configure:11376: result: yes
configure:11376: checking wchar.h presence
configure:11376: gcc -E  conftest.c
configure:11376: $? = 0
configure:11376: result: yes
configure:11376: checking for wchar.h
configure:11376: result: yes
configure:11388: checking for size_t
configure:11388: gcc -c -g -O2  conftest.c >&5
configure:11388: $? = 0
configure:11388: gcc -c -g -O2  conftest.c >&5
conftest.c: In function 'main':
conftest.c:66:21: error: expected expression before ')' token
configure:11388: $? = 1
configure: failed program was:
| /* confdefs.h */
| #define PACKAGE_NAME "libcellophane"
| #define PACKAGE_TARNAME "libcellophane"
| #define PACKAGE_VERSION "version-0.1"
| #define PACKAGE_STRING "libcellophane version-0.1"
| #define PACKAGE_BUGREPORT "adorwat@indiana.edu"
| #define PACKAGE_URL ""
| #define PACKAGE "libcellophane"
| #define VERSION "version-0.1"
| #define STDC_HEADERS 1
| #define HAVE_SYS_TYPES_H 1
| #define HAVE_SYS_STAT_H 1
| #define HAVE_STDLIB_H 1
| #define HAVE_STRING_H 1
| #define HAVE_MEMORY_H 1
| #define HAVE_STRINGS_H 1
| #define HAVE_INTTYPES_H 1
| #define HAVE_STDINT_H 1
| #define HAVE_UNISTD_H 1
| #define HAVE_DLFCN_H 1
| #define LT_OBJDIR ".libs/"
| #define HAVE_NETDB_H 1
| #define HAVE_NETINET_IN_H 1
| #define HAVE_STDLIB_H 1
| #define HAVE_STRING_H 1
| #define HAVE_SYS_SOCKET_H 1
| #define HAVE_UNISTD_H 1
| #define HAVE_WCHAR_H 1
| /* end confdefs.h.  */
| #include <stdio.h>
| #ifdef HAVE_SYS_TYPES_H
| # include <sys/types.h>
| #endif
| #ifdef HAVE_SYS_STAT_H
| # include <sys/stat.h>
| #endif
| #ifdef STDC_HEADERS
| # include <stdlib.h>
| # include <stddef.h>
| #else
| # ifdef HAVE_STDLIB_H
| #  include <stdlib.h>
| # endif
| #endif
| #ifdef HAVE_STRING_H
| # if !defined STDC_HEADERS && defined HAVE_MEMORY_H
| #  include <memory.h>
| # endif
| # include <string.h>
| #endif
| #ifdef HAVE_STRINGS_H
| # include <strings.h>
| #endif
| #ifdef HAVE_INTTYPES_H
| # include <inttypes.h>
| #endif
| #ifdef HAVE_STDINT_H
| # include <stdint.h>
| #endif
| #ifdef HAVE_UNISTD_H
| # include <unistd.h>
| #endif
| int
| main ()
| {
| if (sizeof ((size_t)))
| 	    return 0;
|   ;
|   return 0;
| }
configure:11388: result: yes
configure:11403: checking for stdlib.h
configure:11403: result: yes
configure:11413: checking for GNU libc compatible malloc
configure:11437: gcc -o conftest -g -O2   conftest.c  >&5
configure:11437: $? = 0
configure:11437: ./conftest
configure:11437: $? = 0
configure:11447: result: yes
configure:11470: checking for stdlib.h
configure:11470: result: yes
configure:11480: checking for GNU libc compatible realloc
configure:11504: gcc -o conftest -g -O2   conftest.c  >&5
configure:11504: $? = 0
configure:11504: ./conftest
configure:11504: $? = 0
configure:11514: result: yes
configure:11538: checking for bzero
configure:11538: gcc -o conftest -g -O2   conftest.c  >&5
conftest.c:57:6: warning: conflicting types for built-in function 'bzero' [enabled by default]
configure:11538: $? = 0
configure:11538: result: yes
configure:11538: checking for gethostbyname
configure:11538: gcc -o conftest -g -O2   conftest.c  >&5
configure:11538: $? = 0
configure:11538: result: yes
configure:11538: checking for memset
configure:11538: gcc -o conftest -g -O2   conftest.c  >&5
conftest.c:59:6: warning: conflicting types for built-in function 'memset' [enabled by default]
configure:11538: $? = 0
configure:11538: result: yes
configure:11538: checking for select
configure:11538: gcc -o conftest -g -O2   conftest.c  >&5
configure:11538: $? = 0
configure:11538: result: yes
configure:11538: checking for socket
configure:11538: gcc -o conftest -g -O2   conftest.c  >&5
configure:11538: $? = 0
configure:11538: result: yes
configure:11538: checking for strdup
configure:11538: gcc -o conftest -g -O2   conftest.c  >&5
conftest.c:62:6: warning: conflicting types for built-in function 'strdup' [enabled by default]
configure:11538: $? = 0
configure:11538: result: yes
configure:11538: checking for strstr
configure:11538: gcc -o conftest -g -O2   conftest.c  >&5
conftest.c:63:6: warning: conflicting types for built-in function 'strstr' [enabled by default]
configure:11538: $? = 0
configure:11538: result: yes
configure:11606: checking for libcurl
configure:11609: result: yes
configure:11680: checking for libjansson
configure:11683: result: yes
configure:11829: creating ./config.status

## ---------------------- ##
## Running config.status. ##
## ---------------------- ##

This file was extended by libcellophane config.status version-0.1, which was
generated by GNU Autoconf 2.69.  Invocation command line was

  CONFIG_FILES    = 
  CONFIG_HEADERS  = 
  CONFIG_LINKS    = 
  CONFIG_COMMANDS = 
  $ ./config.status 

on debian-7

config.status:1100: creating Makefile
config.status:1100: creating include/Makefile
config.status:1100: creating config.h
config.status:1281: config.h is unchanged
config.status:1329: executing depfiles commands
config.status:1329: executing libtool commands

## ---------------- ##
## Cache variables. ##
## ---------------- ##

ac_cv_build=x86_64-unknown-linux-gnu
ac_cv_c_compiler_gnu=yes
ac_cv_env_CC_set=
ac_cv_env_CC_value=
ac_cv_env_CFLAGS_set=
ac_cv_env_CFLAGS_value=
ac_cv_env_CPPFLAGS_set=
ac_cv_env_CPPFLAGS_value=
ac_cv_env_CPP_set=
ac_cv_env_CPP_value=
ac_cv_env_LDFLAGS_set=
ac_cv_env_LDFLAGS_value=
ac_cv_env_LIBS_set=
ac_cv_env_LIBS_value=
ac_cv_env_build_alias_set=
ac_cv_env_build_alias_value=
ac_cv_env_host_alias_set=
ac_cv_env_host_alias_value=
ac_cv_env_target_alias_set=
ac_cv_env_target_alias_value=
ac_cv_func_bzero=yes
ac_cv_func_gethostbyname=yes
ac_cv_func_malloc_0_nonnull=yes
ac_cv_func_memset=yes
ac_cv_func_realloc_0_nonnull=yes
ac_cv_func_select=yes
ac_cv_func_socket=yes
ac_cv_func_strdup=yes
ac_cv_func_strstr=yes
ac_cv_header_dlfcn_h=yes
ac_cv_header_inttypes_h=yes
ac_cv_header_memory_h=yes
ac_cv_header_netdb_h=yes
ac_cv_header_netinet_in_h=yes
ac_cv_header_stdc=yes
ac_cv_header_stdint_h=yes
ac_cv_header_stdlib_h=yes
ac_cv_header_string_h=yes
ac_cv_header_strings_h=yes
ac_cv_header_sys_socket_h=yes
ac_cv_header_sys_stat_h=yes
ac_cv_header_sys_types_h=yes
ac_cv_header_unistd_h=yes
ac_cv_header_wchar_h=yes
ac_cv_host=x86_64-unknown-linux-gnu
ac_cv_objext=o
ac_cv_path_EGREP='/bin/grep -E'
ac_cv_path_FGREP='/bin/grep -F'
ac_cv_path_GREP=/bin/grep
ac_cv_path_SED=/bin/sed
ac_cv_path_install='/usr/bin/install -c'
ac_cv_path_mkdir=/bin/mkdir
ac_cv_prog_AWK=mawk
ac_cv_prog_CPP='gcc -E'
ac_cv_prog_ac_ct_AR=ar
ac_cv_prog_ac_ct_CC=gcc
ac_cv_prog_ac_ct_MANIFEST_TOOL=mt
ac_cv_prog_ac_ct_OBJDUMP=objdump
ac_cv_prog_ac_ct_RANLIB=ranlib
ac_cv_prog_ac_ct_STRIP=strip
ac_cv_prog_cc_c89=
ac_cv_prog_cc_g=yes
ac_cv_prog_make_make_set=yes
ac_cv_type_size_t=yes
am_cv_CC_dependencies_compiler_type=gcc3
lt_cv_ar_at_file=@
lt_cv_archive_cmds_need_lc=no
lt_cv_deplibs_check_method=pass_all
lt_cv_file_magic_cmd='$MAGIC_CMD'
lt_cv_file_magic_test_file=
lt_cv_ld_reload_flag=-r
lt_cv_nm_interface='BSD nm'
lt_cv_objdir=.libs
lt_cv_path_LD=/usr/bin/ld
lt_cv_path_NM='/usr/bin/nm -B'
lt_cv_path_mainfest_tool=no
lt_cv_prog_compiler_c_o=yes
lt_cv_prog_compiler_pic='-fPIC -DPIC'
lt_cv_prog_compiler_pic_works=yes
lt_cv_prog_compiler_rtti_exceptions=no
lt_cv_prog_compiler_static_works=yes
lt_cv_prog_gnu_ld=yes
lt_cv_sharedlib_from_linklib_cmd='printf %s\n'
lt_cv_shlibpath_overrides_runpath=no
lt_cv_sys_global_symbol_pipe='sed -n -e '\''s/^.*[	 ]\([ABCDGIRSTW][ABCDGIRSTW]*\)[	 ][	 ]*\([_A-Za-z][_A-Za-z0-9]*\)$/\1 \2 \2/p'\'' | sed '\''/ __gnu_lto/d'\'''
lt_cv_sys_global_symbol_to_c_name_address='sed -n -e '\''s/^: \([^ ]*\)[ ]*$/  {\"\1\", (void *) 0},/p'\'' -e '\''s/^[ABCDGIRSTW]* \([^ ]*\) \([^ ]*\)$/  {"\2", (void *) \&\2},/p'\'''
lt_cv_sys_global_symbol_to_c_name_address_lib_prefix='sed -n -e '\''s/^: \([^ ]*\)[ ]*$/  {\"\1\", (void *) 0},/p'\'' -e '\''s/^[ABCDGIRSTW]* \([^ ]*\) \(lib[^ ]*\)$/  {"\2", (void *) \&\2},/p'\'' -e '\''s/^[ABCDGIRSTW]* \([^ ]*\) \([^ ]*\)$/  {"lib\2", (void *) \&\2},/p'\'''
lt_cv_sys_global_symbol_to_cdecl='sed -n -e '\''s/^T .* \(.*\)$/extern int \1();/p'\'' -e '\''s/^[ABCDGIRSTW]* .* \(.*\)$/extern char \1;/p'\'''
lt_cv_sys_max_cmd_len=3458764513820540925
lt_cv_to_host_file_cmd=func_convert_file_noop
lt_cv_to_tool_file_cmd=func_convert_file_noop

## ----------------- ##
## Output variables. ##
## ----------------- ##

ACLOCAL='${SHELL} /home/vagrant/toolkit/lors-0.82.1/libcellophane/config/missing --run aclocal-1.11'
AMDEPBACKSLASH='\'
AMDEP_FALSE='#'
AMDEP_TRUE=''
AMTAR='$${TAR-tar}'
AR='ar'
AUTOCONF='${SHELL} /home/vagrant/toolkit/lors-0.82.1/libcellophane/config/missing --run autoconf'
AUTOHEADER='${SHELL} /home/vagrant/toolkit/lors-0.82.1/libcellophane/config/missing --run autoheader'
AUTOMAKE='${SHELL} /home/vagrant/toolkit/lors-0.82.1/libcellophane/config/missing --run automake-1.11'
AWK='mawk'
CC='gcc'
CCDEPMODE='depmode=gcc3'
CFLAGS='-g -O2'
CLEANFILES='*~ .\#*'
CPP='gcc -E'
CPPFLAGS=''
CYGPATH_W='echo'
DEFS='-DHAVE_CONFIG_H'
DEPDIR='.deps'
DLLTOOL='false'
DSYMUTIL=''
DUMPBIN=''
ECHO_C=''
ECHO_N='-n'
ECHO_T=''
EGREP='/bin/grep -E'
EXEEXT=''
FGREP='/bin/grep -F'
GREP='/bin/grep'
INSTALL_DATA='${INSTALL} -m 644'
INSTALL_PROGRAM='${INSTALL}'
INSTALL_SCRIPT='${INSTALL}'
INSTALL_STRIP_PROGRAM='$(install_sh) -c -s'
LD='/usr/bin/ld -m elf_x86_64'
LDFLAGS=''
LIBCURL_INC='-I/usr/local/include'
LIBCURL_LIB='-L/usr/local/lib -lcurl'
LIBJANSSON_INC='-I/home/vagrant/usr/include'
LIBJANSSON_LIB='-L/home/vagrant/usr/lib -ljansson'
LIBOBJS=''
LIBS=''
LIBTOOL='$(SHELL) $(top_builddir)/libtool'
LIPO=''
LN_S='ln -s'
LTLIBOBJS=''
MAKEINFO='${SHELL} /home/vagrant/toolkit/lors-0.82.1/libcellophane/config/missing --run makeinfo'
MANIFEST_TOOL=':'
MKDIR_P='/bin/mkdir -p'
NM='/usr/bin/nm -B'
NMEDIT=''
OBJDUMP='objdump'
OBJEXT='o'
OTOOL64=''
OTOOL=''
PACKAGE='libcellophane'
PACKAGE_BUGREPORT='adorwat@indiana.edu'
PACKAGE_NAME='libcellophane'
PACKAGE_STRING='libcellophane version-0.1'
PACKAGE_TARNAME='libcellophane'
PACKAGE_URL=''
PACKAGE_VERSION='version-0.1'
PATH_SEPARATOR=':'
RANLIB='ranlib'
SED='/bin/sed'
SET_MAKE=''
SHELL='/bin/bash'
STRIP='strip'
VERSION='version-0.1'
ac_ct_AR='ar'
ac_ct_CC='gcc'
ac_ct_DUMPBIN=''
am__EXEEXT_FALSE=''
am__EXEEXT_TRUE='#'
am__fastdepCC_FALSE='#'
am__fastdepCC_TRUE=''
am__include='include'
am__isrc=''
am__leading_dot='.'
am__nodep='_no'
am__quote=''
am__tar='$${TAR-tar} chof - "$$tardir"'
am__untar='$${TAR-tar} xf -'
bindir='${exec_prefix}/bin'
build='x86_64-unknown-linux-gnu'
build_alias=''
build_cpu='x86_64'
build_os='linux-gnu'
build_vendor='unknown'
datadir='${datarootdir}'
datarootdir='${prefix}/share'
docdir='${datarootdir}/doc/${PACKAGE_TARNAME}'
dvidir='${docdir}'
exec_prefix='${prefix}'
host='x86_64-unknown-linux-gnu'
host_alias=''
host_cpu='x86_64'
host_os='linux-gnu'
host_vendor='unknown'
htmldir='${docdir}'
includedir='${prefix}/include'
infodir='${datarootdir}/info'
install_sh='${SHELL} /home/vagrant/toolkit/lors-0.82.1/libcellophane/config/install-sh'
libdir='${exec_prefix}/lib'
libexecdir='${exec_prefix}/libexec'
localedir='${datarootdir}/locale'
localstatedir='${prefix}/var'
mandir='${datarootdir}/man'
mkdir_p='/bin/mkdir -p'
oldincludedir='/usr/include'
pdfdir='${docdir}'
prefix='/home/vagrant/usr'
program_transform_name='s,x,x,'
psdir='${docdir}'
sbindir='${exec_prefix}/sbin'
sharedstatedir='${prefix}/com'
sysconfdir='${prefix}/etc'
target_alias=''

## ----------- ##
## confdefs.h. ##
## ----------- ##

/* confdefs.h */
#define PACKAGE_NAME "libcellophane"
#define PACKAGE_TARNAME "libcellophane"
#define PACKAGE_VERSION "version-0.1"
#define PACKAGE_STRING "libcellophane version-0.1"
#define PACKAGE_BUGREPORT "adorwat@indiana.edu"
#define PACKAGE_URL ""
#define PACKAGE "libcellophane"
#define VERSION "version-0.1"
#define STDC_HEADERS 1
#define HAVE_SYS_TYPES_H 1
#define HAVE_SYS_STAT_H 1
#define HAVE_STDLIB_H 1
#define HAVE_STRING_H 1
#define HAVE_MEMORY_H 1
#define HAVE_STRINGS_H 1
#define HAVE_INTTYPES_H 1
#define HAVE_STDINT_H 1
#define HAVE_UNISTD_H 1
#define HAVE_DLFCN_H 1
#define LT_OBJDIR ".libs/"
#define HAVE_NETDB_H 1
#define HAVE_NETINET_IN_H 1
#define HAVE_STDLIB_H 1
#define HAVE_STRING_H 1
#define HAVE_SYS_SOCKET_H 1
#define HAVE_UNISTD_H 1
#define HAVE_WCHAR_H 1
#define HAVE_STDLIB_H 1
#define HAVE_MALLOC 1
#define HAVE_STDLIB_H 1
#define HAVE_REALLOC 1
#define HAVE_BZERO 1
#define HAVE_GETHOSTBYNAME 1
#define HAVE_MEMSET 1
#define HAVE_SELECT 1
#define HAVE_SOCKET 1
#define HAVE_STRDUP 1
#define HAVE_STRSTR 1

configure: exit 0
