This file contains any messages produced by compilers while
running configure, to aid debugging if configure makes a mistake.

It was created by configure, which was
generated by GNU Autoconf 2.59.  Invocation command line was

  $ ./configure --prefix=/export/ibpadmin/cvsLoDN2/LoDN/warmer/libexnode/local --with-libfdr=../fdr/local --no-create --no-recursion

## --------- ##
## Platform. ##
## --------- ##

hostname = promise
uname -m = i686
uname -r = 2.6.8-2-686-smp
uname -s = Linux
uname -v = #1 SMP Tue Aug 16 12:08:30 UTC 2005

/usr/bin/uname -p = unknown
/bin/uname -X     = unknown

/bin/arch              = i686
/usr/bin/arch -k       = unknown
/usr/convex/getsysinfo = unknown
hostinfo               = unknown
/bin/machine           = unknown
/usr/bin/oslevel       = unknown
/bin/universe          = unknown

PATH: /usr/local/bin
PATH: /usr/local/sbin
PATH: /usr/X11R6/bin
PATH: /usr/bin
PATH: /usr/sbin
PATH: /bin
PATH: /sbin
PATH: /usr/local/matlab/bin
PATH: /usr/local/tetex/bin
PATH: /usr/local/jre/bin
PATH: /home/ibpadmin/bin


## ----------- ##
## Core tests. ##
## ----------- ##

configure:1307: checking for a BSD-compatible install
configure:1362: result: /usr/local/bin/install -c
configure:1373: checking whether build environment is sane
configure:1416: result: yes
configure:1481: checking for gawk
configure:1497: found /usr/local/bin/gawk
configure:1507: result: gawk
configure:1517: checking whether make sets $(MAKE)
configure:1537: result: yes
configure:1754: checking for gcc
configure:1770: found /usr/local/bin/gcc
configure:1780: result: gcc
configure:2024: checking for C compiler version
configure:2027: gcc --version </dev/null >&5
gcc (GCC) 3.4.4
Copyright (C) 2004 Free Software Foundation, Inc.
This is free software; see the source for copying conditions.  There is NO
warranty; not even for MERCHANTABILITY or FITNESS FOR A PARTICULAR PURPOSE.

configure:2030: $? = 0
configure:2032: gcc -v </dev/null >&5
Reading specs from /pkgs/gcc-3.4.4/lib/gcc/i686-pc-linux-gnu/3.4.4/specs
Configured with: /export/src/gcc-3.4.4/configure --enable-threads --prefix=/pkgs/gcc-3.4.4 --enable-shared --enable-languages=c,c++,f77,objc
Thread model: posix
gcc version 3.4.4
configure:2035: $? = 0
configure:2037: gcc -V </dev/null >&5
gcc: `-V' option must have argument
configure:2040: $? = 1
configure:2063: checking for C compiler default output file name
configure:2066: gcc    conftest.c  >&5
configure:2069: $? = 0
configure:2115: result: a.out
configure:2120: checking whether the C compiler works
configure:2126: ./a.out
configure:2129: $? = 0
configure:2146: result: yes
configure:2153: checking whether we are cross compiling
configure:2155: result: no
configure:2158: checking for suffix of executables
configure:2160: gcc -o conftest    conftest.c  >&5
configure:2163: $? = 0
configure:2188: result: 
configure:2194: checking for suffix of object files
configure:2215: gcc -c   conftest.c >&5
configure:2218: $? = 0
configure:2240: result: o
configure:2244: checking whether we are using the GNU C compiler
configure:2268: gcc -c   conftest.c >&5
configure:2274: $? = 0
configure:2278: test -z 
			 || test ! -s conftest.err
configure:2281: $? = 0
configure:2284: test -s conftest.o
configure:2287: $? = 0
configure:2300: result: yes
configure:2306: checking whether gcc accepts -g
configure:2327: gcc -c -g  conftest.c >&5
configure:2333: $? = 0
configure:2337: test -z 
			 || test ! -s conftest.err
configure:2340: $? = 0
configure:2343: test -s conftest.o
configure:2346: $? = 0
configure:2357: result: yes
configure:2374: checking for gcc option to accept ANSI C
configure:2444: gcc  -c -g -O2  conftest.c >&5
configure:2450: $? = 0
configure:2454: test -z 
			 || test ! -s conftest.err
configure:2457: $? = 0
configure:2460: test -s conftest.o
configure:2463: $? = 0
configure:2481: result: none needed
configure:2499: gcc -c -g -O2  conftest.c >&5
conftest.c:2: error: parse error before "me"
configure:2505: $? = 1
configure: failed program was:
| #ifndef __cplusplus
|   choke me
| #endif
configure:2649: checking for style of include used by make
configure:2677: result: GNU
configure:2705: checking dependency style of gcc
configure:2795: result: gcc3
configure:2853: checking for ranlib
configure:2869: found /usr/local/bin/ranlib
configure:2880: result: ranlib
configure:2892: checking whether make sets $(MAKE)
configure:2912: result: yes
configure:2924: checking for xmlNewDocNode in -lxml2
configure:2954: gcc -o conftest -g -O2   conftest.c -lxml2   >&5
configure:2960: $? = 0
configure:2964: test -z 
			 || test ! -s conftest.err
configure:2967: $? = 0
configure:2970: test -s conftest
configure:2973: $? = 0
configure:2986: result: yes
configure:3006: checking how to run the C preprocessor
configure:3041: gcc -E  conftest.c
configure:3047: $? = 0
configure:3079: gcc -E  conftest.c
conftest.c:12:28: ac_nonexistent.h: No such file or directory
configure:3085: $? = 1
configure: failed program was:
| /* confdefs.h.  */
| 
| #define PACKAGE_NAME ""
| #define PACKAGE_TARNAME ""
| #define PACKAGE_VERSION ""
| #define PACKAGE_STRING ""
| #define PACKAGE_BUGREPORT ""
| #define PACKAGE "libexnode"
| #define VERSION "0.6.5"
| #define HAVE_LIBXML2 1
| /* end confdefs.h.  */
| #include <ac_nonexistent.h>
configure:3124: result: gcc -E
configure:3148: gcc -E  conftest.c
configure:3154: $? = 0
configure:3186: gcc -E  conftest.c
conftest.c:12:28: ac_nonexistent.h: No such file or directory
configure:3192: $? = 1
configure: failed program was:
| /* confdefs.h.  */
| 
| #define PACKAGE_NAME ""
| #define PACKAGE_TARNAME ""
| #define PACKAGE_VERSION ""
| #define PACKAGE_STRING ""
| #define PACKAGE_BUGREPORT ""
| #define PACKAGE "libexnode"
| #define VERSION "0.6.5"
| #define HAVE_LIBXML2 1
| /* end confdefs.h.  */
| #include <ac_nonexistent.h>
configure:3236: checking for egrep
configure:3246: result: grep -E
configure:3251: checking for ANSI C header files
configure:3276: gcc -c -g -O2  conftest.c >&5
configure:3282: $? = 0
configure:3286: test -z 
			 || test ! -s conftest.err
configure:3289: $? = 0
configure:3292: test -s conftest.o
configure:3295: $? = 0
configure:3381: gcc -o conftest -g -O2   conftest.c -lxml2  >&5
configure:3384: $? = 0
configure:3386: ./conftest
configure:3389: $? = 0
configure:3404: result: yes
configure:3447: checking for xml2-config
configure:3465: found /usr/local/bin/xml2-config
configure:3478: result: /usr/local/bin/xml2-config
configure:3523: checking for strdup
configure:3580: gcc -o conftest -g -O2   conftest.c -lxml2  >&5
conftest.c:37: warning: conflicting types for built-in function 'strdup'
configure:3586: $? = 0
configure:3590: test -z 
			 || test ! -s conftest.err
configure:3593: $? = 0
configure:3596: test -s conftest
configure:3599: $? = 0
configure:3611: result: yes
configure:3523: checking for strtod
configure:3580: gcc -o conftest -g -O2   conftest.c -lxml2  >&5
configure:3586: $? = 0
configure:3590: test -z 
			 || test ! -s conftest.err
configure:3593: $? = 0
configure:3596: test -s conftest
configure:3599: $? = 0
configure:3611: result: yes
configure:3523: checking for strtoul
configure:3580: gcc -o conftest -g -O2   conftest.c -lxml2  >&5
configure:3586: $? = 0
configure:3590: test -z 
			 || test ! -s conftest.err
configure:3593: $? = 0
configure:3596: test -s conftest
configure:3599: $? = 0
configure:3611: result: yes
configure:3763: creating ./config.status

## ---------------- ##
## Cache variables. ##
## ---------------- ##

ac_cv_c_compiler_gnu=yes
ac_cv_env_CC_set=
ac_cv_env_CC_value=
ac_cv_env_CFLAGS_set=
ac_cv_env_CFLAGS_value=
ac_cv_env_CPPFLAGS_set=
ac_cv_env_CPPFLAGS_value=
ac_cv_env_CPP_set=
ac_cv_env_CPP_value=
ac_cv_env_LDFLAGS_set=
ac_cv_env_LDFLAGS_value=
ac_cv_env_build_alias_set=
ac_cv_env_build_alias_value=
ac_cv_env_host_alias_set=
ac_cv_env_host_alias_value=
ac_cv_env_target_alias_set=
ac_cv_env_target_alias_value=
ac_cv_exeext=
ac_cv_func_strdup=yes
ac_cv_func_strtod=yes
ac_cv_func_strtoul=yes
ac_cv_header_stdc=yes
ac_cv_lib_xml2_xmlNewDocNode=yes
ac_cv_objext=o
ac_cv_path_XML_CONFIG=/usr/local/bin/xml2-config
ac_cv_path_install='/usr/local/bin/install -c'
ac_cv_prog_AWK=gawk
ac_cv_prog_CPP='gcc -E'
ac_cv_prog_ac_ct_CC=gcc
ac_cv_prog_ac_ct_RANLIB=ranlib
ac_cv_prog_cc_g=yes
ac_cv_prog_cc_stdc=
ac_cv_prog_egrep='grep -E'
ac_cv_prog_make_make_set=yes
am_cv_CC_dependencies_compiler_type=gcc3

## ----------------- ##
## Output variables. ##
## ----------------- ##

ACLOCAL='/bin/sh /export/ibpadmin/cvsLoDN2/LoDN/warmer/libexnode/missing --run aclocal-1.9'
AMDEPBACKSLASH='\'
AMDEP_FALSE='#'
AMDEP_TRUE=''
AMTAR='${SHELL} /export/ibpadmin/cvsLoDN/LoDN/warmer/libexnode/missing --run tar'
AUTOCONF='${SHELL} /export/ibpadmin/cvsLoDN/LoDN/warmer/libexnode/missing --run autoconf'
AUTOHEADER='${SHELL} /export/ibpadmin/cvsLoDN/LoDN/warmer/libexnode/missing --run autoheader'
AUTOMAKE='${SHELL} /export/ibpadmin/cvsLoDN/LoDN/warmer/libexnode/missing --run automake-1.9'
AWK='gawk'
CC='gcc'
CCDEPMODE='depmode=gcc3'
CFLAGS='-g -O2'
CPP='gcc -E'
CPPFLAGS=''
CYGPATH_W='echo'
DEFS='-DPACKAGE_NAME=\"\" -DPACKAGE_TARNAME=\"\" -DPACKAGE_VERSION=\"\" -DPACKAGE_STRING=\"\" -DPACKAGE_BUGREPORT=\"\" -DPACKAGE=\"libexnode\" -DVERSION=\"0.6.5\" -DHAVE_LIBXML2=1 -DSTDC_HEADERS=1 -DHAVE_STRDUP=1 -DHAVE_STRTOD=1 -DHAVE_STRTOUL=1 '
DEPDIR='.deps'
ECHO_C=''
ECHO_N='-n'
ECHO_T=''
EGREP='grep -E'
EXEEXT=''
FDRDIR='../fdr/local'
FDRINC='-I$(FDRDIR)/include'
FDRLIB='-L$(FDRDIR)/lib'
INSTALL_DATA='${INSTALL} -m 644'
INSTALL_PROGRAM='${INSTALL}'
INSTALL_SCRIPT='${INSTALL}'
INSTALL_STRIP_PROGRAM='${SHELL} $(install_sh) -c -s'
LDFLAGS=''
LIBOBJS=''
LIBS='-lxml2 '
LTLIBOBJS=''
MAKEINFO='${SHELL} /export/ibpadmin/cvsLoDN/LoDN/warmer/libexnode/missing --run makeinfo'
OBJEXT='o'
PACKAGE='libexnode'
PACKAGE_BUGREPORT=''
PACKAGE_NAME=''
PACKAGE_STRING=''
PACKAGE_TARNAME=''
PACKAGE_VERSION=''
PATH_SEPARATOR=':'
RANLIB='ranlib'
SET_MAKE=''
SHELL='/bin/sh'
STRIP=''
VERSION='0.6.5'
XMLDIR=''
XMLINC='-I/pkgs/libxml2-2.6.19/include/libxml2'
XMLLIB='-L/pkgs/libxml2-2.6.19/lib -lxml2 -lz -lpthread -liconv -lm'
XML_CONFIG='/usr/local/bin/xml2-config'
ac_ct_CC='gcc'
ac_ct_RANLIB='ranlib'
ac_ct_STRIP=''
am__fastdepCC_FALSE='#'
am__fastdepCC_TRUE=''
am__include='include'
am__leading_dot='.'
am__quote=''
am__tar='${AMTAR} chof - "$$tardir"'
am__untar='${AMTAR} xf -'
bindir='${exec_prefix}/bin'
build_alias=''
datadir='${prefix}/share'
exec_prefix='${prefix}'
host_alias=''
includedir='${prefix}/include'
infodir='${prefix}/info'
install_sh='/export/ibpadmin/cvsLoDN/LoDN/warmer/libexnode/install-sh'
libdir='${exec_prefix}/lib'
libexecdir='${exec_prefix}/libexec'
localstatedir='${prefix}/var'
mandir='${prefix}/man'
mkdir_p='mkdir -p --'
oldincludedir='/usr/include'
prefix='/export/ibpadmin/cvsLoDN2/LoDN/warmer/libexnode/local'
program_transform_name='s,x,x,'
sbindir='${exec_prefix}/sbin'
sharedstatedir='${prefix}/com'
sysconfdir='${prefix}/etc'
target_alias=''

## ----------- ##
## confdefs.h. ##
## ----------- ##

#define HAVE_LIBXML2 1
#define HAVE_STRDUP 1
#define HAVE_STRTOD 1
#define HAVE_STRTOUL 1
#define PACKAGE "libexnode"
#define PACKAGE_BUGREPORT ""
#define PACKAGE_NAME ""
#define PACKAGE_STRING ""
#define PACKAGE_TARNAME ""
#define PACKAGE_VERSION ""
#define STDC_HEADERS 1
#define VERSION "0.6.5"

configure: exit 0

## ---------------------- ##
## Running config.status. ##
## ---------------------- ##

This file was extended by config.status, which was
generated by GNU Autoconf 2.59.  Invocation command line was

  CONFIG_FILES    = 
  CONFIG_HEADERS  = 
  CONFIG_LINKS    = 
  CONFIG_COMMANDS = 
  $ ./config.status 

on promise

config.status:692: creating Makefile
config.status:692: creating src/Makefile
config.status:692: creating include/Makefile
config.status:875: executing depfiles commands
