This file contains any messages produced by compilers while
running configure, to aid debugging if configure makes a mistake.

It was created by LoDN C Client configure 1.5.0.0a, which was
generated by GNU Autoconf 2.65.  Invocation command line was

  $ ./configure --prefix=/Users/brumgard/lodn1.5_client/src/lodn1.5_client/local CFLAGS=-I/sw/lors/include -I/sw/lors/include/lors -I/sw/protobuf-c/include/ -I/sw/protobuf/include -I/usr/include/libxml2 LDFLAGS=-L/sw/lors/lib -L/sw/protobuf-c/lib -L/sw/protobuf-2.0.3/lib -llors -lexnode -lend2end -llbone -laes -ldes -lmd5 -libp -lfdr -lxml2 -lprotobuf-c -lprotobuf --no-create --no-recursion

## --------- ##
## Platform. ##
## --------- ##

hostname = Christopher-Brumgards-MacBook-Pro-2.local
uname -m = i386
uname -r = 10.4.0
uname -s = Darwin
uname -v = Darwin Kernel Version 10.4.0: Fri Apr 23 18:28:53 PDT 2010; root:xnu-1504.7.4~1/RELEASE_I386

/usr/bin/uname -p = i386
/bin/uname -X     = unknown

/bin/arch              = unknown
/usr/bin/arch -k       = unknown
/usr/convex/getsysinfo = unknown
/usr/bin/hostinfo      = Mach kernel version:
	 Darwin Kernel Version 10.4.0: Fri Apr 23 18:28:53 PDT 2010; root:xnu-1504.7.4~1/RELEASE_I386
Kernel configured for up to 4 processors.
2 processors are physically available.
4 processors are logically available.
Processor type: i486 (Intel 80486)
Processors active: 0 1 2 3
Primary memory available: 8.00 gigabytes
Default processor set: 112 tasks, 452 threads, 4 processors
Load average: 0.60, Mach factor: 3.39
/bin/machine           = unknown
/usr/bin/oslevel       = unknown
/bin/universe          = unknown

PATH: /Users/sellers/bin/
PATH: /sw/lors/bin
PATH: /sw/ibp/bin
PATH: /opt/local/bin
PATH: /opt/local/sbin
PATH: /usr/local/bin
PATH: /System/Library/Frameworks/Python.framework/Versions/Current/bin
PATH: /Library/Frameworks/Python.framework/Versions/3.0/bin/
PATH: /usr/local/mysql/bin/
PATH: /Users/brumgard/.cabal/bin/
PATH: /Library/Frameworks/Python.framework/Versions/2.7/bin
PATH: /opt/local/bin
PATH: /opt/local/sbin
PATH: /usr/bin
PATH: /bin
PATH: /usr/sbin
PATH: /sbin
PATH: /usr/local/bin
PATH: /usr/X11/bin


## ----------- ##
## Core tests. ##
## ----------- ##

configure:2414: checking for gcc
configure:2430: found /usr/bin/gcc
configure:2441: result: gcc
configure:2670: checking for C compiler version
configure:2679: gcc --version >&5
i686-apple-darwin10-gcc-4.2.1 (GCC) 4.2.1 (Apple Inc. build 5664)
Copyright (C) 2007 Free Software Foundation, Inc.
This is free software; see the source for copying conditions.  There is NO
warranty; not even for MERCHANTABILITY or FITNESS FOR A PARTICULAR PURPOSE.

configure:2690: $? = 0
configure:2679: gcc -v >&5
Using built-in specs.
Target: i686-apple-darwin10
Configured with: /var/tmp/gcc/gcc-5664~38/src/configure --disable-checking --enable-werror --prefix=/usr --mandir=/share/man --enable-languages=c,objc,c++,obj-c++ --program-transform-name=/^[cg][^.-]*$/s/$/-4.2/ --with-slibdir=/usr/lib --build=i686-apple-darwin10 --program-prefix=i686-apple-darwin10- --host=x86_64-apple-darwin10 --target=i686-apple-darwin10 --with-gxx-include-dir=/include/c++/4.2.1
Thread model: posix
gcc version 4.2.1 (Apple Inc. build 5664)
configure:2690: $? = 0
configure:2679: gcc -V >&5
gcc-4.2: argument to `-V' is missing
configure:2690: $? = 1
configure:2679: gcc -qversion >&5
i686-apple-darwin10-gcc-4.2.1: no input files
configure:2690: $? = 1
configure:2710: checking whether the C compiler works
configure:2732: gcc -I/sw/lors/include -I/sw/lors/include/lors -I/sw/protobuf-c/include/ -I/sw/protobuf/include -I/usr/include/libxml2  -L/sw/lors/lib -L/sw/protobuf-c/lib -L/sw/protobuf-2.0.3/lib -llors -lexnode -lend2end -llbone -laes -ldes -lmd5 -libp -lfdr -lxml2 -lprotobuf-c -lprotobuf conftest.c  >&5
configure:2736: $? = 0
configure:2785: result: yes
configure:2788: checking for C compiler default output file name
configure:2790: result: a.out
configure:2796: checking for suffix of executables
configure:2803: gcc -o conftest -I/sw/lors/include -I/sw/lors/include/lors -I/sw/protobuf-c/include/ -I/sw/protobuf/include -I/usr/include/libxml2  -L/sw/lors/lib -L/sw/protobuf-c/lib -L/sw/protobuf-2.0.3/lib -llors -lexnode -lend2end -llbone -laes -ldes -lmd5 -libp -lfdr -lxml2 -lprotobuf-c -lprotobuf conftest.c  >&5
configure:2807: $? = 0
configure:2829: result: 
configure:2851: checking whether we are cross compiling
configure:2859: gcc -o conftest -I/sw/lors/include -I/sw/lors/include/lors -I/sw/protobuf-c/include/ -I/sw/protobuf/include -I/usr/include/libxml2  -L/sw/lors/lib -L/sw/protobuf-c/lib -L/sw/protobuf-2.0.3/lib -llors -lexnode -lend2end -llbone -laes -ldes -lmd5 -libp -lfdr -lxml2 -lprotobuf-c -lprotobuf conftest.c  >&5
configure:2863: $? = 0
configure:2870: ./conftest
configure:2874: $? = 0
configure:2889: result: no
configure:2894: checking for suffix of object files
configure:2916: gcc -c -I/sw/lors/include -I/sw/lors/include/lors -I/sw/protobuf-c/include/ -I/sw/protobuf/include -I/usr/include/libxml2  conftest.c >&5
configure:2920: $? = 0
configure:2941: result: o
configure:2945: checking whether we are using the GNU C compiler
configure:2964: gcc -c -I/sw/lors/include -I/sw/lors/include/lors -I/sw/protobuf-c/include/ -I/sw/protobuf/include -I/usr/include/libxml2  conftest.c >&5
configure:2964: $? = 0
configure:2973: result: yes
configure:2982: checking whether gcc accepts -g
configure:3002: gcc -c -g  conftest.c >&5
configure:3002: $? = 0
configure:3043: result: yes
configure:3060: checking for gcc option to accept ISO C89
configure:3124: gcc  -c -I/sw/lors/include -I/sw/lors/include/lors -I/sw/protobuf-c/include/ -I/sw/protobuf/include -I/usr/include/libxml2  conftest.c >&5
configure:3124: $? = 0
configure:3137: result: none needed
configure:3198: checking for a BSD-compatible install
configure:3266: result: /opt/local/bin/ginstall -c
configure:3277: checking whether build environment is sane
configure:3327: result: yes
configure:3468: checking for a thread-safe mkdir -p
configure:3507: result: /opt/local/bin/gmkdir -p
configure:3520: checking for gawk
configure:3550: result: no
configure:3520: checking for mawk
configure:3550: result: no
configure:3520: checking for nawk
configure:3550: result: no
configure:3520: checking for awk
configure:3536: found /usr/bin/awk
configure:3547: result: awk
configure:3558: checking whether make sets $(MAKE)
configure:3580: result: yes
configure:3610: checking for style of include used by make
configure:3638: result: GNU
configure:3723: checking dependency style of gcc
configure:3833: result: gcc3
configure:3878: checking build system type
configure:3892: result: x86_64-apple-darwin10.4.0
configure:3912: checking host system type
configure:3925: result: x86_64-apple-darwin10.4.0
configure:3945: checking for a sed that does not truncate output
configure:4009: result: /usr/bin/sed
configure:4027: checking for grep that handles long lines and -e
configure:4085: result: /usr/bin/grep
configure:4090: checking for egrep
configure:4152: result: /usr/bin/grep -E
configure:4157: checking for fgrep
configure:4219: result: /usr/bin/grep -F
configure:4254: checking for ld used by gcc
configure:4321: result: /usr/libexec/gcc/i686-apple-darwin10/4.2.1/ld
configure:4328: checking if the linker (/usr/libexec/gcc/i686-apple-darwin10/4.2.1/ld) is GNU ld
configure:4343: result: no
configure:4355: checking for BSD- or MS-compatible name lister (nm)
configure:4404: result: /usr/bin/nm
configure:4522: checking the name lister (/usr/bin/nm) interface
configure:4529: gcc -c -I/sw/lors/include -I/sw/lors/include/lors -I/sw/protobuf-c/include/ -I/sw/protobuf/include -I/usr/include/libxml2  conftest.c >&5
configure:4532: /usr/bin/nm "conftest.o"
configure:4535: output
0000000000000000 D _some_variable
configure:4542: result: BSD nm
configure:4545: checking whether ln -s works
configure:4549: result: yes
configure:4557: checking the maximum length of command line arguments
configure:4677: result: 196608
configure:4694: checking whether the shell understands some XSI constructs
configure:4704: result: yes
configure:4708: checking whether the shell understands "+="
configure:4714: result: yes
configure:4749: checking for /usr/libexec/gcc/i686-apple-darwin10/4.2.1/ld option to reload object files
configure:4756: result: -r
configure:4825: checking for objdump
configure:4855: result: no
configure:4884: checking how to recognize dependent libraries
configure:5080: result: pass_all
configure:5140: checking for ar
configure:5156: found /usr/bin/ar
configure:5167: result: ar
configure:5245: checking for strip
configure:5261: found /usr/bin/strip
configure:5272: result: strip
configure:5344: checking for ranlib
configure:5360: found /usr/bin/ranlib
configure:5371: result: ranlib
configure:5461: checking command to parse /usr/bin/nm output from gcc object
configure:5579: gcc -c -I/sw/lors/include -I/sw/lors/include/lors -I/sw/protobuf-c/include/ -I/sw/protobuf/include -I/usr/include/libxml2  conftest.c >&5
configure:5582: $? = 0
configure:5586: /usr/bin/nm conftest.o \| sed -n -e 's/^.*[	 ]\([BCDEGRST][BCDEGRST]*\)[	 ][	 ]*\([_A-Za-z][_A-Za-z0-9]*\)$/\1 \2 \2/p' \> conftest.nm
configure:5589: $? = 0
cannot find nm_test_var in conftest.nm
configure:5579: gcc -c -I/sw/lors/include -I/sw/lors/include/lors -I/sw/protobuf-c/include/ -I/sw/protobuf/include -I/usr/include/libxml2  conftest.c >&5
configure:5582: $? = 0
configure:5586: /usr/bin/nm conftest.o \| sed -n -e 's/^.*[	 ]\([BCDEGRST][BCDEGRST]*\)[	 ][	 ]*_\([_A-Za-z][_A-Za-z0-9]*\)$/\1 _\2 \2/p' \> conftest.nm
configure:5589: $? = 0
configure:5643: gcc -o conftest -I/sw/lors/include -I/sw/lors/include/lors -I/sw/protobuf-c/include/ -I/sw/protobuf/include -I/usr/include/libxml2  -L/sw/lors/lib -L/sw/protobuf-c/lib -L/sw/protobuf-2.0.3/lib -llors -lexnode -lend2end -llbone -laes -ldes -lmd5 -libp -lfdr -lxml2 -lprotobuf-c -lprotobuf conftest.c conftstm.o >&5
configure:5646: $? = 0
configure:5684: result: ok
configure:5949: checking for dsymutil
configure:5965: found /usr/bin/dsymutil
configure:5976: result: dsymutil
configure:6041: checking for nmedit
configure:6057: found /usr/bin/nmedit
configure:6068: result: nmedit
configure:6133: checking for lipo
configure:6149: found /usr/bin/lipo
configure:6160: result: lipo
configure:6225: checking for otool
configure:6241: found /usr/bin/otool
configure:6252: result: otool
configure:6317: checking for otool64
configure:6347: result: no
configure:6392: checking for -single_module linker flag
gcc -I/sw/lors/include -I/sw/lors/include/lors -I/sw/protobuf-c/include/ -I/sw/protobuf/include -I/usr/include/libxml2 -L/sw/lors/lib -L/sw/protobuf-c/lib -L/sw/protobuf-2.0.3/lib -llors -lexnode -lend2end -llbone -laes -ldes -lmd5 -libp -lfdr -lxml2 -lprotobuf-c -lprotobuf -o libconftest.dylib -dynamiclib -Wl,-single_module conftest.c
configure:6419: result: yes
configure:6421: checking for -exported_symbols_list linker flag
configure:6441: gcc -o conftest -I/sw/lors/include -I/sw/lors/include/lors -I/sw/protobuf-c/include/ -I/sw/protobuf/include -I/usr/include/libxml2  -L/sw/lors/lib -L/sw/protobuf-c/lib -L/sw/protobuf-2.0.3/lib -llors -lexnode -lend2end -llbone -laes -ldes -lmd5 -libp -lfdr -lxml2 -lprotobuf-c -lprotobuf -Wl,-exported_symbols_list,conftest.sym conftest.c  >&5
configure:6441: $? = 0
configure:6451: result: yes
configure:6493: checking how to run the C preprocessor
configure:6524: gcc -E  conftest.c
configure:6524: $? = 0
configure:6538: gcc -E  conftest.c
conftest.c:11:28: error: ac_nonexistent.h: No such file or directory
configure:6538: $? = 1
configure: failed program was:
| /* confdefs.h */
| #define PACKAGE_NAME "LoDN C Client"
| #define PACKAGE_TARNAME "lodn-c-client"
| #define PACKAGE_VERSION "1.5.0.0a"
| #define PACKAGE_STRING "LoDN C Client 1.5.0.0a"
| #define PACKAGE_BUGREPORT "sellers@cs.utk.edu"
| #define PACKAGE_URL ""
| #define PACKAGE "lodn-c-client"
| #define VERSION "1.5.0.0a"
| /* end confdefs.h.  */
| #include <ac_nonexistent.h>
configure:6563: result: gcc -E
configure:6583: gcc -E  conftest.c
configure:6583: $? = 0
configure:6597: gcc -E  conftest.c
conftest.c:11:28: error: ac_nonexistent.h: No such file or directory
configure:6597: $? = 1
configure: failed program was:
| /* confdefs.h */
| #define PACKAGE_NAME "LoDN C Client"
| #define PACKAGE_TARNAME "lodn-c-client"
| #define PACKAGE_VERSION "1.5.0.0a"
| #define PACKAGE_STRING "LoDN C Client 1.5.0.0a"
| #define PACKAGE_BUGREPORT "sellers@cs.utk.edu"
| #define PACKAGE_URL ""
| #define PACKAGE "lodn-c-client"
| #define VERSION "1.5.0.0a"
| /* end confdefs.h.  */
| #include <ac_nonexistent.h>
configure:6626: checking for ANSI C header files
configure:6646: gcc -c -I/sw/lors/include -I/sw/lors/include/lors -I/sw/protobuf-c/include/ -I/sw/protobuf/include -I/usr/include/libxml2  conftest.c >&5
configure:6646: $? = 0
configure:6719: gcc -o conftest -I/sw/lors/include -I/sw/lors/include/lors -I/sw/protobuf-c/include/ -I/sw/protobuf/include -I/usr/include/libxml2  -L/sw/lors/lib -L/sw/protobuf-c/lib -L/sw/protobuf-2.0.3/lib -llors -lexnode -lend2end -llbone -laes -ldes -lmd5 -libp -lfdr -lxml2 -lprotobuf-c -lprotobuf conftest.c  >&5
configure:6719: $? = 0
configure:6719: ./conftest
configure:6719: $? = 0
configure:6730: result: yes
configure:6743: checking for sys/types.h
configure:6743: gcc -c -I/sw/lors/include -I/sw/lors/include/lors -I/sw/protobuf-c/include/ -I/sw/protobuf/include -I/usr/include/libxml2  conftest.c >&5
configure:6743: $? = 0
configure:6743: result: yes
configure:6743: checking for sys/stat.h
configure:6743: gcc -c -I/sw/lors/include -I/sw/lors/include/lors -I/sw/protobuf-c/include/ -I/sw/protobuf/include -I/usr/include/libxml2  conftest.c >&5
configure:6743: $? = 0
configure:6743: result: yes
configure:6743: checking for stdlib.h
configure:6743: gcc -c -I/sw/lors/include -I/sw/lors/include/lors -I/sw/protobuf-c/include/ -I/sw/protobuf/include -I/usr/include/libxml2  conftest.c >&5
configure:6743: $? = 0
configure:6743: result: yes
configure:6743: checking for string.h
configure:6743: gcc -c -I/sw/lors/include -I/sw/lors/include/lors -I/sw/protobuf-c/include/ -I/sw/protobuf/include -I/usr/include/libxml2  conftest.c >&5
configure:6743: $? = 0
configure:6743: result: yes
configure:6743: checking for memory.h
configure:6743: gcc -c -I/sw/lors/include -I/sw/lors/include/lors -I/sw/protobuf-c/include/ -I/sw/protobuf/include -I/usr/include/libxml2  conftest.c >&5
configure:6743: $? = 0
configure:6743: result: yes
configure:6743: checking for strings.h
configure:6743: gcc -c -I/sw/lors/include -I/sw/lors/include/lors -I/sw/protobuf-c/include/ -I/sw/protobuf/include -I/usr/include/libxml2  conftest.c >&5
configure:6743: $? = 0
configure:6743: result: yes
configure:6743: checking for inttypes.h
configure:6743: gcc -c -I/sw/lors/include -I/sw/lors/include/lors -I/sw/protobuf-c/include/ -I/sw/protobuf/include -I/usr/include/libxml2  conftest.c >&5
configure:6743: $? = 0
configure:6743: result: yes
configure:6743: checking for stdint.h
configure:6743: gcc -c -I/sw/lors/include -I/sw/lors/include/lors -I/sw/protobuf-c/include/ -I/sw/protobuf/include -I/usr/include/libxml2  conftest.c >&5
configure:6743: $? = 0
configure:6743: result: yes
configure:6743: checking for unistd.h
configure:6743: gcc -c -I/sw/lors/include -I/sw/lors/include/lors -I/sw/protobuf-c/include/ -I/sw/protobuf/include -I/usr/include/libxml2  conftest.c >&5
configure:6743: $? = 0
configure:6743: result: yes
configure:6758: checking for dlfcn.h
configure:6758: gcc -c -I/sw/lors/include -I/sw/lors/include/lors -I/sw/protobuf-c/include/ -I/sw/protobuf/include -I/usr/include/libxml2  conftest.c >&5
configure:6758: $? = 0
configure:6758: result: yes
configure:6942: checking for objdir
configure:6957: result: .libs
configure:7249: checking if gcc supports -fno-rtti -fno-exceptions
configure:7267: gcc -c -I/sw/lors/include -I/sw/lors/include/lors -I/sw/protobuf-c/include/ -I/sw/protobuf/include -I/usr/include/libxml2  -fno-rtti -fno-exceptions conftest.c >&5
cc1: warning: command line option "-fno-rtti" is valid for C++/ObjC++ but not for C
configure:7271: $? = 0
configure:7284: result: no
configure:7304: checking for gcc option to produce PIC
configure:7576: result: -fno-common -DPIC
configure:7588: checking if gcc PIC flag -fno-common -DPIC works
configure:7606: gcc -c -I/sw/lors/include -I/sw/lors/include/lors -I/sw/protobuf-c/include/ -I/sw/protobuf/include -I/usr/include/libxml2  -fno-common -DPIC -DPIC conftest.c >&5
configure:7610: $? = 0
configure:7623: result: yes
configure:7647: checking if gcc static flag -static works
configure:7675: result: no
configure:7690: checking if gcc supports -c -o file.o
configure:7711: gcc -c -I/sw/lors/include -I/sw/lors/include/lors -I/sw/protobuf-c/include/ -I/sw/protobuf/include -I/usr/include/libxml2  -o out/conftest2.o conftest.c >&5
configure:7715: $? = 0
configure:7737: result: yes
configure:7745: checking if gcc supports -c -o file.o
configure:7792: result: yes
configure:7825: checking whether the gcc linker (/usr/libexec/gcc/i686-apple-darwin10/4.2.1/ld) supports shared libraries
configure:8811: result: yes
configure:9050: checking dynamic linker characteristics
configure:9701: result: darwin10.4.0 dyld
configure:9803: checking how to hardcode library paths into programs
configure:9828: result: immediate
configure:10348: checking whether stripping libraries is possible
configure:10362: result: yes
configure:10388: checking if libtool supports shared libraries
configure:10390: result: yes
configure:10393: checking whether to build shared libraries
configure:10414: result: yes
configure:10417: checking whether to build static libraries
configure:10421: result: yes
configure:10490: checking for pthread_mutex_init in -lpthread
configure:10515: gcc -o conftest -I/sw/lors/include -I/sw/lors/include/lors -I/sw/protobuf-c/include/ -I/sw/protobuf/include -I/usr/include/libxml2 -D_FILE_OFFSET_BITS=64 -D_LARGEFILE_SOURCE  -L/sw/lors/lib -L/sw/protobuf-c/lib -L/sw/protobuf-2.0.3/lib -llors -lexnode -lend2end -llbone -laes -ldes -lmd5 -libp -lfdr -lxml2 -lprotobuf-c -lprotobuf -lssl -lcrypto conftest.c -lpthread   >&5
configure:10515: $? = 0
configure:10524: result: yes
configure:10534: checking for ANSI C header files
configure:10638: result: yes
configure:10649: checking netdb.h usability
configure:10649: gcc -c -I/sw/lors/include -I/sw/lors/include/lors -I/sw/protobuf-c/include/ -I/sw/protobuf/include -I/usr/include/libxml2 -D_FILE_OFFSET_BITS=64 -D_LARGEFILE_SOURCE  conftest.c >&5
configure:10649: $? = 0
configure:10649: result: yes
configure:10649: checking netdb.h presence
configure:10649: gcc -E  conftest.c
configure:10649: $? = 0
configure:10649: result: yes
configure:10649: checking for netdb.h
configure:10649: result: yes
configure:10649: checking netinet/in.h usability
configure:10649: gcc -c -I/sw/lors/include -I/sw/lors/include/lors -I/sw/protobuf-c/include/ -I/sw/protobuf/include -I/usr/include/libxml2 -D_FILE_OFFSET_BITS=64 -D_LARGEFILE_SOURCE  conftest.c >&5
configure:10649: $? = 0
configure:10649: result: yes
configure:10649: checking netinet/in.h presence
configure:10649: gcc -E  conftest.c
configure:10649: $? = 0
configure:10649: result: yes
configure:10649: checking for netinet/in.h
configure:10649: result: yes
configure:10649: checking for stdlib.h
configure:10649: result: yes
configure:10649: checking for string.h
configure:10649: result: yes
configure:10649: checking sys/param.h usability
configure:10649: gcc -c -I/sw/lors/include -I/sw/lors/include/lors -I/sw/protobuf-c/include/ -I/sw/protobuf/include -I/usr/include/libxml2 -D_FILE_OFFSET_BITS=64 -D_LARGEFILE_SOURCE  conftest.c >&5
configure:10649: $? = 0
configure:10649: result: yes
configure:10649: checking sys/param.h presence
configure:10649: gcc -E  conftest.c
configure:10649: $? = 0
configure:10649: result: yes
configure:10649: checking for sys/param.h
configure:10649: result: yes
configure:10649: checking sys/socket.h usability
configure:10649: gcc -c -I/sw/lors/include -I/sw/lors/include/lors -I/sw/protobuf-c/include/ -I/sw/protobuf/include -I/usr/include/libxml2 -D_FILE_OFFSET_BITS=64 -D_LARGEFILE_SOURCE  conftest.c >&5
configure:10649: $? = 0
configure:10649: result: yes
configure:10649: checking sys/socket.h presence
configure:10649: gcc -E  conftest.c
configure:10649: $? = 0
configure:10649: result: yes
configure:10649: checking for sys/socket.h
configure:10649: result: yes
configure:10649: checking for unistd.h
configure:10649: result: yes
configure:10662: checking for size_t
configure:10662: gcc -c -I/sw/lors/include -I/sw/lors/include/lors -I/sw/protobuf-c/include/ -I/sw/protobuf/include -I/usr/include/libxml2 -D_FILE_OFFSET_BITS=64 -D_LARGEFILE_SOURCE  conftest.c >&5
configure:10662: $? = 0
configure:10662: gcc -c -I/sw/lors/include -I/sw/lors/include/lors -I/sw/protobuf-c/include/ -I/sw/protobuf/include -I/usr/include/libxml2 -D_FILE_OFFSET_BITS=64 -D_LARGEFILE_SOURCE  conftest.c >&5
conftest.c: In function 'main':
conftest.c:68: error: expected expression before ')' token
configure:10662: $? = 1
configure: failed program was:
| /* confdefs.h */
| #define PACKAGE_NAME "LoDN C Client"
| #define PACKAGE_TARNAME "lodn-c-client"
| #define PACKAGE_VERSION "1.5.0.0a"
| #define PACKAGE_STRING "LoDN C Client 1.5.0.0a"
| #define PACKAGE_BUGREPORT "sellers@cs.utk.edu"
| #define PACKAGE_URL ""
| #define PACKAGE "lodn-c-client"
| #define VERSION "1.5.0.0a"
| #define STDC_HEADERS 1
| #define HAVE_SYS_TYPES_H 1
| #define HAVE_SYS_STAT_H 1
| #define HAVE_STDLIB_H 1
| #define HAVE_STRING_H 1
| #define HAVE_MEMORY_H 1
| #define HAVE_STRINGS_H 1
| #define HAVE_INTTYPES_H 1
| #define HAVE_STDINT_H 1
| #define HAVE_UNISTD_H 1
| #define HAVE_DLFCN_H 1
| #define LT_OBJDIR ".libs/"
| #define USE_SSL /**/
| #define STDC_HEADERS 1
| #define HAVE_NETDB_H 1
| #define HAVE_NETINET_IN_H 1
| #define HAVE_STDLIB_H 1
| #define HAVE_STRING_H 1
| #define HAVE_SYS_PARAM_H 1
| #define HAVE_SYS_SOCKET_H 1
| #define HAVE_UNISTD_H 1
| /* end confdefs.h.  */
| #include <stdio.h>
| #ifdef HAVE_SYS_TYPES_H
| # include <sys/types.h>
| #endif
| #ifdef HAVE_SYS_STAT_H
| # include <sys/stat.h>
| #endif
| #ifdef STDC_HEADERS
| # include <stdlib.h>
| # include <stddef.h>
| #else
| # ifdef HAVE_STDLIB_H
| #  include <stdlib.h>
| # endif
| #endif
| #ifdef HAVE_STRING_H
| # if !defined STDC_HEADERS && defined HAVE_MEMORY_H
| #  include <memory.h>
| # endif
| # include <string.h>
| #endif
| #ifdef HAVE_STRINGS_H
| # include <strings.h>
| #endif
| #ifdef HAVE_INTTYPES_H
| # include <inttypes.h>
| #endif
| #ifdef HAVE_STDINT_H
| # include <stdint.h>
| #endif
| #ifdef HAVE_UNISTD_H
| # include <unistd.h>
| #endif
| int
| main ()
| {
| if (sizeof ((size_t)))
| 	    return 0;
|   ;
|   return 0;
| }
configure:10662: result: yes
configure:10677: checking for stdlib.h
configure:10677: result: yes
configure:10687: checking for GNU libc compatible malloc
configure:10711: gcc -o conftest -I/sw/lors/include -I/sw/lors/include/lors -I/sw/protobuf-c/include/ -I/sw/protobuf/include -I/usr/include/libxml2 -D_FILE_OFFSET_BITS=64 -D_LARGEFILE_SOURCE  -L/sw/lors/lib -L/sw/protobuf-c/lib -L/sw/protobuf-2.0.3/lib -llors -lexnode -lend2end -llbone -laes -ldes -lmd5 -libp -lfdr -lxml2 -lprotobuf-c -lprotobuf -lssl -lcrypto -lpthread conftest.c  >&5
configure:10711: $? = 0
configure:10711: ./conftest
configure:10711: $? = 0
configure:10721: result: yes
configure:10745: checking for socket
configure:10745: gcc -o conftest -I/sw/lors/include -I/sw/lors/include/lors -I/sw/protobuf-c/include/ -I/sw/protobuf/include -I/usr/include/libxml2 -D_FILE_OFFSET_BITS=64 -D_LARGEFILE_SOURCE  -L/sw/lors/lib -L/sw/protobuf-c/lib -L/sw/protobuf-2.0.3/lib -llors -lexnode -lend2end -llbone -laes -ldes -lmd5 -libp -lfdr -lxml2 -lprotobuf-c -lprotobuf -lssl -lcrypto -lpthread conftest.c  >&5
configure:10745: $? = 0
configure:10745: result: yes
configure:10745: checking for strdup
configure:10745: gcc -o conftest -I/sw/lors/include -I/sw/lors/include/lors -I/sw/protobuf-c/include/ -I/sw/protobuf/include -I/usr/include/libxml2 -D_FILE_OFFSET_BITS=64 -D_LARGEFILE_SOURCE  -L/sw/lors/lib -L/sw/protobuf-c/lib -L/sw/protobuf-2.0.3/lib -llors -lexnode -lend2end -llbone -laes -ldes -lmd5 -libp -lfdr -lxml2 -lprotobuf-c -lprotobuf -lssl -lcrypto -lpthread conftest.c  >&5
conftest.c:58: warning: conflicting types for built-in function 'strdup'
configure:10745: $? = 0
configure:10745: result: yes
configure:10880: creating ./config.status

## ---------------- ##
## Cache variables. ##
## ---------------- ##

ac_cv_build=x86_64-apple-darwin10.4.0
ac_cv_c_compiler_gnu=yes
ac_cv_env_CC_set=
ac_cv_env_CC_value=
ac_cv_env_CFLAGS_set=set
ac_cv_env_CFLAGS_value='-I/sw/lors/include -I/sw/lors/include/lors -I/sw/protobuf-c/include/ -I/sw/protobuf/include -I/usr/include/libxml2'
ac_cv_env_CPPFLAGS_set=
ac_cv_env_CPPFLAGS_value=
ac_cv_env_CPP_set=
ac_cv_env_CPP_value=
ac_cv_env_LDFLAGS_set=set
ac_cv_env_LDFLAGS_value='-L/sw/lors/lib -L/sw/protobuf-c/lib -L/sw/protobuf-2.0.3/lib -llors -lexnode -lend2end -llbone -laes -ldes -lmd5 -libp -lfdr -lxml2 -lprotobuf-c -lprotobuf'
ac_cv_env_LIBS_set=
ac_cv_env_LIBS_value=
ac_cv_env_build_alias_set=
ac_cv_env_build_alias_value=
ac_cv_env_host_alias_set=
ac_cv_env_host_alias_value=
ac_cv_env_target_alias_set=
ac_cv_env_target_alias_value=
ac_cv_func_malloc_0_nonnull=yes
ac_cv_func_socket=yes
ac_cv_func_strdup=yes
ac_cv_header_dlfcn_h=yes
ac_cv_header_inttypes_h=yes
ac_cv_header_memory_h=yes
ac_cv_header_netdb_h=yes
ac_cv_header_netinet_in_h=yes
ac_cv_header_stdc=yes
ac_cv_header_stdint_h=yes
ac_cv_header_stdlib_h=yes
ac_cv_header_string_h=yes
ac_cv_header_strings_h=yes
ac_cv_header_sys_param_h=yes
ac_cv_header_sys_socket_h=yes
ac_cv_header_sys_stat_h=yes
ac_cv_header_sys_types_h=yes
ac_cv_header_unistd_h=yes
ac_cv_host=x86_64-apple-darwin10.4.0
ac_cv_lib_pthread_pthread_mutex_init=yes
ac_cv_objext=o
ac_cv_path_EGREP='/usr/bin/grep -E'
ac_cv_path_FGREP='/usr/bin/grep -F'
ac_cv_path_GREP=/usr/bin/grep
ac_cv_path_SED=/usr/bin/sed
ac_cv_path_install='/opt/local/bin/ginstall -c'
ac_cv_path_mkdir=/opt/local/bin/gmkdir
ac_cv_prog_AWK=awk
ac_cv_prog_CPP='gcc -E'
ac_cv_prog_ac_ct_AR=ar
ac_cv_prog_ac_ct_CC=gcc
ac_cv_prog_ac_ct_DSYMUTIL=dsymutil
ac_cv_prog_ac_ct_LIPO=lipo
ac_cv_prog_ac_ct_NMEDIT=nmedit
ac_cv_prog_ac_ct_OTOOL=otool
ac_cv_prog_ac_ct_RANLIB=ranlib
ac_cv_prog_ac_ct_STRIP=strip
ac_cv_prog_cc_c89=
ac_cv_prog_cc_g=yes
ac_cv_prog_make_make_set=yes
ac_cv_type_size_t=yes
am_cv_CC_dependencies_compiler_type=gcc3
lt_cv_apple_cc_single_mod=yes
lt_cv_deplibs_check_method=pass_all
lt_cv_file_magic_cmd='$MAGIC_CMD'
lt_cv_file_magic_test_file=
lt_cv_ld_exported_symbols_list=yes
lt_cv_ld_reload_flag=-r
lt_cv_nm_interface='BSD nm'
lt_cv_objdir=.libs
lt_cv_path_LD=/usr/libexec/gcc/i686-apple-darwin10/4.2.1/ld
lt_cv_path_NM=/usr/bin/nm
lt_cv_prog_compiler_c_o=yes
lt_cv_prog_compiler_pic_works=yes
lt_cv_prog_compiler_rtti_exceptions=no
lt_cv_prog_compiler_static_works=no
lt_cv_prog_gnu_ld=no
lt_cv_sys_global_symbol_pipe='sed -n -e '\''s/^.*[	 ]\([BCDEGRST][BCDEGRST]*\)[	 ][	 ]*_\([_A-Za-z][_A-Za-z0-9]*\)$/\1 _\2 \2/p'\'''
lt_cv_sys_global_symbol_to_c_name_address='sed -n -e '\''s/^: \([^ ]*\) $/  {\"\1\", (void *) 0},/p'\'' -e '\''s/^[BCDEGRST]* \([^ ]*\) \([^ ]*\)$/  {"\2", (void *) \&\2},/p'\'''
lt_cv_sys_global_symbol_to_c_name_address_lib_prefix='sed -n -e '\''s/^: \([^ ]*\) $/  {\"\1\", (void *) 0},/p'\'' -e '\''s/^[BCDEGRST]* \([^ ]*\) \(lib[^ ]*\)$/  {"\2", (void *) \&\2},/p'\'' -e '\''s/^[BCDEGRST]* \([^ ]*\) \([^ ]*\)$/  {"lib\2", (void *) \&\2},/p'\'''
lt_cv_sys_global_symbol_to_cdecl='sed -n -e '\''s/^T .* \(.*\)$/extern int \1();/p'\'' -e '\''s/^[BCDEGRST]* .* \(.*\)$/extern char \1;/p'\'''
lt_cv_sys_max_cmd_len=196608

## ----------------- ##
## Output variables. ##
## ----------------- ##

ACLOCAL='${SHELL} /Users/brumgard/lodn1.5_client/src/lodn1.5_client/missing --run aclocal-1.11'
AMDEPBACKSLASH='\'
AMDEP_FALSE='#'
AMDEP_TRUE=''
AMTAR='${SHELL} /Users/brumgard/lodn1.5_client/src/lodn1.5_client/missing --run tar'
AR='ar'
AUTOCONF='${SHELL} /Users/brumgard/lodn1.5_client/src/lodn1.5_client/missing --run autoconf'
AUTOHEADER='${SHELL} /Users/brumgard/lodn1.5_client/src/lodn1.5_client/missing --run autoheader'
AUTOMAKE='${SHELL} /Users/brumgard/lodn1.5_client/src/lodn1.5_client/missing --run automake-1.11'
AWK='awk'
CC='gcc'
CCDEPMODE='depmode=gcc3'
CFLAGS='-I/sw/lors/include -I/sw/lors/include/lors -I/sw/protobuf-c/include/ -I/sw/protobuf/include -I/usr/include/libxml2 -D_FILE_OFFSET_BITS=64 -D_LARGEFILE_SOURCE'
CPP='gcc -E'
CPPFLAGS=''
CYGPATH_W='echo'
DEFS='-DHAVE_CONFIG_H'
DEPDIR='.deps'
DSYMUTIL='dsymutil'
DUMPBIN=''
ECHO_C='\c'
ECHO_N=''
ECHO_T=''
EGREP='/usr/bin/grep -E'
EXEEXT=''
FGREP='/usr/bin/grep -F'
GREP='/usr/bin/grep'
INSTALL_DATA='${INSTALL} -m 644'
INSTALL_PROGRAM='${INSTALL}'
INSTALL_SCRIPT='${INSTALL}'
INSTALL_STRIP_PROGRAM='$(install_sh) -c -s'
LD='/usr/libexec/gcc/i686-apple-darwin10/4.2.1/ld'
LDFLAGS='-L/sw/lors/lib -L/sw/protobuf-c/lib -L/sw/protobuf-2.0.3/lib -llors -lexnode -lend2end -llbone -laes -ldes -lmd5 -libp -lfdr -lxml2 -lprotobuf-c -lprotobuf -lssl -lcrypto -lpthread'
LIBOBJS=''
LIBS=''
LIBTOOL='$(SHELL) $(top_builddir)/libtool'
LIPO='lipo'
LN_S='ln -s'
LTLIBOBJS=''
MAKEINFO='${SHELL} /Users/brumgard/lodn1.5_client/src/lodn1.5_client/missing --run makeinfo'
MKDIR_P='/opt/local/bin/gmkdir -p'
NM='/usr/bin/nm'
NMEDIT='nmedit'
OBJDUMP='false'
OBJEXT='o'
OTOOL64=':'
OTOOL='otool'
PACKAGE='lodn-c-client'
PACKAGE_BUGREPORT='sellers@cs.utk.edu'
PACKAGE_NAME='LoDN C Client'
PACKAGE_STRING='LoDN C Client 1.5.0.0a'
PACKAGE_TARNAME='lodn-c-client'
PACKAGE_URL=''
PACKAGE_VERSION='1.5.0.0a'
PATH_SEPARATOR=':'
RANLIB='ranlib'
SED='/usr/bin/sed'
SET_MAKE=''
SHELL='/bin/sh'
SSL_FALSE='#'
SSL_TRUE=''
STRIP='strip'
VERSION='1.5.0.0a'
ac_ct_CC='gcc'
ac_ct_DUMPBIN=''
am__EXEEXT_FALSE=''
am__EXEEXT_TRUE='#'
am__fastdepCC_FALSE='#'
am__fastdepCC_TRUE=''
am__include='include'
am__isrc=''
am__leading_dot='.'
am__quote=''
am__tar='${AMTAR} chof - "$$tardir"'
am__untar='${AMTAR} xf -'
bindir='${exec_prefix}/bin'
build='x86_64-apple-darwin10.4.0'
build_alias=''
build_cpu='x86_64'
build_os='darwin10.4.0'
build_vendor='apple'
datadir='${datarootdir}'
datarootdir='${prefix}/share'
docdir='${datarootdir}/doc/${PACKAGE_TARNAME}'
dvidir='${docdir}'
exec_prefix='${prefix}'
host='x86_64-apple-darwin10.4.0'
host_alias=''
host_cpu='x86_64'
host_os='darwin10.4.0'
host_vendor='apple'
htmldir='${docdir}'
includedir='${prefix}/include'
infodir='${datarootdir}/info'
install_sh='${SHELL} /Users/brumgard/lodn1.5_client/src/lodn1.5_client/install-sh'
libdir='${exec_prefix}/lib'
libexecdir='${exec_prefix}/libexec'
localedir='${datarootdir}/locale'
localstatedir='${prefix}/var'
lt_ECHO='/bin/echo'
mandir='${datarootdir}/man'
mkdir_p='/opt/local/bin/gmkdir -p'
oldincludedir='/usr/include'
pdfdir='${docdir}'
prefix='/Users/brumgard/lodn1.5_client/src/lodn1.5_client/local'
program_transform_name='s,x,x,'
psdir='${docdir}'
sbindir='${exec_prefix}/sbin'
sharedstatedir='${prefix}/com'
sysconfdir='${prefix}/etc'
target_alias=''

## ----------- ##
## confdefs.h. ##
## ----------- ##

/* confdefs.h */
#define PACKAGE_NAME "LoDN C Client"
#define PACKAGE_TARNAME "lodn-c-client"
#define PACKAGE_VERSION "1.5.0.0a"
#define PACKAGE_STRING "LoDN C Client 1.5.0.0a"
#define PACKAGE_BUGREPORT "sellers@cs.utk.edu"
#define PACKAGE_URL ""
#define PACKAGE "lodn-c-client"
#define VERSION "1.5.0.0a"
#define STDC_HEADERS 1
#define HAVE_SYS_TYPES_H 1
#define HAVE_SYS_STAT_H 1
#define HAVE_STDLIB_H 1
#define HAVE_STRING_H 1
#define HAVE_MEMORY_H 1
#define HAVE_STRINGS_H 1
#define HAVE_INTTYPES_H 1
#define HAVE_STDINT_H 1
#define HAVE_UNISTD_H 1
#define HAVE_DLFCN_H 1
#define LT_OBJDIR ".libs/"
#define USE_SSL /**/
#define STDC_HEADERS 1
#define HAVE_NETDB_H 1
#define HAVE_NETINET_IN_H 1
#define HAVE_STDLIB_H 1
#define HAVE_STRING_H 1
#define HAVE_SYS_PARAM_H 1
#define HAVE_SYS_SOCKET_H 1
#define HAVE_UNISTD_H 1
#define HAVE_STDLIB_H 1
#define HAVE_MALLOC 1
#define HAVE_SOCKET 1
#define HAVE_STRDUP 1

configure: exit 0

## ---------------------- ##
## Running config.status. ##
## ---------------------- ##

This file was extended by LoDN C Client config.status 1.5.0.0a, which was
generated by GNU Autoconf 2.65.  Invocation command line was

  CONFIG_FILES    = 
  CONFIG_HEADERS  = 
  CONFIG_LINKS    = 
  CONFIG_COMMANDS = 
  $ ./config.status 

on Christopher-Brumgards-MacBook-Pro-2.local

config.status:1080: creating Makefile
config.status:1080: creating include/Makefile
config.status:1080: creating include/lodn_client/Makefile
config.status:1080: creating src/Makefile
config.status:1080: creating cmdtools/Makefile
config.status:1080: creating include/config.h
config.status:1252: include/config.h is unchanged
config.status:1300: executing depfiles commands
config.status:1300: executing libtool commands
