This file contains any messages produced by compilers while
running configure, to aid debugging if configure makes a mistake.

It was created by configure, which was
generated by GNU Autoconf 2.59.  Invocation command line was

  $ ./configure --prefix=/export/ibpadmin/cvsLoDN2/LoDN/warmer/lbone/local --with-libibp=../ibp/local/ --no-create --no-recursion

## --------- ##
## Platform. ##
## --------- ##

hostname = promise
uname -m = i686
uname -r = 2.6.8-2-686-smp
uname -s = Linux
uname -v = #1 SMP Tue Aug 16 12:08:30 UTC 2005

/usr/bin/uname -p = unknown
/bin/uname -X     = unknown

/bin/arch              = i686
/usr/bin/arch -k       = unknown
/usr/convex/getsysinfo = unknown
hostinfo               = unknown
/bin/machine           = unknown
/usr/bin/oslevel       = unknown
/bin/universe          = unknown

PATH: /usr/local/bin
PATH: /usr/local/sbin
PATH: /usr/X11R6/bin
PATH: /usr/bin
PATH: /usr/sbin
PATH: /bin
PATH: /sbin
PATH: /usr/local/matlab/bin
PATH: /usr/local/tetex/bin
PATH: /usr/local/jre/bin
PATH: /home/ibpadmin/bin


## ----------- ##
## Core tests. ##
## ----------- ##

configure:1345: checking build system type
configure:1363: result: i686-pc-linux-gnu
configure:1371: checking host system type
configure:1385: result: i686-pc-linux-gnu
configure:1393: checking target system type
configure:1407: result: i686-pc-linux-gnu
configure:1471: checking for a BSD-compatible install
configure:1526: result: /usr/local/bin/install -c
configure:1537: checking whether build environment is sane
configure:1580: result: yes
configure:1645: checking for gawk
configure:1661: found /usr/local/bin/gawk
configure:1671: result: gawk
configure:1681: checking whether make sets $(MAKE)
configure:1701: result: yes
configure:1874: checking for gawk
configure:1900: result: gawk
configure:1956: checking for gcc
configure:1972: found /usr/local/bin/gcc
configure:1982: result: gcc
configure:2226: checking for C compiler version
configure:2229: gcc --version </dev/null >&5
gcc (GCC) 3.4.4
Copyright (C) 2004 Free Software Foundation, Inc.
This is free software; see the source for copying conditions.  There is NO
warranty; not even for MERCHANTABILITY or FITNESS FOR A PARTICULAR PURPOSE.

configure:2232: $? = 0
configure:2234: gcc -v </dev/null >&5
Reading specs from /pkgs/gcc-3.4.4/lib/gcc/i686-pc-linux-gnu/3.4.4/specs
Configured with: /export/src/gcc-3.4.4/configure --enable-threads --prefix=/pkgs/gcc-3.4.4 --enable-shared --enable-languages=c,c++,f77,objc
Thread model: posix
gcc version 3.4.4
configure:2237: $? = 0
configure:2239: gcc -V </dev/null >&5
gcc: `-V' option must have argument
configure:2242: $? = 1
configure:2265: checking for C compiler default output file name
configure:2268: gcc    conftest.c  >&5
configure:2271: $? = 0
configure:2317: result: a.out
configure:2322: checking whether the C compiler works
configure:2328: ./a.out
configure:2331: $? = 0
configure:2348: result: yes
configure:2355: checking whether we are cross compiling
configure:2357: result: no
configure:2360: checking for suffix of executables
configure:2362: gcc -o conftest    conftest.c  >&5
configure:2365: $? = 0
configure:2390: result: 
configure:2396: checking for suffix of object files
configure:2417: gcc -c   conftest.c >&5
configure:2420: $? = 0
configure:2442: result: o
configure:2446: checking whether we are using the GNU C compiler
configure:2470: gcc -c   conftest.c >&5
configure:2476: $? = 0
configure:2480: test -z 
			 || test ! -s conftest.err
configure:2483: $? = 0
configure:2486: test -s conftest.o
configure:2489: $? = 0
configure:2502: result: yes
configure:2508: checking whether gcc accepts -g
configure:2529: gcc -c -g  conftest.c >&5
configure:2535: $? = 0
configure:2539: test -z 
			 || test ! -s conftest.err
configure:2542: $? = 0
configure:2545: test -s conftest.o
configure:2548: $? = 0
configure:2559: result: yes
configure:2576: checking for gcc option to accept ANSI C
configure:2646: gcc  -c -g -O2  conftest.c >&5
configure:2652: $? = 0
configure:2656: test -z 
			 || test ! -s conftest.err
configure:2659: $? = 0
configure:2662: test -s conftest.o
configure:2665: $? = 0
configure:2683: result: none needed
configure:2701: gcc -c -g -O2  conftest.c >&5
conftest.c:2: error: parse error before "me"
configure:2707: $? = 1
configure: failed program was:
| #ifndef __cplusplus
|   choke me
| #endif
configure:2851: checking for style of include used by make
configure:2879: result: GNU
configure:2907: checking dependency style of gcc
configure:2997: result: gcc3
configure:3027: checking for a BSD-compatible install
configure:3082: result: /usr/local/bin/install -c
configure:3093: checking whether ln -s works
configure:3097: result: yes
configure:3104: checking whether make sets $(MAKE)
configure:3124: result: yes
configure:3174: checking for ranlib
configure:3190: found /usr/local/bin/ranlib
configure:3201: result: ranlib
configure:3217: checking for ber_error_print in -llber
configure:3247: gcc -o conftest -g -O2   conftest.c -llber   >&5
configure:3253: $? = 0
configure:3257: test -z 
			 || test ! -s conftest.err
configure:3260: $? = 0
configure:3263: test -s conftest
configure:3266: $? = 0
configure:3279: result: yes
configure:3294: checking for ldap_init in -lldap
configure:3324: gcc -o conftest -g -O2   conftest.c -lldap  -llber  >&5
configure:3330: $? = 0
configure:3334: test -z 
			 || test ! -s conftest.err
configure:3337: $? = 0
configure:3340: test -s conftest
configure:3343: $? = 0
configure:3356: result: yes
configure:3371: checking for main in -lm
configure:3395: gcc -o conftest -g -O2   conftest.c -lm  -lldap -llber  >&5
configure:3401: $? = 0
configure:3405: test -z 
			 || test ! -s conftest.err
configure:3408: $? = 0
configure:3411: test -s conftest
configure:3414: $? = 0
configure:3427: result: yes
configure:3439: checking for main in -lnsl
configure:3463: gcc -o conftest -g -O2   conftest.c -lnsl  -lm -lldap -llber  >&5
configure:3469: $? = 0
configure:3473: test -z 
			 || test ! -s conftest.err
configure:3476: $? = 0
configure:3479: test -s conftest
configure:3482: $? = 0
configure:3495: result: yes
configure:3507: checking for main in -lposix4
configure:3531: gcc -o conftest -g -O2   conftest.c -lposix4  -lnsl -lm -lldap -llber  >&5
/usr/local/bin/ld: cannot find -lposix4
collect2: ld returned 1 exit status
configure:3537: $? = 1
configure: failed program was:
| /* confdefs.h.  */
| 
| #define PACKAGE_NAME ""
| #define PACKAGE_TARNAME ""
| #define PACKAGE_VERSION ""
| #define PACKAGE_STRING ""
| #define PACKAGE_BUGREPORT ""
| #define PACKAGE "lbone_lib"
| #define VERSION "0.5"
| #define HAVE_LIBLBER 1
| #define HAVE_LIBLDAP 1
| #define HAVE_LIBM 1
| #define HAVE_LIBNSL 1
| /* end confdefs.h.  */
| 
| 
| int
| main ()
| {
| main ();
|   ;
|   return 0;
| }
configure:3563: result: no
configure:3575: checking for main in -lpthread
configure:3599: gcc -o conftest -g -O2   conftest.c -lpthread  -lnsl -lm -lldap -llber  >&5
configure:3605: $? = 0
configure:3609: test -z 
			 || test ! -s conftest.err
configure:3612: $? = 0
configure:3615: test -s conftest
configure:3618: $? = 0
configure:3631: result: yes
configure:3643: checking for main in -lresolv
configure:3667: gcc -o conftest -g -O2   conftest.c -lresolv  -lpthread -lnsl -lm -lldap -llber  >&5
configure:3673: $? = 0
configure:3677: test -z 
			 || test ! -s conftest.err
configure:3680: $? = 0
configure:3683: test -s conftest
configure:3686: $? = 0
configure:3699: result: yes
configure:3711: checking for main in -lsocket
configure:3735: gcc -o conftest -g -O2   conftest.c -lsocket  -lresolv -lpthread -lnsl -lm -lldap -llber  >&5
/usr/local/bin/ld: cannot find -lsocket
collect2: ld returned 1 exit status
configure:3741: $? = 1
configure: failed program was:
| /* confdefs.h.  */
| 
| #define PACKAGE_NAME ""
| #define PACKAGE_TARNAME ""
| #define PACKAGE_VERSION ""
| #define PACKAGE_STRING ""
| #define PACKAGE_BUGREPORT ""
| #define PACKAGE "lbone_lib"
| #define VERSION "0.5"
| #define HAVE_LIBLBER 1
| #define HAVE_LIBLDAP 1
| #define HAVE_LIBM 1
| #define HAVE_LIBNSL 1
| #define HAVE_LIBPTHREAD 1
| #define HAVE_LIBRESOLV 1
| /* end confdefs.h.  */
| 
| 
| int
| main ()
| {
| main ();
|   ;
|   return 0;
| }
configure:3767: result: no
configure:3787: checking for dirent.h that defines DIR
configure:3811: gcc -c -g -O2  conftest.c >&5
configure:3817: $? = 0
configure:3821: test -z 
			 || test ! -s conftest.err
configure:3824: $? = 0
configure:3827: test -s conftest.o
configure:3830: $? = 0
configure:3841: result: yes
configure:3854: checking for library containing opendir
configure:3884: gcc -o conftest -g -O2   conftest.c -lresolv -lpthread -lnsl -lm -lldap -llber  >&5
configure:3890: $? = 0
configure:3894: test -z 
			 || test ! -s conftest.err
configure:3897: $? = 0
configure:3900: test -s conftest
configure:3903: $? = 0
configure:3973: result: none required
configure:4114: checking how to run the C preprocessor
configure:4149: gcc -E  conftest.c
configure:4155: $? = 0
configure:4187: gcc -E  conftest.c
conftest.c:18:28: ac_nonexistent.h: No such file or directory
configure:4193: $? = 1
configure: failed program was:
| /* confdefs.h.  */
| 
| #define PACKAGE_NAME ""
| #define PACKAGE_TARNAME ""
| #define PACKAGE_VERSION ""
| #define PACKAGE_STRING ""
| #define PACKAGE_BUGREPORT ""
| #define PACKAGE "lbone_lib"
| #define VERSION "0.5"
| #define HAVE_LIBLBER 1
| #define HAVE_LIBLDAP 1
| #define HAVE_LIBM 1
| #define HAVE_LIBNSL 1
| #define HAVE_LIBPTHREAD 1
| #define HAVE_LIBRESOLV 1
| #define HAVE_DIRENT_H 1
| /* end confdefs.h.  */
| #include <ac_nonexistent.h>
configure:4232: result: gcc -E
configure:4256: gcc -E  conftest.c
configure:4262: $? = 0
configure:4294: gcc -E  conftest.c
conftest.c:18:28: ac_nonexistent.h: No such file or directory
configure:4300: $? = 1
configure: failed program was:
| /* confdefs.h.  */
| 
| #define PACKAGE_NAME ""
| #define PACKAGE_TARNAME ""
| #define PACKAGE_VERSION ""
| #define PACKAGE_STRING ""
| #define PACKAGE_BUGREPORT ""
| #define PACKAGE "lbone_lib"
| #define VERSION "0.5"
| #define HAVE_LIBLBER 1
| #define HAVE_LIBLDAP 1
| #define HAVE_LIBM 1
| #define HAVE_LIBNSL 1
| #define HAVE_LIBPTHREAD 1
| #define HAVE_LIBRESOLV 1
| #define HAVE_DIRENT_H 1
| /* end confdefs.h.  */
| #include <ac_nonexistent.h>
configure:4344: checking for egrep
configure:4354: result: grep -E
configure:4359: checking for ANSI C header files
configure:4384: gcc -c -g -O2  conftest.c >&5
configure:4390: $? = 0
configure:4394: test -z 
			 || test ! -s conftest.err
configure:4397: $? = 0
configure:4400: test -s conftest.o
configure:4403: $? = 0
configure:4489: gcc -o conftest -g -O2   conftest.c -lresolv -lpthread -lnsl -lm -lldap -llber  >&5
configure:4492: $? = 0
configure:4494: ./conftest
configure:4497: $? = 0
configure:4512: result: yes
configure:4522: checking for sys/wait.h that is POSIX.1 compatible
configure:4553: gcc -c -g -O2  conftest.c >&5
configure:4559: $? = 0
configure:4563: test -z 
			 || test ! -s conftest.err
configure:4566: $? = 0
configure:4569: test -s conftest.o
configure:4572: $? = 0
configure:4583: result: yes
configure:4607: checking for sys/types.h
configure:4623: gcc -c -g -O2  conftest.c >&5
configure:4629: $? = 0
configure:4633: test -z 
			 || test ! -s conftest.err
configure:4636: $? = 0
configure:4639: test -s conftest.o
configure:4642: $? = 0
configure:4653: result: yes
configure:4607: checking for sys/stat.h
configure:4623: gcc -c -g -O2  conftest.c >&5
configure:4629: $? = 0
configure:4633: test -z 
			 || test ! -s conftest.err
configure:4636: $? = 0
configure:4639: test -s conftest.o
configure:4642: $? = 0
configure:4653: result: yes
configure:4607: checking for stdlib.h
configure:4623: gcc -c -g -O2  conftest.c >&5
configure:4629: $? = 0
configure:4633: test -z 
			 || test ! -s conftest.err
configure:4636: $? = 0
configure:4639: test -s conftest.o
configure:4642: $? = 0
configure:4653: result: yes
configure:4607: checking for string.h
configure:4623: gcc -c -g -O2  conftest.c >&5
configure:4629: $? = 0
configure:4633: test -z 
			 || test ! -s conftest.err
configure:4636: $? = 0
configure:4639: test -s conftest.o
configure:4642: $? = 0
configure:4653: result: yes
configure:4607: checking for memory.h
configure:4623: gcc -c -g -O2  conftest.c >&5
configure:4629: $? = 0
configure:4633: test -z 
			 || test ! -s conftest.err
configure:4636: $? = 0
configure:4639: test -s conftest.o
configure:4642: $? = 0
configure:4653: result: yes
configure:4607: checking for strings.h
configure:4623: gcc -c -g -O2  conftest.c >&5
configure:4629: $? = 0
configure:4633: test -z 
			 || test ! -s conftest.err
configure:4636: $? = 0
configure:4639: test -s conftest.o
configure:4642: $? = 0
configure:4653: result: yes
configure:4607: checking for inttypes.h
configure:4623: gcc -c -g -O2  conftest.c >&5
configure:4629: $? = 0
configure:4633: test -z 
			 || test ! -s conftest.err
configure:4636: $? = 0
configure:4639: test -s conftest.o
configure:4642: $? = 0
configure:4653: result: yes
configure:4607: checking for stdint.h
configure:4623: gcc -c -g -O2  conftest.c >&5
configure:4629: $? = 0
configure:4633: test -z 
			 || test ! -s conftest.err
configure:4636: $? = 0
configure:4639: test -s conftest.o
configure:4642: $? = 0
configure:4653: result: yes
configure:4607: checking for unistd.h
configure:4623: gcc -c -g -O2  conftest.c >&5
configure:4629: $? = 0
configure:4633: test -z 
			 || test ! -s conftest.err
configure:4636: $? = 0
configure:4639: test -s conftest.o
configure:4642: $? = 0
configure:4653: result: yes
configure:4685: checking fcntl.h usability
configure:4697: gcc -c -g -O2  conftest.c >&5
configure:4703: $? = 0
configure:4707: test -z 
			 || test ! -s conftest.err
configure:4710: $? = 0
configure:4713: test -s conftest.o
configure:4716: $? = 0
configure:4726: result: yes
configure:4730: checking fcntl.h presence
configure:4740: gcc -E  conftest.c
configure:4746: $? = 0
configure:4766: result: yes
configure:4801: checking for fcntl.h
configure:4808: result: yes
configure:4685: checking limits.h usability
configure:4697: gcc -c -g -O2  conftest.c >&5
configure:4703: $? = 0
configure:4707: test -z 
			 || test ! -s conftest.err
configure:4710: $? = 0
configure:4713: test -s conftest.o
configure:4716: $? = 0
configure:4726: result: yes
configure:4730: checking limits.h presence
configure:4740: gcc -E  conftest.c
configure:4746: $? = 0
configure:4766: result: yes
configure:4801: checking for limits.h
configure:4808: result: yes
configure:4685: checking malloc.h usability
configure:4697: gcc -c -g -O2  conftest.c >&5
configure:4703: $? = 0
configure:4707: test -z 
			 || test ! -s conftest.err
configure:4710: $? = 0
configure:4713: test -s conftest.o
configure:4716: $? = 0
configure:4726: result: yes
configure:4730: checking malloc.h presence
configure:4740: gcc -E  conftest.c
configure:4746: $? = 0
configure:4766: result: yes
configure:4801: checking for malloc.h
configure:4808: result: yes
configure:4676: checking for strings.h
configure:4681: result: yes
configure:4685: checking sys/file.h usability
configure:4697: gcc -c -g -O2  conftest.c >&5
configure:4703: $? = 0
configure:4707: test -z 
			 || test ! -s conftest.err
configure:4710: $? = 0
configure:4713: test -s conftest.o
configure:4716: $? = 0
configure:4726: result: yes
configure:4730: checking sys/file.h presence
configure:4740: gcc -E  conftest.c
configure:4746: $? = 0
configure:4766: result: yes
configure:4801: checking for sys/file.h
configure:4808: result: yes
configure:4685: checking sys/time.h usability
configure:4697: gcc -c -g -O2  conftest.c >&5
configure:4703: $? = 0
configure:4707: test -z 
			 || test ! -s conftest.err
configure:4710: $? = 0
configure:4713: test -s conftest.o
configure:4716: $? = 0
configure:4726: result: yes
configure:4730: checking sys/time.h presence
configure:4740: gcc -E  conftest.c
configure:4746: $? = 0
configure:4766: result: yes
configure:4801: checking for sys/time.h
configure:4808: result: yes
configure:4676: checking for unistd.h
configure:4681: result: yes
configure:4822: checking for an ANSI C-conforming const
configure:4889: gcc -c -g -O2  conftest.c >&5
configure:4895: $? = 0
configure:4899: test -z 
			 || test ! -s conftest.err
configure:4902: $? = 0
configure:4905: test -s conftest.o
configure:4908: $? = 0
configure:4919: result: yes
configure:4929: checking for mode_t
configure:4953: gcc -c -g -O2  conftest.c >&5
configure:4959: $? = 0
configure:4963: test -z 
			 || test ! -s conftest.err
configure:4966: $? = 0
configure:4969: test -s conftest.o
configure:4972: $? = 0
configure:4983: result: yes
configure:4995: checking for pid_t
configure:5019: gcc -c -g -O2  conftest.c >&5
configure:5025: $? = 0
configure:5029: test -z 
			 || test ! -s conftest.err
configure:5032: $? = 0
configure:5035: test -s conftest.o
configure:5038: $? = 0
configure:5049: result: yes
configure:5061: checking for size_t
configure:5085: gcc -c -g -O2  conftest.c >&5
configure:5091: $? = 0
configure:5095: test -z 
			 || test ! -s conftest.err
configure:5098: $? = 0
configure:5101: test -s conftest.o
configure:5104: $? = 0
configure:5115: result: yes
configure:5127: checking whether time.h and sys/time.h may both be included
configure:5152: gcc -c -g -O2  conftest.c >&5
configure:5158: $? = 0
configure:5162: test -z 
			 || test ! -s conftest.err
configure:5165: $? = 0
configure:5168: test -s conftest.o
configure:5171: $? = 0
configure:5182: result: yes
configure:5192: checking whether struct tm is in sys/time.h or time.h
configure:5215: gcc -c -g -O2  conftest.c >&5
configure:5221: $? = 0
configure:5225: test -z 
			 || test ! -s conftest.err
configure:5228: $? = 0
configure:5231: test -s conftest.o
configure:5234: $? = 0
configure:5245: result: time.h
configure:5256: checking whether getpgrp requires zero arguments
configure:5278: gcc -c -g -O2  conftest.c >&5
conftest.c: In function `main':
conftest.c:74: error: too many arguments to function `getpgrp'
configure:5284: $? = 1
configure: failed program was:
| /* confdefs.h.  */
| 
| #define PACKAGE_NAME ""
| #define PACKAGE_TARNAME ""
| #define PACKAGE_VERSION ""
| #define PACKAGE_STRING ""
| #define PACKAGE_BUGREPORT ""
| #define PACKAGE "lbone_lib"
| #define VERSION "0.5"
| #define HAVE_LIBLBER 1
| #define HAVE_LIBLDAP 1
| #define HAVE_LIBM 1
| #define HAVE_LIBNSL 1
| #define HAVE_LIBPTHREAD 1
| #define HAVE_LIBRESOLV 1
| #define HAVE_DIRENT_H 1
| #define STDC_HEADERS 1
| #define HAVE_SYS_WAIT_H 1
| #define HAVE_SYS_TYPES_H 1
| #define HAVE_SYS_STAT_H 1
| #define HAVE_STDLIB_H 1
| #define HAVE_STRING_H 1
| #define HAVE_MEMORY_H 1
| #define HAVE_STRINGS_H 1
| #define HAVE_INTTYPES_H 1
| #define HAVE_STDINT_H 1
| #define HAVE_UNISTD_H 1
| #define HAVE_FCNTL_H 1
| #define HAVE_LIMITS_H 1
| #define HAVE_MALLOC_H 1
| #define HAVE_STRINGS_H 1
| #define HAVE_SYS_FILE_H 1
| #define HAVE_SYS_TIME_H 1
| #define HAVE_UNISTD_H 1
| #define TIME_WITH_SYS_TIME 1
| /* end confdefs.h.  */
| #include <stdio.h>
| #if HAVE_SYS_TYPES_H
| # include <sys/types.h>
| #endif
| #if HAVE_SYS_STAT_H
| # include <sys/stat.h>
| #endif
| #if STDC_HEADERS
| # include <stdlib.h>
| # include <stddef.h>
| #else
| # if HAVE_STDLIB_H
| #  include <stdlib.h>
| # endif
| #endif
| #if HAVE_STRING_H
| # if !STDC_HEADERS && HAVE_MEMORY_H
| #  include <memory.h>
| # endif
| # include <string.h>
| #endif
| #if HAVE_STRINGS_H
| # include <strings.h>
| #endif
| #if HAVE_INTTYPES_H
| # include <inttypes.h>
| #else
| # if HAVE_STDINT_H
| #  include <stdint.h>
| # endif
| #endif
| #if HAVE_UNISTD_H
| # include <unistd.h>
| #endif
| int
| main ()
| {
| getpgrp (0);
|   ;
|   return 0;
| }
configure:5309: result: yes
configure:5319: checking return type of signal handlers
configure:5350: gcc -c -g -O2  conftest.c >&5
configure:5356: $? = 0
configure:5360: test -z 
			 || test ! -s conftest.err
configure:5363: $? = 0
configure:5366: test -s conftest.o
configure:5369: $? = 0
configure:5380: result: void
configure:5392: checking for vprintf
configure:5449: gcc -o conftest -g -O2   conftest.c -lresolv -lpthread -lnsl -lm -lldap -llber  >&5
conftest.c:63: warning: conflicting types for built-in function 'vprintf'
configure:5455: $? = 0
configure:5459: test -z 
			 || test ! -s conftest.err
configure:5462: $? = 0
configure:5465: test -s conftest
configure:5468: $? = 0
configure:5480: result: yes
configure:5487: checking for _doprnt
configure:5544: gcc -o conftest -g -O2   conftest.c -lresolv -lpthread -lnsl -lm -lldap -llber  >&5
/tmp/ccIQmFQV.o: In function `main':
/export/ibpadmin/cvsLoDN2/LoDN/warmer/lbone/conftest.c:80: undefined reference to `_doprnt'
/tmp/ccIQmFQV.o:(.data+0x0): undefined reference to `_doprnt'
collect2: ld returned 1 exit status
configure:5550: $? = 1
configure: failed program was:
| /* confdefs.h.  */
| 
| #define PACKAGE_NAME ""
| #define PACKAGE_TARNAME ""
| #define PACKAGE_VERSION ""
| #define PACKAGE_STRING ""
| #define PACKAGE_BUGREPORT ""
| #define PACKAGE "lbone_lib"
| #define VERSION "0.5"
| #define HAVE_LIBLBER 1
| #define HAVE_LIBLDAP 1
| #define HAVE_LIBM 1
| #define HAVE_LIBNSL 1
| #define HAVE_LIBPTHREAD 1
| #define HAVE_LIBRESOLV 1
| #define HAVE_DIRENT_H 1
| #define STDC_HEADERS 1
| #define HAVE_SYS_WAIT_H 1
| #define HAVE_SYS_TYPES_H 1
| #define HAVE_SYS_STAT_H 1
| #define HAVE_STDLIB_H 1
| #define HAVE_STRING_H 1
| #define HAVE_MEMORY_H 1
| #define HAVE_STRINGS_H 1
| #define HAVE_INTTYPES_H 1
| #define HAVE_STDINT_H 1
| #define HAVE_UNISTD_H 1
| #define HAVE_FCNTL_H 1
| #define HAVE_LIMITS_H 1
| #define HAVE_MALLOC_H 1
| #define HAVE_STRINGS_H 1
| #define HAVE_SYS_FILE_H 1
| #define HAVE_SYS_TIME_H 1
| #define HAVE_UNISTD_H 1
| #define TIME_WITH_SYS_TIME 1
| #define GETPGRP_VOID 1
| #define RETSIGTYPE void
| #define HAVE_VPRINTF 1
| /* end confdefs.h.  */
| /* Define _doprnt to an innocuous variant, in case <limits.h> declares _doprnt.
|    For example, HP-UX 11i <limits.h> declares gettimeofday.  */
| #define _doprnt innocuous__doprnt
| 
| /* System header to define __stub macros and hopefully few prototypes,
|     which can conflict with char _doprnt (); below.
|     Prefer <limits.h> to <assert.h> if __STDC__ is defined, since
|     <limits.h> exists even on freestanding compilers.  */
| 
| #ifdef __STDC__
| # include <limits.h>
| #else
| # include <assert.h>
| #endif
| 
| #undef _doprnt
| 
| /* Override any gcc2 internal prototype to avoid an error.  */
| #ifdef __cplusplus
| extern "C"
| {
| #endif
| /* We use char because int might match the return type of a gcc2
|    builtin and then its argument prototype would still apply.  */
| char _doprnt ();
| /* The GNU C library defines this for functions which it implements
|     to always fail with ENOSYS.  Some functions are actually named
|     something starting with __ and the normal name is an alias.  */
| #if defined (__stub__doprnt) || defined (__stub____doprnt)
| choke me
| #else
| char (*f) () = _doprnt;
| #endif
| #ifdef __cplusplus
| }
| #endif
| 
| int
| main ()
| {
| return f != _doprnt;
|   ;
|   return 0;
| }
configure:5575: result: no
configure:5605: checking for gethostname
configure:5662: gcc -o conftest -g -O2   conftest.c -lresolv -lpthread -lnsl -lm -lldap -llber  >&5
configure:5668: $? = 0
configure:5672: test -z 
			 || test ! -s conftest.err
configure:5675: $? = 0
configure:5678: test -s conftest
configure:5681: $? = 0
configure:5693: result: yes
configure:5605: checking for gettimeofday
configure:5662: gcc -o conftest -g -O2   conftest.c -lresolv -lpthread -lnsl -lm -lldap -llber  >&5
configure:5668: $? = 0
configure:5672: test -z 
			 || test ! -s conftest.err
configure:5675: $? = 0
configure:5678: test -s conftest
configure:5681: $? = 0
configure:5693: result: yes
configure:5605: checking for mkdir
configure:5662: gcc -o conftest -g -O2   conftest.c -lresolv -lpthread -lnsl -lm -lldap -llber  >&5
configure:5668: $? = 0
configure:5672: test -z 
			 || test ! -s conftest.err
configure:5675: $? = 0
configure:5678: test -s conftest
configure:5681: $? = 0
configure:5693: result: yes
configure:5605: checking for select
configure:5662: gcc -o conftest -g -O2   conftest.c -lresolv -lpthread -lnsl -lm -lldap -llber  >&5
configure:5668: $? = 0
configure:5672: test -z 
			 || test ! -s conftest.err
configure:5675: $? = 0
configure:5678: test -s conftest
configure:5681: $? = 0
configure:5693: result: yes
configure:5605: checking for socket
configure:5662: gcc -o conftest -g -O2   conftest.c -lresolv -lpthread -lnsl -lm -lldap -llber  >&5
configure:5668: $? = 0
configure:5672: test -z 
			 || test ! -s conftest.err
configure:5675: $? = 0
configure:5678: test -s conftest
configure:5681: $? = 0
configure:5693: result: yes
configure:5605: checking for strcspn
configure:5662: gcc -o conftest -g -O2   conftest.c -lresolv -lpthread -lnsl -lm -lldap -llber  >&5
conftest.c:69: warning: conflicting types for built-in function 'strcspn'
configure:5668: $? = 0
configure:5672: test -z 
			 || test ! -s conftest.err
configure:5675: $? = 0
configure:5678: test -s conftest
configure:5681: $? = 0
configure:5693: result: yes
configure:5605: checking for strdup
configure:5662: gcc -o conftest -g -O2   conftest.c -lresolv -lpthread -lnsl -lm -lldap -llber  >&5
conftest.c:70: warning: conflicting types for built-in function 'strdup'
configure:5668: $? = 0
configure:5672: test -z 
			 || test ! -s conftest.err
configure:5675: $? = 0
configure:5678: test -s conftest
configure:5681: $? = 0
configure:5693: result: yes
configure:5605: checking for strerror
configure:5662: gcc -o conftest -g -O2   conftest.c -lresolv -lpthread -lnsl -lm -lldap -llber  >&5
configure:5668: $? = 0
configure:5672: test -z 
			 || test ! -s conftest.err
configure:5675: $? = 0
configure:5678: test -s conftest
configure:5681: $? = 0
configure:5693: result: yes
configure:5605: checking for strstr
configure:5662: gcc -o conftest -g -O2   conftest.c -lresolv -lpthread -lnsl -lm -lldap -llber  >&5
conftest.c:72: warning: conflicting types for built-in function 'strstr'
configure:5668: $? = 0
configure:5672: test -z 
			 || test ! -s conftest.err
configure:5675: $? = 0
configure:5678: test -s conftest
configure:5681: $? = 0
configure:5693: result: yes
configure:5605: checking for strtod
configure:5662: gcc -o conftest -g -O2   conftest.c -lresolv -lpthread -lnsl -lm -lldap -llber  >&5
configure:5668: $? = 0
configure:5672: test -z 
			 || test ! -s conftest.err
configure:5675: $? = 0
configure:5678: test -s conftest
configure:5681: $? = 0
configure:5693: result: yes
configure:5605: checking for strtol
configure:5662: gcc -o conftest -g -O2   conftest.c -lresolv -lpthread -lnsl -lm -lldap -llber  >&5
configure:5668: $? = 0
configure:5672: test -z 
			 || test ! -s conftest.err
configure:5675: $? = 0
configure:5678: test -s conftest
configure:5681: $? = 0
configure:5693: result: yes
configure:5605: checking for strtoul
configure:5662: gcc -o conftest -g -O2   conftest.c -lresolv -lpthread -lnsl -lm -lldap -llber  >&5
configure:5668: $? = 0
configure:5672: test -z 
			 || test ! -s conftest.err
configure:5675: $? = 0
configure:5678: test -s conftest
configure:5681: $? = 0
configure:5693: result: yes
configure:5605: checking for uname
configure:5662: gcc -o conftest -g -O2   conftest.c -lresolv -lpthread -lnsl -lm -lldap -llber  >&5
configure:5668: $? = 0
configure:5672: test -z 
			 || test ! -s conftest.err
configure:5675: $? = 0
configure:5678: test -s conftest
configure:5681: $? = 0
configure:5693: result: yes
configure:5974: creating ./config.status

## ---------------- ##
## Cache variables. ##
## ---------------- ##

ac_cv_build=i686-pc-linux-gnu
ac_cv_build_alias=i686-pc-linux-gnu
ac_cv_c_compiler_gnu=yes
ac_cv_c_const=yes
ac_cv_env_CC_set=
ac_cv_env_CC_value=
ac_cv_env_CFLAGS_set=
ac_cv_env_CFLAGS_value=
ac_cv_env_CPPFLAGS_set=
ac_cv_env_CPPFLAGS_value=
ac_cv_env_CPP_set=
ac_cv_env_CPP_value=
ac_cv_env_LDFLAGS_set=
ac_cv_env_LDFLAGS_value=
ac_cv_env_build_alias_set=
ac_cv_env_build_alias_value=
ac_cv_env_host_alias_set=
ac_cv_env_host_alias_value=
ac_cv_env_target_alias_set=
ac_cv_env_target_alias_value=
ac_cv_exeext=
ac_cv_func__doprnt=no
ac_cv_func_gethostname=yes
ac_cv_func_getpgrp_void=yes
ac_cv_func_gettimeofday=yes
ac_cv_func_mkdir=yes
ac_cv_func_select=yes
ac_cv_func_socket=yes
ac_cv_func_strcspn=yes
ac_cv_func_strdup=yes
ac_cv_func_strerror=yes
ac_cv_func_strstr=yes
ac_cv_func_strtod=yes
ac_cv_func_strtol=yes
ac_cv_func_strtoul=yes
ac_cv_func_uname=yes
ac_cv_func_vprintf=yes
ac_cv_header_dirent_dirent_h=yes
ac_cv_header_fcntl_h=yes
ac_cv_header_inttypes_h=yes
ac_cv_header_limits_h=yes
ac_cv_header_malloc_h=yes
ac_cv_header_memory_h=yes
ac_cv_header_stdc=yes
ac_cv_header_stdint_h=yes
ac_cv_header_stdlib_h=yes
ac_cv_header_string_h=yes
ac_cv_header_strings_h=yes
ac_cv_header_sys_file_h=yes
ac_cv_header_sys_stat_h=yes
ac_cv_header_sys_time_h=yes
ac_cv_header_sys_types_h=yes
ac_cv_header_sys_wait_h=yes
ac_cv_header_time=yes
ac_cv_header_unistd_h=yes
ac_cv_host=i686-pc-linux-gnu
ac_cv_host_alias=i686-pc-linux-gnu
ac_cv_lib_lber_ber_error_print=yes
ac_cv_lib_ldap_ldap_init=yes
ac_cv_lib_m_main=yes
ac_cv_lib_nsl_main=yes
ac_cv_lib_posix4_main=no
ac_cv_lib_pthread_main=yes
ac_cv_lib_resolv_main=yes
ac_cv_lib_socket_main=no
ac_cv_objext=o
ac_cv_path_install='/usr/local/bin/install -c'
ac_cv_prog_AWK=gawk
ac_cv_prog_CPP='gcc -E'
ac_cv_prog_ac_ct_CC=gcc
ac_cv_prog_ac_ct_RANLIB=ranlib
ac_cv_prog_cc_g=yes
ac_cv_prog_cc_stdc=
ac_cv_prog_egrep='grep -E'
ac_cv_prog_make_make_set=yes
ac_cv_search_opendir='none required'
ac_cv_struct_tm=time.h
ac_cv_target=i686-pc-linux-gnu
ac_cv_target_alias=i686-pc-linux-gnu
ac_cv_type_mode_t=yes
ac_cv_type_pid_t=yes
ac_cv_type_signal=void
ac_cv_type_size_t=yes
am_cv_CC_dependencies_compiler_type=gcc3

## ----------------- ##
## Output variables. ##
## ----------------- ##

ACLOCAL='${SHELL} /export/ibpadmin/cvsLoDN2/LoDN/warmer/lbone/missing --run aclocal-1.9'
AMDEPBACKSLASH='\'
AMDEP_FALSE='#'
AMDEP_TRUE=''
AMTAR='${SHELL} /export/ibpadmin/cvsLoDN2/LoDN/warmer/lbone/missing --run tar'
AUTOCONF='${SHELL} /export/ibpadmin/cvsLoDN2/LoDN/warmer/lbone/missing --run autoconf'
AUTOHEADER='${SHELL} /export/ibpadmin/cvsLoDN2/LoDN/warmer/lbone/missing --run autoheader'
AUTOMAKE='${SHELL} /export/ibpadmin/cvsLoDN2/LoDN/warmer/lbone/missing --run automake-1.9'
AWK='gawk'
CC='gcc'
CCDEPMODE='depmode=gcc3'
CFLAGS='-g -O2'
CGIDIR='/export/ibpadmin/cvsLoDN2/LoDN/warmer/lbone/ecgi'
CPP='gcc -E'
CPPFLAGS=''
CYGPATH_W='echo'
DEFS='-DHAVE_CONFIG_H'
DEPDIR='.deps'
ECHO_C=''
ECHO_N='-n'
ECHO_T=''
EGREP='grep -E'
EXEEXT=''
IBPDIR='../ibp/local/'
INSTALL_DATA='${INSTALL} -m 644'
INSTALL_PROGRAM='${INSTALL}'
INSTALL_SCRIPT='${INSTALL}'
INSTALL_STRIP_PROGRAM='${SHELL} $(install_sh) -c -s'
LDAPDIR='/usr'
LDFLAGS=''
LIBOBJS=''
LIBS='-lresolv -lpthread -lnsl -lm -lldap -llber '
LN_S='ln -s'
LORS_BUILD_ECGI='no,'
LORS_BUILD_IBP=''
LORS_BUILD_NWS='no,'
LORS_ECGI_SRC_DIR=''
LORS_IBP_SRC_DIR=''
LORS_NWS_SRC_DIR=''
LTLIBOBJS=''
MAKEINFO='${SHELL} /export/ibpadmin/cvsLoDN2/LoDN/warmer/lbone/missing --run makeinfo'
NWSDIR='/export/ibpadmin/cvsLoDN2/LoDN/warmer/lbone/nws'
OBJEXT='o'
OSDEF='_LINUX'
OSTYPE='Linux'
PACKAGE='lbone_lib'
PACKAGE_BUGREPORT=''
PACKAGE_NAME=''
PACKAGE_STRING=''
PACKAGE_TARNAME=''
PACKAGE_VERSION=''
PATH_SEPARATOR=':'
PREFIX='/export/ibpadmin/cvsLoDN2/LoDN/warmer/lbone'
RANLIB='ranlib'
SERVER_FALSE=''
SERVER_TRUE='#'
SET_MAKE=''
SHELL='/bin/sh'
STRIP=''
VERSION='0.5'
ac_ct_CC='gcc'
ac_ct_RANLIB='ranlib'
ac_ct_STRIP=''
am__fastdepCC_FALSE='#'
am__fastdepCC_TRUE=''
am__include='include'
am__leading_dot='.'
am__quote=''
am__tar='${AMTAR} chof - "$$tardir"'
am__untar='${AMTAR} xf -'
bindir='${exec_prefix}/bin'
build='i686-pc-linux-gnu'
build_alias=''
build_cpu='i686'
build_os='linux-gnu'
build_vendor='pc'
datadir='${prefix}/share'
exec_prefix='${prefix}'
host='i686-pc-linux-gnu'
host_alias=''
host_cpu='i686'
host_os='linux-gnu'
host_vendor='pc'
includedir='${prefix}/include'
infodir='${prefix}/info'
install_sh='/export/ibpadmin/cvsLoDN2/LoDN/warmer/lbone/install-sh'
libdir='${exec_prefix}/lib'
libexecdir='${exec_prefix}/libexec'
localstatedir='${prefix}/var'
mandir='${prefix}/man'
mkdir_p='mkdir -p --'
oldincludedir='/usr/include'
prefix='/export/ibpadmin/cvsLoDN2/LoDN/warmer/lbone/local'
program_transform_name='s,x,x,'
sbindir='${exec_prefix}/sbin'
sharedstatedir='${prefix}/com'
sysconfdir='${prefix}/etc'
target='i686-pc-linux-gnu'
target_alias=''
target_cpu='i686'
target_os='linux-gnu'
target_vendor='pc'

## ----------- ##
## confdefs.h. ##
## ----------- ##

#define GETPGRP_VOID 1
#define HAVE_DIRENT_H 1
#define HAVE_FCNTL_H 1
#define HAVE_GETHOSTNAME 1
#define HAVE_GETTIMEOFDAY 1
#define HAVE_INTTYPES_H 1
#define HAVE_LIBLBER 1
#define HAVE_LIBLDAP 1
#define HAVE_LIBM 1
#define HAVE_LIBNSL 1
#define HAVE_LIBPTHREAD 1
#define HAVE_LIBRESOLV 1
#define HAVE_LIMITS_H 1
#define HAVE_MALLOC_H 1
#define HAVE_MEMORY_H 1
#define HAVE_MKDIR 1
#define HAVE_SELECT 1
#define HAVE_SOCKET 1
#define HAVE_STDINT_H 1
#define HAVE_STDLIB_H 1
#define HAVE_STRCSPN 1
#define HAVE_STRDUP 1
#define HAVE_STRERROR 1
#define HAVE_STRINGS_H 1
#define HAVE_STRINGS_H 1
#define HAVE_STRING_H 1
#define HAVE_STRSTR 1
#define HAVE_STRTOD 1
#define HAVE_STRTOL 1
#define HAVE_STRTOUL 1
#define HAVE_SYS_FILE_H 1
#define HAVE_SYS_STAT_H 1
#define HAVE_SYS_TIME_H 1
#define HAVE_SYS_TYPES_H 1
#define HAVE_SYS_WAIT_H 1
#define HAVE_UNAME 1
#define HAVE_UNISTD_H 1
#define HAVE_UNISTD_H 1
#define HAVE_VPRINTF 1
#define PACKAGE "lbone_lib"
#define PACKAGE_BUGREPORT ""
#define PACKAGE_NAME ""
#define PACKAGE_STRING ""
#define PACKAGE_TARNAME ""
#define PACKAGE_VERSION ""
#define RETSIGTYPE void
#define STDC_HEADERS 1
#define TIME_WITH_SYS_TIME 1
#define VERSION "0.5"

configure: exit 0

## ---------------------- ##
## Running config.status. ##
## ---------------------- ##

This file was extended by config.status, which was
generated by GNU Autoconf 2.59.  Invocation command line was

  CONFIG_FILES    = 
  CONFIG_HEADERS  = 
  CONFIG_LINKS    = 
  CONFIG_COMMANDS = 
  $ ./config.status 

on promise

config.status:724: creating client/Makefile
config.status:724: creating client/src/Makefile
config.status:724: creating client/include/Makefile
config.status:724: creating Makefile
config.status:724: creating pre-install.sh
config.status:828: creating config.h
config.status:1016: config.h is unchanged
config.status:1196: executing depfiles commands
config.status:1196: executing default commands

## ---------------------- ##
## Running config.status. ##
## ---------------------- ##

This file was extended by config.status, which was
generated by GNU Autoconf 2.59.  Invocation command line was

  CONFIG_FILES    = 
  CONFIG_HEADERS  = 
  CONFIG_LINKS    = 
  CONFIG_COMMANDS = 
  $ ./config.status config.h

on promise

config.status:828: creating config.h
config.status:1016: config.h is unchanged

## ---------------------- ##
## Running config.status. ##
## ---------------------- ##

This file was extended by config.status, which was
generated by GNU Autoconf 2.59.  Invocation command line was

  CONFIG_FILES    = 
  CONFIG_HEADERS  = 
  CONFIG_LINKS    = 
  CONFIG_COMMANDS = 
  $ ./config.status config.h

on promise

config.status:828: creating config.h
