This file contains any messages produced by compilers while
running configure, to aid debugging if configure makes a mistake.

It was created by ibp configure 1.4.0.4, which was
generated by GNU Autoconf 2.69.  Invocation command line was

  $ ./configure --enable-persistent=yes --enable-clientonly=yes --disable-shared --enable-static

## --------- ##
## Platform. ##
## --------- ##

hostname = dlt
uname -m = x86_64
uname -r = 3.2.0-4-amd64
uname -s = Linux
uname -v = #1 SMP Debian 3.2.41-2+deb7u2

/usr/bin/uname -p = unknown
/bin/uname -X     = unknown

/bin/arch              = unknown
/usr/bin/arch -k       = unknown
/usr/convex/getsysinfo = unknown
/usr/bin/hostinfo      = unknown
/bin/machine           = unknown
/usr/bin/oslevel       = unknown
/bin/universe          = unknown

PATH: /usr/local/sbin
PATH: /usr/local/bin
PATH: /usr/sbin
PATH: /usr/bin
PATH: /sbin
PATH: /bin
PATH: /opt/java/bin


## ----------- ##
## Core tests. ##
## ----------- ##

configure:2569: checking build system type
configure:2583: result: x86_64-unknown-linux-gnu
configure:2603: checking host system type
configure:2616: result: x86_64-unknown-linux-gnu
configure:2636: checking target system type
configure:2649: result: x86_64-unknown-linux-gnu
configure:2701: checking for a BSD-compatible install
configure:2769: result: /usr/bin/install -c
configure:2780: checking whether build environment is sane
configure:2835: result: yes
configure:2986: checking for a thread-safe mkdir -p
configure:3025: result: /bin/mkdir -p
configure:3032: checking for gawk
configure:3062: result: no
configure:3032: checking for mawk
configure:3048: found /usr/bin/mawk
configure:3059: result: mawk
configure:3070: checking whether make sets $(MAKE)
configure:3092: result: yes
configure:3121: checking whether make supports nested variables
configure:3138: result: yes
configure:3269: checking for gcc
configure:3285: found /usr/bin/gcc
configure:3296: result: gcc
configure:3525: checking for C compiler version
configure:3534: gcc --version >&5
gcc (Debian 4.7.2-5) 4.7.2
Copyright (C) 2012 Free Software Foundation, Inc.
This is free software; see the source for copying conditions.  There is NO
warranty; not even for MERCHANTABILITY or FITNESS FOR A PARTICULAR PURPOSE.

configure:3545: $? = 0
configure:3534: gcc -v >&5
Using built-in specs.
COLLECT_GCC=gcc
COLLECT_LTO_WRAPPER=/usr/lib/gcc/x86_64-linux-gnu/4.7/lto-wrapper
Target: x86_64-linux-gnu
Configured with: ../src/configure -v --with-pkgversion='Debian 4.7.2-5' --with-bugurl=file:///usr/share/doc/gcc-4.7/README.Bugs --enable-languages=c,c++,go,fortran,objc,obj-c++ --prefix=/usr --program-suffix=-4.7 --enable-shared --enable-linker-build-id --with-system-zlib --libexecdir=/usr/lib --without-included-gettext --enable-threads=posix --with-gxx-include-dir=/usr/include/c++/4.7 --libdir=/usr/lib --enable-nls --with-sysroot=/ --enable-clocale=gnu --enable-libstdcxx-debug --enable-libstdcxx-time=yes --enable-gnu-unique-object --enable-plugin --enable-objc-gc --with-arch-32=i586 --with-tune=generic --enable-checking=release --build=x86_64-linux-gnu --host=x86_64-linux-gnu --target=x86_64-linux-gnu
Thread model: posix
gcc version 4.7.2 (Debian 4.7.2-5) 
configure:3545: $? = 0
configure:3534: gcc -V >&5
gcc: error: unrecognized command line option '-V'
gcc: fatal error: no input files
compilation terminated.
configure:3545: $? = 4
configure:3534: gcc -qversion >&5
gcc: error: unrecognized command line option '-qversion'
gcc: fatal error: no input files
compilation terminated.
configure:3545: $? = 4
configure:3565: checking whether the C compiler works
configure:3587: gcc    conftest.c  >&5
configure:3591: $? = 0
configure:3639: result: yes
configure:3642: checking for C compiler default output file name
configure:3644: result: a.out
configure:3650: checking for suffix of executables
configure:3657: gcc -o conftest    conftest.c  >&5
configure:3661: $? = 0
configure:3683: result: 
configure:3705: checking whether we are cross compiling
configure:3713: gcc -o conftest    conftest.c  >&5
configure:3717: $? = 0
configure:3724: ./conftest
configure:3728: $? = 0
configure:3743: result: no
configure:3748: checking for suffix of object files
configure:3770: gcc -c   conftest.c >&5
configure:3774: $? = 0
configure:3795: result: o
configure:3799: checking whether we are using the GNU C compiler
configure:3818: gcc -c   conftest.c >&5
configure:3818: $? = 0
configure:3827: result: yes
configure:3836: checking whether gcc accepts -g
configure:3856: gcc -c -g  conftest.c >&5
configure:3856: $? = 0
configure:3897: result: yes
configure:3914: checking for gcc option to accept ISO C89
configure:3977: gcc  -c -g -O2  conftest.c >&5
configure:3977: $? = 0
configure:3990: result: none needed
configure:4021: checking for style of include used by make
configure:4049: result: GNU
configure:4075: checking dependency style of gcc
configure:4186: result: gcc3
configure:4207: checking how to run the C preprocessor
configure:4238: gcc -E  conftest.c
configure:4238: $? = 0
configure:4252: gcc -E  conftest.c
conftest.c:11:28: fatal error: ac_nonexistent.h: No such file or directory
compilation terminated.
configure:4252: $? = 1
configure: failed program was:
| /* confdefs.h */
| #define PACKAGE_NAME "ibp"
| #define PACKAGE_TARNAME "ibp"
| #define PACKAGE_VERSION "1.4.0.4"
| #define PACKAGE_STRING "ibp 1.4.0.4"
| #define PACKAGE_BUGREPORT ""
| #define PACKAGE_URL ""
| #define PACKAGE "ibp"
| #define VERSION "1.4.0.4"
| /* end confdefs.h.  */
| #include <ac_nonexistent.h>
configure:4277: result: gcc -E
configure:4297: gcc -E  conftest.c
configure:4297: $? = 0
configure:4311: gcc -E  conftest.c
conftest.c:11:28: fatal error: ac_nonexistent.h: No such file or directory
compilation terminated.
configure:4311: $? = 1
configure: failed program was:
| /* confdefs.h */
| #define PACKAGE_NAME "ibp"
| #define PACKAGE_TARNAME "ibp"
| #define PACKAGE_VERSION "1.4.0.4"
| #define PACKAGE_STRING "ibp 1.4.0.4"
| #define PACKAGE_BUGREPORT ""
| #define PACKAGE_URL ""
| #define PACKAGE "ibp"
| #define VERSION "1.4.0.4"
| /* end confdefs.h.  */
| #include <ac_nonexistent.h>
configure:4340: checking for grep that handles long lines and -e
configure:4398: result: /bin/grep
configure:4403: checking for egrep
configure:4465: result: /bin/grep -E
configure:4471: checking whether gcc needs -traditional
configure:4505: result: no
configure:4513: checking for ANSI C header files
configure:4533: gcc -c -g -O2  conftest.c >&5
configure:4533: $? = 0
configure:4606: gcc -o conftest -g -O2   conftest.c  >&5
configure:4606: $? = 0
configure:4606: ./conftest
configure:4606: $? = 0
configure:4617: result: yes
configure:4630: checking for sys/types.h
configure:4630: gcc -c -g -O2  conftest.c >&5
configure:4630: $? = 0
configure:4630: result: yes
configure:4630: checking for sys/stat.h
configure:4630: gcc -c -g -O2  conftest.c >&5
configure:4630: $? = 0
configure:4630: result: yes
configure:4630: checking for stdlib.h
configure:4630: gcc -c -g -O2  conftest.c >&5
configure:4630: $? = 0
configure:4630: result: yes
configure:4630: checking for string.h
configure:4630: gcc -c -g -O2  conftest.c >&5
configure:4630: $? = 0
configure:4630: result: yes
configure:4630: checking for memory.h
configure:4630: gcc -c -g -O2  conftest.c >&5
configure:4630: $? = 0
configure:4630: result: yes
configure:4630: checking for strings.h
configure:4630: gcc -c -g -O2  conftest.c >&5
configure:4630: $? = 0
configure:4630: result: yes
configure:4630: checking for inttypes.h
configure:4630: gcc -c -g -O2  conftest.c >&5
configure:4630: $? = 0
configure:4630: result: yes
configure:4630: checking for stdint.h
configure:4630: gcc -c -g -O2  conftest.c >&5
configure:4630: $? = 0
configure:4630: result: yes
configure:4630: checking for unistd.h
configure:4630: gcc -c -g -O2  conftest.c >&5
configure:4630: $? = 0
configure:4630: result: yes
configure:4643: checking minix/config.h usability
configure:4643: gcc -c -g -O2  conftest.c >&5
conftest.c:54:26: fatal error: minix/config.h: No such file or directory
compilation terminated.
configure:4643: $? = 1
configure: failed program was:
| /* confdefs.h */
| #define PACKAGE_NAME "ibp"
| #define PACKAGE_TARNAME "ibp"
| #define PACKAGE_VERSION "1.4.0.4"
| #define PACKAGE_STRING "ibp 1.4.0.4"
| #define PACKAGE_BUGREPORT ""
| #define PACKAGE_URL ""
| #define PACKAGE "ibp"
| #define VERSION "1.4.0.4"
| #define STDC_HEADERS 1
| #define HAVE_SYS_TYPES_H 1
| #define HAVE_SYS_STAT_H 1
| #define HAVE_STDLIB_H 1
| #define HAVE_STRING_H 1
| #define HAVE_MEMORY_H 1
| #define HAVE_STRINGS_H 1
| #define HAVE_INTTYPES_H 1
| #define HAVE_STDINT_H 1
| #define HAVE_UNISTD_H 1
| /* end confdefs.h.  */
| #include <stdio.h>
| #ifdef HAVE_SYS_TYPES_H
| # include <sys/types.h>
| #endif
| #ifdef HAVE_SYS_STAT_H
| # include <sys/stat.h>
| #endif
| #ifdef STDC_HEADERS
| # include <stdlib.h>
| # include <stddef.h>
| #else
| # ifdef HAVE_STDLIB_H
| #  include <stdlib.h>
| # endif
| #endif
| #ifdef HAVE_STRING_H
| # if !defined STDC_HEADERS && defined HAVE_MEMORY_H
| #  include <memory.h>
| # endif
| # include <string.h>
| #endif
| #ifdef HAVE_STRINGS_H
| # include <strings.h>
| #endif
| #ifdef HAVE_INTTYPES_H
| # include <inttypes.h>
| #endif
| #ifdef HAVE_STDINT_H
| # include <stdint.h>
| #endif
| #ifdef HAVE_UNISTD_H
| # include <unistd.h>
| #endif
| #include <minix/config.h>
configure:4643: result: no
configure:4643: checking minix/config.h presence
configure:4643: gcc -E  conftest.c
conftest.c:21:26: fatal error: minix/config.h: No such file or directory
compilation terminated.
configure:4643: $? = 1
configure: failed program was:
| /* confdefs.h */
| #define PACKAGE_NAME "ibp"
| #define PACKAGE_TARNAME "ibp"
| #define PACKAGE_VERSION "1.4.0.4"
| #define PACKAGE_STRING "ibp 1.4.0.4"
| #define PACKAGE_BUGREPORT ""
| #define PACKAGE_URL ""
| #define PACKAGE "ibp"
| #define VERSION "1.4.0.4"
| #define STDC_HEADERS 1
| #define HAVE_SYS_TYPES_H 1
| #define HAVE_SYS_STAT_H 1
| #define HAVE_STDLIB_H 1
| #define HAVE_STRING_H 1
| #define HAVE_MEMORY_H 1
| #define HAVE_STRINGS_H 1
| #define HAVE_INTTYPES_H 1
| #define HAVE_STDINT_H 1
| #define HAVE_UNISTD_H 1
| /* end confdefs.h.  */
| #include <minix/config.h>
configure:4643: result: no
configure:4643: checking for minix/config.h
configure:4643: result: no
configure:4664: checking whether it is safe to define __EXTENSIONS__
configure:4682: gcc -c -g -O2  conftest.c >&5
configure:4682: $? = 0
configure:4689: result: yes
configure:4704: checking for size_t
configure:4704: gcc -c -g -O2  conftest.c >&5
configure:4704: $? = 0
configure:4704: gcc -c -g -O2  conftest.c >&5
conftest.c: In function 'main':
conftest.c:62:21: error: expected expression before ')' token
configure:4704: $? = 1
configure: failed program was:
| /* confdefs.h */
| #define PACKAGE_NAME "ibp"
| #define PACKAGE_TARNAME "ibp"
| #define PACKAGE_VERSION "1.4.0.4"
| #define PACKAGE_STRING "ibp 1.4.0.4"
| #define PACKAGE_BUGREPORT ""
| #define PACKAGE_URL ""
| #define PACKAGE "ibp"
| #define VERSION "1.4.0.4"
| #define STDC_HEADERS 1
| #define HAVE_SYS_TYPES_H 1
| #define HAVE_SYS_STAT_H 1
| #define HAVE_STDLIB_H 1
| #define HAVE_STRING_H 1
| #define HAVE_MEMORY_H 1
| #define HAVE_STRINGS_H 1
| #define HAVE_INTTYPES_H 1
| #define HAVE_STDINT_H 1
| #define HAVE_UNISTD_H 1
| #define __EXTENSIONS__ 1
| #define _ALL_SOURCE 1
| #define _GNU_SOURCE 1
| #define _POSIX_PTHREAD_SEMANTICS 1
| #define _TANDEM_SOURCE 1
| /* end confdefs.h.  */
| #include <stdio.h>
| #ifdef HAVE_SYS_TYPES_H
| # include <sys/types.h>
| #endif
| #ifdef HAVE_SYS_STAT_H
| # include <sys/stat.h>
| #endif
| #ifdef STDC_HEADERS
| # include <stdlib.h>
| # include <stddef.h>
| #else
| # ifdef HAVE_STDLIB_H
| #  include <stdlib.h>
| # endif
| #endif
| #ifdef HAVE_STRING_H
| # if !defined STDC_HEADERS && defined HAVE_MEMORY_H
| #  include <memory.h>
| # endif
| # include <string.h>
| #endif
| #ifdef HAVE_STRINGS_H
| # include <strings.h>
| #endif
| #ifdef HAVE_INTTYPES_H
| # include <inttypes.h>
| #endif
| #ifdef HAVE_STDINT_H
| # include <stdint.h>
| #endif
| #ifdef HAVE_UNISTD_H
| # include <unistd.h>
| #endif
| int
| main ()
| {
| if (sizeof ((size_t)))
| 	    return 0;
|   ;
|   return 0;
| }
configure:4704: result: yes
configure:4717: checking for working alloca.h
configure:4734: gcc -o conftest -g -O2   conftest.c  >&5
configure:4734: $? = 0
configure:4742: result: yes
configure:4750: checking for alloca
configure:4787: gcc -o conftest -g -O2   conftest.c  >&5
configure:4787: $? = 0
configure:4795: result: yes
configure:4901: checking whether make sets $(MAKE)
configure:4923: result: yes
configure:4932: checking whether ln -s works
configure:4936: result: yes
configure:4946: checking for ping
configure:4965: found /bin/ping
configure:4978: result: /bin/ping
configure:5033: checking how to print strings
configure:5060: result: printf
configure:5081: checking for a sed that does not truncate output
configure:5145: result: /bin/sed
configure:5163: checking for fgrep
configure:5225: result: /bin/grep -F
configure:5260: checking for ld used by gcc
configure:5327: result: /usr/bin/ld
configure:5334: checking if the linker (/usr/bin/ld) is GNU ld
configure:5349: result: yes
configure:5361: checking for BSD- or MS-compatible name lister (nm)
configure:5410: result: /usr/bin/nm -B
configure:5540: checking the name lister (/usr/bin/nm -B) interface
configure:5547: gcc -c -g -O2  conftest.c >&5
configure:5550: /usr/bin/nm -B "conftest.o"
configure:5553: output
0000000000000000 B some_variable
configure:5560: result: BSD nm
configure:5564: checking the maximum length of command line arguments
configure:5694: result: 1572864
configure:5711: checking whether the shell understands some XSI constructs
configure:5721: result: yes
configure:5725: checking whether the shell understands "+="
configure:5731: result: yes
configure:5766: checking how to convert x86_64-unknown-linux-gnu file names to x86_64-unknown-linux-gnu format
configure:5806: result: func_convert_file_noop
configure:5813: checking how to convert x86_64-unknown-linux-gnu file names to toolchain format
configure:5833: result: func_convert_file_noop
configure:5840: checking for /usr/bin/ld option to reload object files
configure:5847: result: -r
configure:5921: checking for objdump
configure:5937: found /usr/bin/objdump
configure:5948: result: objdump
configure:5980: checking how to recognize dependent libraries
configure:6182: result: pass_all
configure:6267: checking for dlltool
configure:6297: result: no
configure:6327: checking how to associate runtime and link libraries
configure:6354: result: printf %s\n
configure:6414: checking for ar
configure:6430: found /usr/bin/ar
configure:6441: result: ar
configure:6478: checking for archiver @FILE support
configure:6495: gcc -c -g -O2  conftest.c >&5
configure:6495: $? = 0
configure:6498: ar cru libconftest.a @conftest.lst >&5
configure:6501: $? = 0
configure:6506: ar cru libconftest.a @conftest.lst >&5
ar: conftest.o: No such file or directory
configure:6509: $? = 1
configure:6521: result: @
configure:6579: checking for strip
configure:6595: found /usr/bin/strip
configure:6606: result: strip
configure:6678: checking for ranlib
configure:6694: found /usr/bin/ranlib
configure:6705: result: ranlib
configure:6807: checking command to parse /usr/bin/nm -B output from gcc object
configure:6927: gcc -c -g -O2  conftest.c >&5
configure:6930: $? = 0
configure:6934: /usr/bin/nm -B conftest.o \| sed -n -e 's/^.*[ ]\([ABCDGIRSTW][ABCDGIRSTW]*\)[ ][ ]*\([_A-Za-z][_A-Za-z0-9]*\)$/\1 \2 \2/p' | sed '/ __gnu_lto/d' \> conftest.nm
configure:6937: $? = 0
configure:7003: gcc -o conftest -g -O2   conftest.c conftstm.o >&5
configure:7006: $? = 0
configure:7044: result: ok
configure:7081: checking for sysroot
configure:7111: result: no
configure:7188: gcc -c -g -O2  conftest.c >&5
configure:7191: $? = 0
configure:7367: checking for mt
configure:7383: found /bin/mt
configure:7394: result: mt
configure:7417: checking if mt is a manifest tool
configure:7423: mt '-?'
configure:7431: result: no
configure:8070: checking for dlfcn.h
configure:8070: gcc -c -g -O2  conftest.c >&5
configure:8070: $? = 0
configure:8070: result: yes
configure:8276: checking for objdir
configure:8291: result: .libs
configure:8558: checking if gcc supports -fno-rtti -fno-exceptions
configure:8576: gcc -c -g -O2  -fno-rtti -fno-exceptions conftest.c >&5
cc1: warning: command line option '-fno-rtti' is valid for C++/ObjC++ but not for C [enabled by default]
configure:8580: $? = 0
configure:8593: result: no
configure:8920: checking for gcc option to produce PIC
configure:8927: result: -fPIC -DPIC
configure:8935: checking if gcc PIC flag -fPIC -DPIC works
configure:8953: gcc -c -g -O2  -fPIC -DPIC -DPIC conftest.c >&5
configure:8957: $? = 0
configure:8970: result: yes
configure:8999: checking if gcc static flag -static works
configure:9027: result: yes
configure:9042: checking if gcc supports -c -o file.o
configure:9063: gcc -c -g -O2  -o out/conftest2.o conftest.c >&5
configure:9067: $? = 0
configure:9089: result: yes
configure:9097: checking if gcc supports -c -o file.o
configure:9144: result: yes
configure:9177: checking whether the gcc linker (/usr/bin/ld -m elf_x86_64) supports shared libraries
configure:10330: result: yes
configure:10570: checking dynamic linker characteristics
configure:11081: gcc -o conftest -g -O2   -Wl,-rpath -Wl,/foo conftest.c  >&5
configure:11081: $? = 0
configure:11303: result: GNU/Linux ld.so
configure:11410: checking how to hardcode library paths into programs
configure:11435: result: immediate
configure:11975: checking whether stripping libraries is possible
configure:11980: result: yes
configure:12015: checking if libtool supports shared libraries
configure:12017: result: yes
configure:12020: checking whether to build shared libraries
configure:12041: result: no
configure:12044: checking whether to build static libraries
configure:12048: result: yes
configure:12087: checking for pthread_create in -lpthread
configure:12112: gcc -o conftest -g -O2   conftest.c -lpthread   >&5
configure:12112: $? = 0
configure:12121: result: yes
configure:12178: checking for pthread_create in -lc_r
configure:12203: gcc -o conftest -g -O2   conftest.c -lc_r  -lpthread  >&5
/usr/bin/ld: cannot find -lc_r
collect2: error: ld returned 1 exit status
configure:12203: $? = 1
configure: failed program was:
| /* confdefs.h */
| #define PACKAGE_NAME "ibp"
| #define PACKAGE_TARNAME "ibp"
| #define PACKAGE_VERSION "1.4.0.4"
| #define PACKAGE_STRING "ibp 1.4.0.4"
| #define PACKAGE_BUGREPORT ""
| #define PACKAGE_URL ""
| #define PACKAGE "ibp"
| #define VERSION "1.4.0.4"
| #define STDC_HEADERS 1
| #define HAVE_SYS_TYPES_H 1
| #define HAVE_SYS_STAT_H 1
| #define HAVE_STDLIB_H 1
| #define HAVE_STRING_H 1
| #define HAVE_MEMORY_H 1
| #define HAVE_STRINGS_H 1
| #define HAVE_INTTYPES_H 1
| #define HAVE_STDINT_H 1
| #define HAVE_UNISTD_H 1
| #define __EXTENSIONS__ 1
| #define _ALL_SOURCE 1
| #define _GNU_SOURCE 1
| #define _POSIX_PTHREAD_SEMANTICS 1
| #define _TANDEM_SOURCE 1
| #define HAVE_ALLOCA_H 1
| #define HAVE_ALLOCA 1
| #define HAVE_DLFCN_H 1
| #define LT_OBJDIR ".libs/"
| #define HAVE_LIBPTHREAD 1
| /* end confdefs.h.  */
| 
| /* Override any GCC internal prototype to avoid an error.
|    Use char because int might match the return type of a GCC
|    builtin and then its argument prototype would still apply.  */
| #ifdef __cplusplus
| extern "C"
| #endif
| char pthread_create ();
| int
| main ()
| {
| return pthread_create ();
|   ;
|   return 0;
| }
configure:12212: result: no
configure:12223: checking for connect in -lsocket
configure:12248: gcc -o conftest -g -O2   conftest.c -lsocket  -lpthread  >&5
/usr/bin/ld: cannot find -lsocket
collect2: error: ld returned 1 exit status
configure:12248: $? = 1
configure: failed program was:
| /* confdefs.h */
| #define PACKAGE_NAME "ibp"
| #define PACKAGE_TARNAME "ibp"
| #define PACKAGE_VERSION "1.4.0.4"
| #define PACKAGE_STRING "ibp 1.4.0.4"
| #define PACKAGE_BUGREPORT ""
| #define PACKAGE_URL ""
| #define PACKAGE "ibp"
| #define VERSION "1.4.0.4"
| #define STDC_HEADERS 1
| #define HAVE_SYS_TYPES_H 1
| #define HAVE_SYS_STAT_H 1
| #define HAVE_STDLIB_H 1
| #define HAVE_STRING_H 1
| #define HAVE_MEMORY_H 1
| #define HAVE_STRINGS_H 1
| #define HAVE_INTTYPES_H 1
| #define HAVE_STDINT_H 1
| #define HAVE_UNISTD_H 1
| #define __EXTENSIONS__ 1
| #define _ALL_SOURCE 1
| #define _GNU_SOURCE 1
| #define _POSIX_PTHREAD_SEMANTICS 1
| #define _TANDEM_SOURCE 1
| #define HAVE_ALLOCA_H 1
| #define HAVE_ALLOCA 1
| #define HAVE_DLFCN_H 1
| #define LT_OBJDIR ".libs/"
| #define HAVE_LIBPTHREAD 1
| /* end confdefs.h.  */
| 
| /* Override any GCC internal prototype to avoid an error.
|    Use char because int might match the return type of a GCC
|    builtin and then its argument prototype would still apply.  */
| #ifdef __cplusplus
| extern "C"
| #endif
| char connect ();
| int
| main ()
| {
| return connect ();
|   ;
|   return 0;
| }
configure:12257: result: no
configure:12268: checking for c in -lgetpagesize
configure:12293: gcc -o conftest -g -O2   conftest.c -lgetpagesize  -lpthread  >&5
/usr/bin/ld: cannot find -lgetpagesize
collect2: error: ld returned 1 exit status
configure:12293: $? = 1
configure: failed program was:
| /* confdefs.h */
| #define PACKAGE_NAME "ibp"
| #define PACKAGE_TARNAME "ibp"
| #define PACKAGE_VERSION "1.4.0.4"
| #define PACKAGE_STRING "ibp 1.4.0.4"
| #define PACKAGE_BUGREPORT ""
| #define PACKAGE_URL ""
| #define PACKAGE "ibp"
| #define VERSION "1.4.0.4"
| #define STDC_HEADERS 1
| #define HAVE_SYS_TYPES_H 1
| #define HAVE_SYS_STAT_H 1
| #define HAVE_STDLIB_H 1
| #define HAVE_STRING_H 1
| #define HAVE_MEMORY_H 1
| #define HAVE_STRINGS_H 1
| #define HAVE_INTTYPES_H 1
| #define HAVE_STDINT_H 1
| #define HAVE_UNISTD_H 1
| #define __EXTENSIONS__ 1
| #define _ALL_SOURCE 1
| #define _GNU_SOURCE 1
| #define _POSIX_PTHREAD_SEMANTICS 1
| #define _TANDEM_SOURCE 1
| #define HAVE_ALLOCA_H 1
| #define HAVE_ALLOCA 1
| #define HAVE_DLFCN_H 1
| #define LT_OBJDIR ".libs/"
| #define HAVE_LIBPTHREAD 1
| /* end confdefs.h.  */
| 
| /* Override any GCC internal prototype to avoid an error.
|    Use char because int might match the return type of a GCC
|    builtin and then its argument prototype would still apply.  */
| #ifdef __cplusplus
| extern "C"
| #endif
| char c ();
| int
| main ()
| {
| return c ();
|   ;
|   return 0;
| }
configure:12302: result: no
configure:12313: checking for getaddrinfo in -lnsl
configure:12338: gcc -o conftest -g -O2   conftest.c -lnsl  -lpthread  >&5
configure:12338: $? = 0
configure:12347: result: yes
configure:12358: checking for gethostbyname in -lnsl
configure:12383: gcc -o conftest -g -O2   conftest.c -lnsl  -lnsl -lpthread  >&5
configure:12383: $? = 0
configure:12392: result: yes
configure:12403: checking for SSL_free in -lssl
configure:12428: gcc -o conftest -g -O2   conftest.c -lssl  -lnsl -lnsl -lpthread  >&5
/usr/bin/ld: cannot find -lssl
collect2: error: ld returned 1 exit status
configure:12428: $? = 1
configure: failed program was:
| /* confdefs.h */
| #define PACKAGE_NAME "ibp"
| #define PACKAGE_TARNAME "ibp"
| #define PACKAGE_VERSION "1.4.0.4"
| #define PACKAGE_STRING "ibp 1.4.0.4"
| #define PACKAGE_BUGREPORT ""
| #define PACKAGE_URL ""
| #define PACKAGE "ibp"
| #define VERSION "1.4.0.4"
| #define STDC_HEADERS 1
| #define HAVE_SYS_TYPES_H 1
| #define HAVE_SYS_STAT_H 1
| #define HAVE_STDLIB_H 1
| #define HAVE_STRING_H 1
| #define HAVE_MEMORY_H 1
| #define HAVE_STRINGS_H 1
| #define HAVE_INTTYPES_H 1
| #define HAVE_STDINT_H 1
| #define HAVE_UNISTD_H 1
| #define __EXTENSIONS__ 1
| #define _ALL_SOURCE 1
| #define _GNU_SOURCE 1
| #define _POSIX_PTHREAD_SEMANTICS 1
| #define _TANDEM_SOURCE 1
| #define HAVE_ALLOCA_H 1
| #define HAVE_ALLOCA 1
| #define HAVE_DLFCN_H 1
| #define LT_OBJDIR ".libs/"
| #define HAVE_LIBPTHREAD 1
| #define HAVE_LIBNSL 1
| #define HAVE_LIBNSL 1
| /* end confdefs.h.  */
| 
| /* Override any GCC internal prototype to avoid an error.
|    Use char because int might match the return type of a GCC
|    builtin and then its argument prototype would still apply.  */
| #ifdef __cplusplus
| extern "C"
| #endif
| char SSL_free ();
| int
| main ()
| {
| return SSL_free ();
|   ;
|   return 0;
| }
configure:12437: result: no
configure:12448: checking for X509_NAME_get_text_by_NID in -lcrypto
configure:12473: gcc -o conftest -g -O2   conftest.c -lcrypto  -lnsl -lnsl -lpthread  >&5
/usr/bin/ld: cannot find -lcrypto
collect2: error: ld returned 1 exit status
configure:12473: $? = 1
configure: failed program was:
| /* confdefs.h */
| #define PACKAGE_NAME "ibp"
| #define PACKAGE_TARNAME "ibp"
| #define PACKAGE_VERSION "1.4.0.4"
| #define PACKAGE_STRING "ibp 1.4.0.4"
| #define PACKAGE_BUGREPORT ""
| #define PACKAGE_URL ""
| #define PACKAGE "ibp"
| #define VERSION "1.4.0.4"
| #define STDC_HEADERS 1
| #define HAVE_SYS_TYPES_H 1
| #define HAVE_SYS_STAT_H 1
| #define HAVE_STDLIB_H 1
| #define HAVE_STRING_H 1
| #define HAVE_MEMORY_H 1
| #define HAVE_STRINGS_H 1
| #define HAVE_INTTYPES_H 1
| #define HAVE_STDINT_H 1
| #define HAVE_UNISTD_H 1
| #define __EXTENSIONS__ 1
| #define _ALL_SOURCE 1
| #define _GNU_SOURCE 1
| #define _POSIX_PTHREAD_SEMANTICS 1
| #define _TANDEM_SOURCE 1
| #define HAVE_ALLOCA_H 1
| #define HAVE_ALLOCA 1
| #define HAVE_DLFCN_H 1
| #define LT_OBJDIR ".libs/"
| #define HAVE_LIBPTHREAD 1
| #define HAVE_LIBNSL 1
| #define HAVE_LIBNSL 1
| /* end confdefs.h.  */
| 
| /* Override any GCC internal prototype to avoid an error.
|    Use char because int might match the return type of a GCC
|    builtin and then its argument prototype would still apply.  */
| #ifdef __cplusplus
| extern "C"
| #endif
| char X509_NAME_get_text_by_NID ();
| int
| main ()
| {
| return X509_NAME_get_text_by_NID ();
|   ;
|   return 0;
| }
configure:12482: result: no
configure:12493: checking for pow in -lm
configure:12518: gcc -o conftest -g -O2   conftest.c -lm  -lnsl -lnsl -lpthread  >&5
conftest.c:40:6: warning: conflicting types for built-in function 'pow' [enabled by default]
configure:12518: $? = 0
configure:12527: result: yes
configure:12538: checking for dlopen in -ldl
configure:12563: gcc -o conftest -g -O2   conftest.c -ldl  -lm -lnsl -lnsl -lpthread  >&5
configure:12563: $? = 0
configure:12572: result: yes
configure:12587: checking for dirent.h that defines DIR
configure:12606: gcc -c -g -O2  conftest.c >&5
configure:12606: $? = 0
configure:12614: result: yes
configure:12627: checking for library containing opendir
configure:12658: gcc -o conftest -g -O2   conftest.c -ldl -lm -lnsl -lnsl -lpthread  >&5
configure:12658: $? = 0
configure:12675: result: none required
configure:12742: checking for ANSI C header files
configure:12846: result: yes
configure:12854: checking for sys/wait.h that is POSIX.1 compatible
configure:12880: gcc -c -g -O2  conftest.c >&5
configure:12880: $? = 0
configure:12887: result: yes
configure:12898: checking fcntl.h usability
configure:12898: gcc -c -g -O2  conftest.c >&5
configure:12898: $? = 0
configure:12898: result: yes
configure:12898: checking fcntl.h presence
configure:12898: gcc -E  conftest.c
configure:12898: $? = 0
configure:12898: result: yes
configure:12898: checking for fcntl.h
configure:12898: result: yes
configure:12898: checking limits.h usability
configure:12898: gcc -c -g -O2  conftest.c >&5
configure:12898: $? = 0
configure:12898: result: yes
configure:12898: checking limits.h presence
configure:12898: gcc -E  conftest.c
configure:12898: $? = 0
configure:12898: result: yes
configure:12898: checking for limits.h
configure:12898: result: yes
configure:12898: checking malloc.h usability
configure:12898: gcc -c -g -O2  conftest.c >&5
configure:12898: $? = 0
configure:12898: result: yes
configure:12898: checking malloc.h presence
configure:12898: gcc -E  conftest.c
configure:12898: $? = 0
configure:12898: result: yes
configure:12898: checking for malloc.h
configure:12898: result: yes
configure:12898: checking for strings.h
configure:12898: result: yes
configure:12898: checking sys/file.h usability
configure:12898: gcc -c -g -O2  conftest.c >&5
configure:12898: $? = 0
configure:12898: result: yes
configure:12898: checking sys/file.h presence
configure:12898: gcc -E  conftest.c
configure:12898: $? = 0
configure:12898: result: yes
configure:12898: checking for sys/file.h
configure:12898: result: yes
configure:12898: checking sys/time.h usability
configure:12898: gcc -c -g -O2  conftest.c >&5
configure:12898: $? = 0
configure:12898: result: yes
configure:12898: checking sys/time.h presence
configure:12898: gcc -E  conftest.c
configure:12898: $? = 0
configure:12898: result: yes
configure:12898: checking for sys/time.h
configure:12898: result: yes
configure:12898: checking for unistd.h
configure:12898: result: yes
configure:12898: checking ctype.h usability
configure:12898: gcc -c -g -O2  conftest.c >&5
configure:12898: $? = 0
configure:12898: result: yes
configure:12898: checking ctype.h presence
configure:12898: gcc -E  conftest.c
configure:12898: $? = 0
configure:12898: result: yes
configure:12898: checking for ctype.h
configure:12898: result: yes
configure:12911: checking sys/utsname.h usability
configure:12911: gcc -c -g -O2  conftest.c >&5
configure:12911: $? = 0
configure:12911: result: yes
configure:12911: checking sys/utsname.h presence
configure:12911: gcc -E  conftest.c
configure:12911: $? = 0
configure:12911: result: yes
configure:12911: checking for sys/utsname.h
configure:12911: result: yes
configure:12911: checking for sys/wait.h
configure:12911: result: yes
configure:12911: checking for sys/stat.h
configure:12911: result: yes
configure:12911: checking sys/select usability
configure:12911: gcc -c -g -O2  conftest.c >&5
conftest.c:82:22: fatal error: sys/select: No such file or directory
compilation terminated.
configure:12911: $? = 1
configure: failed program was:
| /* confdefs.h */
| #define PACKAGE_NAME "ibp"
| #define PACKAGE_TARNAME "ibp"
| #define PACKAGE_VERSION "1.4.0.4"
| #define PACKAGE_STRING "ibp 1.4.0.4"
| #define PACKAGE_BUGREPORT ""
| #define PACKAGE_URL ""
| #define PACKAGE "ibp"
| #define VERSION "1.4.0.4"
| #define STDC_HEADERS 1
| #define HAVE_SYS_TYPES_H 1
| #define HAVE_SYS_STAT_H 1
| #define HAVE_STDLIB_H 1
| #define HAVE_STRING_H 1
| #define HAVE_MEMORY_H 1
| #define HAVE_STRINGS_H 1
| #define HAVE_INTTYPES_H 1
| #define HAVE_STDINT_H 1
| #define HAVE_UNISTD_H 1
| #define __EXTENSIONS__ 1
| #define _ALL_SOURCE 1
| #define _GNU_SOURCE 1
| #define _POSIX_PTHREAD_SEMANTICS 1
| #define _TANDEM_SOURCE 1
| #define HAVE_ALLOCA_H 1
| #define HAVE_ALLOCA 1
| #define HAVE_DLFCN_H 1
| #define LT_OBJDIR ".libs/"
| #define HAVE_LIBPTHREAD 1
| #define HAVE_LIBNSL 1
| #define HAVE_LIBNSL 1
| #define HAVE_LIBM 1
| #define HAVE_LIBDL 1
| #define HAVE_DIRENT_H 1
| #define STDC_HEADERS 1
| #define HAVE_SYS_WAIT_H 1
| #define HAVE_FCNTL_H 1
| #define HAVE_LIMITS_H 1
| #define HAVE_MALLOC_H 1
| #define HAVE_STRINGS_H 1
| #define HAVE_SYS_FILE_H 1
| #define HAVE_SYS_TIME_H 1
| #define HAVE_UNISTD_H 1
| #define HAVE_CTYPE_H 1
| #define HAVE_SYS_UTSNAME_H 1
| #define HAVE_SYS_WAIT_H 1
| #define HAVE_SYS_STAT_H 1
| /* end confdefs.h.  */
| #include <stdio.h>
| #ifdef HAVE_SYS_TYPES_H
| # include <sys/types.h>
| #endif
| #ifdef HAVE_SYS_STAT_H
| # include <sys/stat.h>
| #endif
| #ifdef STDC_HEADERS
| # include <stdlib.h>
| # include <stddef.h>
| #else
| # ifdef HAVE_STDLIB_H
| #  include <stdlib.h>
| # endif
| #endif
| #ifdef HAVE_STRING_H
| # if !defined STDC_HEADERS && defined HAVE_MEMORY_H
| #  include <memory.h>
| # endif
| # include <string.h>
| #endif
| #ifdef HAVE_STRINGS_H
| # include <strings.h>
| #endif
| #ifdef HAVE_INTTYPES_H
| # include <inttypes.h>
| #endif
| #ifdef HAVE_STDINT_H
| # include <stdint.h>
| #endif
| #ifdef HAVE_UNISTD_H
| # include <unistd.h>
| #endif
| #include <sys/select>
configure:12911: result: no
configure:12911: checking sys/select presence
configure:12911: gcc -E  conftest.c
conftest.c:49:22: fatal error: sys/select: No such file or directory
compilation terminated.
configure:12911: $? = 1
configure: failed program was:
| /* confdefs.h */
| #define PACKAGE_NAME "ibp"
| #define PACKAGE_TARNAME "ibp"
| #define PACKAGE_VERSION "1.4.0.4"
| #define PACKAGE_STRING "ibp 1.4.0.4"
| #define PACKAGE_BUGREPORT ""
| #define PACKAGE_URL ""
| #define PACKAGE "ibp"
| #define VERSION "1.4.0.4"
| #define STDC_HEADERS 1
| #define HAVE_SYS_TYPES_H 1
| #define HAVE_SYS_STAT_H 1
| #define HAVE_STDLIB_H 1
| #define HAVE_STRING_H 1
| #define HAVE_MEMORY_H 1
| #define HAVE_STRINGS_H 1
| #define HAVE_INTTYPES_H 1
| #define HAVE_STDINT_H 1
| #define HAVE_UNISTD_H 1
| #define __EXTENSIONS__ 1
| #define _ALL_SOURCE 1
| #define _GNU_SOURCE 1
| #define _POSIX_PTHREAD_SEMANTICS 1
| #define _TANDEM_SOURCE 1
| #define HAVE_ALLOCA_H 1
| #define HAVE_ALLOCA 1
| #define HAVE_DLFCN_H 1
| #define LT_OBJDIR ".libs/"
| #define HAVE_LIBPTHREAD 1
| #define HAVE_LIBNSL 1
| #define HAVE_LIBNSL 1
| #define HAVE_LIBM 1
| #define HAVE_LIBDL 1
| #define HAVE_DIRENT_H 1
| #define STDC_HEADERS 1
| #define HAVE_SYS_WAIT_H 1
| #define HAVE_FCNTL_H 1
| #define HAVE_LIMITS_H 1
| #define HAVE_MALLOC_H 1
| #define HAVE_STRINGS_H 1
| #define HAVE_SYS_FILE_H 1
| #define HAVE_SYS_TIME_H 1
| #define HAVE_UNISTD_H 1
| #define HAVE_CTYPE_H 1
| #define HAVE_SYS_UTSNAME_H 1
| #define HAVE_SYS_WAIT_H 1
| #define HAVE_SYS_STAT_H 1
| /* end confdefs.h.  */
| #include <sys/select>
configure:12911: result: no
configure:12911: checking for sys/select
configure:12911: result: no
configure:12911: checking sys/un.h usability
configure:12911: gcc -c -g -O2  conftest.c >&5
configure:12911: $? = 0
configure:12911: result: yes
configure:12911: checking sys/un.h presence
configure:12911: gcc -E  conftest.c
configure:12911: $? = 0
configure:12911: result: yes
configure:12911: checking for sys/un.h
configure:12911: result: yes
configure:12924: checking pthread.h usability
configure:12924: gcc -c -g -O2  conftest.c >&5
configure:12924: $? = 0
configure:12924: result: yes
configure:12924: checking pthread.h presence
configure:12924: gcc -E  conftest.c
configure:12924: $? = 0
configure:12924: result: yes
configure:12924: checking for pthread.h
configure:12924: result: yes
configure:12945: checking sys/mman.h usability
configure:12945: gcc -c -g -O2  conftest.c >&5
configure:12945: $? = 0
configure:12945: result: yes
configure:12945: checking sys/mman.h presence
configure:12945: gcc -E  conftest.c
configure:12945: $? = 0
configure:12945: result: yes
configure:12945: checking for sys/mman.h
configure:12945: result: yes
configure:12945: checking arpa/inet.h usability
configure:12945: gcc -c -g -O2  conftest.c >&5
configure:12945: $? = 0
configure:12945: result: yes
configure:12945: checking arpa/inet.h presence
configure:12945: gcc -E  conftest.c
configure:12945: $? = 0
configure:12945: result: yes
configure:12945: checking for arpa/inet.h
configure:12945: result: yes
configure:12945: checking sys/socket.h usability
configure:12945: gcc -c -g -O2  conftest.c >&5
configure:12945: $? = 0
configure:12945: result: yes
configure:12945: checking sys/socket.h presence
configure:12945: gcc -E  conftest.c
configure:12945: $? = 0
configure:12945: result: yes
configure:12945: checking for sys/socket.h
configure:12945: result: yes
configure:12945: checking netinet/in.h usability
configure:12945: gcc -c -g -O2  conftest.c >&5
configure:12945: $? = 0
configure:12945: result: yes
configure:12945: checking netinet/in.h presence
configure:12945: gcc -E  conftest.c
configure:12945: $? = 0
configure:12945: result: yes
configure:12945: checking for netinet/in.h
configure:12945: result: yes
configure:12945: checking netdb.h usability
configure:12945: gcc -c -g -O2  conftest.c >&5
configure:12945: $? = 0
configure:12945: result: yes
configure:12945: checking netdb.h presence
configure:12945: gcc -E  conftest.c
configure:12945: $? = 0
configure:12945: result: yes
configure:12945: checking for netdb.h
configure:12945: result: yes
configure:12958: checking sys/statvfs.h usability
configure:12958: gcc -c -g -O2  conftest.c >&5
configure:12958: $? = 0
configure:12958: result: yes
configure:12958: checking sys/statvfs.h presence
configure:12958: gcc -E  conftest.c
configure:12958: $? = 0
configure:12958: result: yes
configure:12958: checking for sys/statvfs.h
configure:12958: result: yes
configure:12958: checking sys/vfs.h usability
configure:12958: gcc -c -g -O2  conftest.c >&5
configure:12958: $? = 0
configure:12958: result: yes
configure:12958: checking sys/vfs.h presence
configure:12958: gcc -E  conftest.c
configure:12958: $? = 0
configure:12958: result: yes
configure:12958: checking for sys/vfs.h
configure:12958: result: yes
configure:12958: checking sys/resource.h usability
configure:12958: gcc -c -g -O2  conftest.c >&5
configure:12958: $? = 0
configure:12958: result: yes
configure:12958: checking sys/resource.h presence
configure:12958: gcc -E  conftest.c
configure:12958: $? = 0
configure:12958: result: yes
configure:12958: checking for sys/resource.h
configure:12958: result: yes
configure:12958: checking sys/socketvar.h usability
configure:12958: gcc -c -g -O2  conftest.c >&5
configure:12958: $? = 0
configure:12958: result: yes
configure:12958: checking sys/socketvar.h presence
configure:12958: gcc -E  conftest.c
configure:12958: $? = 0
configure:12958: result: yes
configure:12958: checking for sys/socketvar.h
configure:12958: result: yes
configure:12971: checking sys/sockio.h usability
configure:12971: gcc -c -g -O2  conftest.c >&5
conftest.c:93:24: fatal error: sys/sockio.h: No such file or directory
compilation terminated.
configure:12971: $? = 1
configure: failed program was:
| /* confdefs.h */
| #define PACKAGE_NAME "ibp"
| #define PACKAGE_TARNAME "ibp"
| #define PACKAGE_VERSION "1.4.0.4"
| #define PACKAGE_STRING "ibp 1.4.0.4"
| #define PACKAGE_BUGREPORT ""
| #define PACKAGE_URL ""
| #define PACKAGE "ibp"
| #define VERSION "1.4.0.4"
| #define STDC_HEADERS 1
| #define HAVE_SYS_TYPES_H 1
| #define HAVE_SYS_STAT_H 1
| #define HAVE_STDLIB_H 1
| #define HAVE_STRING_H 1
| #define HAVE_MEMORY_H 1
| #define HAVE_STRINGS_H 1
| #define HAVE_INTTYPES_H 1
| #define HAVE_STDINT_H 1
| #define HAVE_UNISTD_H 1
| #define __EXTENSIONS__ 1
| #define _ALL_SOURCE 1
| #define _GNU_SOURCE 1
| #define _POSIX_PTHREAD_SEMANTICS 1
| #define _TANDEM_SOURCE 1
| #define HAVE_ALLOCA_H 1
| #define HAVE_ALLOCA 1
| #define HAVE_DLFCN_H 1
| #define LT_OBJDIR ".libs/"
| #define HAVE_LIBPTHREAD 1
| #define HAVE_LIBNSL 1
| #define HAVE_LIBNSL 1
| #define HAVE_LIBM 1
| #define HAVE_LIBDL 1
| #define HAVE_DIRENT_H 1
| #define STDC_HEADERS 1
| #define HAVE_SYS_WAIT_H 1
| #define HAVE_FCNTL_H 1
| #define HAVE_LIMITS_H 1
| #define HAVE_MALLOC_H 1
| #define HAVE_STRINGS_H 1
| #define HAVE_SYS_FILE_H 1
| #define HAVE_SYS_TIME_H 1
| #define HAVE_UNISTD_H 1
| #define HAVE_CTYPE_H 1
| #define HAVE_SYS_UTSNAME_H 1
| #define HAVE_SYS_WAIT_H 1
| #define HAVE_SYS_STAT_H 1
| #define HAVE_SYS_UN_H 1
| #define HAVE_PTHREAD_H 1
| #define HAVE_SYS_MMAN_H 1
| #define HAVE_ARPA_INET_H 1
| #define HAVE_SYS_SOCKET_H 1
| #define HAVE_NETINET_IN_H 1
| #define HAVE_NETDB_H 1
| #define HAVE_SYS_STATVFS_H 1
| #define HAVE_SYS_VFS_H 1
| #define HAVE_SYS_RESOURCE_H 1
| #define HAVE_SYS_SOCKETVAR_H 1
| /* end confdefs.h.  */
| #include <stdio.h>
| #ifdef HAVE_SYS_TYPES_H
| # include <sys/types.h>
| #endif
| #ifdef HAVE_SYS_STAT_H
| # include <sys/stat.h>
| #endif
| #ifdef STDC_HEADERS
| # include <stdlib.h>
| # include <stddef.h>
| #else
| # ifdef HAVE_STDLIB_H
| #  include <stdlib.h>
| # endif
| #endif
| #ifdef HAVE_STRING_H
| # if !defined STDC_HEADERS && defined HAVE_MEMORY_H
| #  include <memory.h>
| # endif
| # include <string.h>
| #endif
| #ifdef HAVE_STRINGS_H
| # include <strings.h>
| #endif
| #ifdef HAVE_INTTYPES_H
| # include <inttypes.h>
| #endif
| #ifdef HAVE_STDINT_H
| # include <stdint.h>
| #endif
| #ifdef HAVE_UNISTD_H
| # include <unistd.h>
| #endif
| #include <sys/sockio.h>
configure:12971: result: no
configure:12971: checking sys/sockio.h presence
configure:12971: gcc -E  conftest.c
conftest.c:60:24: fatal error: sys/sockio.h: No such file or directory
compilation terminated.
configure:12971: $? = 1
configure: failed program was:
| /* confdefs.h */
| #define PACKAGE_NAME "ibp"
| #define PACKAGE_TARNAME "ibp"
| #define PACKAGE_VERSION "1.4.0.4"
| #define PACKAGE_STRING "ibp 1.4.0.4"
| #define PACKAGE_BUGREPORT ""
| #define PACKAGE_URL ""
| #define PACKAGE "ibp"
| #define VERSION "1.4.0.4"
| #define STDC_HEADERS 1
| #define HAVE_SYS_TYPES_H 1
| #define HAVE_SYS_STAT_H 1
| #define HAVE_STDLIB_H 1
| #define HAVE_STRING_H 1
| #define HAVE_MEMORY_H 1
| #define HAVE_STRINGS_H 1
| #define HAVE_INTTYPES_H 1
| #define HAVE_STDINT_H 1
| #define HAVE_UNISTD_H 1
| #define __EXTENSIONS__ 1
| #define _ALL_SOURCE 1
| #define _GNU_SOURCE 1
| #define _POSIX_PTHREAD_SEMANTICS 1
| #define _TANDEM_SOURCE 1
| #define HAVE_ALLOCA_H 1
| #define HAVE_ALLOCA 1
| #define HAVE_DLFCN_H 1
| #define LT_OBJDIR ".libs/"
| #define HAVE_LIBPTHREAD 1
| #define HAVE_LIBNSL 1
| #define HAVE_LIBNSL 1
| #define HAVE_LIBM 1
| #define HAVE_LIBDL 1
| #define HAVE_DIRENT_H 1
| #define STDC_HEADERS 1
| #define HAVE_SYS_WAIT_H 1
| #define HAVE_FCNTL_H 1
| #define HAVE_LIMITS_H 1
| #define HAVE_MALLOC_H 1
| #define HAVE_STRINGS_H 1
| #define HAVE_SYS_FILE_H 1
| #define HAVE_SYS_TIME_H 1
| #define HAVE_UNISTD_H 1
| #define HAVE_CTYPE_H 1
| #define HAVE_SYS_UTSNAME_H 1
| #define HAVE_SYS_WAIT_H 1
| #define HAVE_SYS_STAT_H 1
| #define HAVE_SYS_UN_H 1
| #define HAVE_PTHREAD_H 1
| #define HAVE_SYS_MMAN_H 1
| #define HAVE_ARPA_INET_H 1
| #define HAVE_SYS_SOCKET_H 1
| #define HAVE_NETINET_IN_H 1
| #define HAVE_NETDB_H 1
| #define HAVE_SYS_STATVFS_H 1
| #define HAVE_SYS_VFS_H 1
| #define HAVE_SYS_RESOURCE_H 1
| #define HAVE_SYS_SOCKETVAR_H 1
| /* end confdefs.h.  */
| #include <sys/sockio.h>
configure:12971: result: no
configure:12971: checking for sys/sockio.h
configure:12971: result: no
configure:12971: checking sys/param.h usability
configure:12971: gcc -c -g -O2  conftest.c >&5
configure:12971: $? = 0
configure:12971: result: yes
configure:12971: checking sys/param.h presence
configure:12971: gcc -E  conftest.c
configure:12971: $? = 0
configure:12971: result: yes
configure:12971: checking for sys/param.h
configure:12971: result: yes
configure:12971: checking sys/mount.h usability
configure:12971: gcc -c -g -O2  conftest.c >&5
configure:12971: $? = 0
configure:12971: result: yes
configure:12971: checking sys/mount.h presence
configure:12971: gcc -E  conftest.c
configure:12971: $? = 0
configure:12971: result: yes
configure:12971: checking for sys/mount.h
configure:12971: result: yes
configure:12971: checking assert.h usability
configure:12971: gcc -c -g -O2  conftest.c >&5
configure:12971: $? = 0
configure:12971: result: yes
configure:12971: checking assert.h presence
configure:12971: gcc -E  conftest.c
configure:12971: $? = 0
configure:12971: result: yes
configure:12971: checking for assert.h
configure:12971: result: yes
configure:12971: checking for stdint.h
configure:12971: result: yes
configure:12971: checking for dlfcn.h
configure:12971: result: yes
configure:12983: checking openssl/ssl.h usability
configure:12983: gcc -c -g -O2  conftest.c >&5
conftest.c:98:25: fatal error: openssl/ssl.h: No such file or directory
compilation terminated.
configure:12983: $? = 1
configure: failed program was:
| /* confdefs.h */
| #define PACKAGE_NAME "ibp"
| #define PACKAGE_TARNAME "ibp"
| #define PACKAGE_VERSION "1.4.0.4"
| #define PACKAGE_STRING "ibp 1.4.0.4"
| #define PACKAGE_BUGREPORT ""
| #define PACKAGE_URL ""
| #define PACKAGE "ibp"
| #define VERSION "1.4.0.4"
| #define STDC_HEADERS 1
| #define HAVE_SYS_TYPES_H 1
| #define HAVE_SYS_STAT_H 1
| #define HAVE_STDLIB_H 1
| #define HAVE_STRING_H 1
| #define HAVE_MEMORY_H 1
| #define HAVE_STRINGS_H 1
| #define HAVE_INTTYPES_H 1
| #define HAVE_STDINT_H 1
| #define HAVE_UNISTD_H 1
| #define __EXTENSIONS__ 1
| #define _ALL_SOURCE 1
| #define _GNU_SOURCE 1
| #define _POSIX_PTHREAD_SEMANTICS 1
| #define _TANDEM_SOURCE 1
| #define HAVE_ALLOCA_H 1
| #define HAVE_ALLOCA 1
| #define HAVE_DLFCN_H 1
| #define LT_OBJDIR ".libs/"
| #define HAVE_LIBPTHREAD 1
| #define HAVE_LIBNSL 1
| #define HAVE_LIBNSL 1
| #define HAVE_LIBM 1
| #define HAVE_LIBDL 1
| #define HAVE_DIRENT_H 1
| #define STDC_HEADERS 1
| #define HAVE_SYS_WAIT_H 1
| #define HAVE_FCNTL_H 1
| #define HAVE_LIMITS_H 1
| #define HAVE_MALLOC_H 1
| #define HAVE_STRINGS_H 1
| #define HAVE_SYS_FILE_H 1
| #define HAVE_SYS_TIME_H 1
| #define HAVE_UNISTD_H 1
| #define HAVE_CTYPE_H 1
| #define HAVE_SYS_UTSNAME_H 1
| #define HAVE_SYS_WAIT_H 1
| #define HAVE_SYS_STAT_H 1
| #define HAVE_SYS_UN_H 1
| #define HAVE_PTHREAD_H 1
| #define HAVE_SYS_MMAN_H 1
| #define HAVE_ARPA_INET_H 1
| #define HAVE_SYS_SOCKET_H 1
| #define HAVE_NETINET_IN_H 1
| #define HAVE_NETDB_H 1
| #define HAVE_SYS_STATVFS_H 1
| #define HAVE_SYS_VFS_H 1
| #define HAVE_SYS_RESOURCE_H 1
| #define HAVE_SYS_SOCKETVAR_H 1
| #define HAVE_SYS_PARAM_H 1
| #define HAVE_SYS_MOUNT_H 1
| #define HAVE_ASSERT_H 1
| #define HAVE_STDINT_H 1
| #define HAVE_DLFCN_H 1
| /* end confdefs.h.  */
| #include <stdio.h>
| #ifdef HAVE_SYS_TYPES_H
| # include <sys/types.h>
| #endif
| #ifdef HAVE_SYS_STAT_H
| # include <sys/stat.h>
| #endif
| #ifdef STDC_HEADERS
| # include <stdlib.h>
| # include <stddef.h>
| #else
| # ifdef HAVE_STDLIB_H
| #  include <stdlib.h>
| # endif
| #endif
| #ifdef HAVE_STRING_H
| # if !defined STDC_HEADERS && defined HAVE_MEMORY_H
| #  include <memory.h>
| # endif
| # include <string.h>
| #endif
| #ifdef HAVE_STRINGS_H
| # include <strings.h>
| #endif
| #ifdef HAVE_INTTYPES_H
| # include <inttypes.h>
| #endif
| #ifdef HAVE_STDINT_H
| # include <stdint.h>
| #endif
| #ifdef HAVE_UNISTD_H
| # include <unistd.h>
| #endif
| #include <openssl/ssl.h>
configure:12983: result: no
configure:12983: checking openssl/ssl.h presence
configure:12983: gcc -E  conftest.c
conftest.c:65:25: fatal error: openssl/ssl.h: No such file or directory
compilation terminated.
configure:12983: $? = 1
configure: failed program was:
| /* confdefs.h */
| #define PACKAGE_NAME "ibp"
| #define PACKAGE_TARNAME "ibp"
| #define PACKAGE_VERSION "1.4.0.4"
| #define PACKAGE_STRING "ibp 1.4.0.4"
| #define PACKAGE_BUGREPORT ""
| #define PACKAGE_URL ""
| #define PACKAGE "ibp"
| #define VERSION "1.4.0.4"
| #define STDC_HEADERS 1
| #define HAVE_SYS_TYPES_H 1
| #define HAVE_SYS_STAT_H 1
| #define HAVE_STDLIB_H 1
| #define HAVE_STRING_H 1
| #define HAVE_MEMORY_H 1
| #define HAVE_STRINGS_H 1
| #define HAVE_INTTYPES_H 1
| #define HAVE_STDINT_H 1
| #define HAVE_UNISTD_H 1
| #define __EXTENSIONS__ 1
| #define _ALL_SOURCE 1
| #define _GNU_SOURCE 1
| #define _POSIX_PTHREAD_SEMANTICS 1
| #define _TANDEM_SOURCE 1
| #define HAVE_ALLOCA_H 1
| #define HAVE_ALLOCA 1
| #define HAVE_DLFCN_H 1
| #define LT_OBJDIR ".libs/"
| #define HAVE_LIBPTHREAD 1
| #define HAVE_LIBNSL 1
| #define HAVE_LIBNSL 1
| #define HAVE_LIBM 1
| #define HAVE_LIBDL 1
| #define HAVE_DIRENT_H 1
| #define STDC_HEADERS 1
| #define HAVE_SYS_WAIT_H 1
| #define HAVE_FCNTL_H 1
| #define HAVE_LIMITS_H 1
| #define HAVE_MALLOC_H 1
| #define HAVE_STRINGS_H 1
| #define HAVE_SYS_FILE_H 1
| #define HAVE_SYS_TIME_H 1
| #define HAVE_UNISTD_H 1
| #define HAVE_CTYPE_H 1
| #define HAVE_SYS_UTSNAME_H 1
| #define HAVE_SYS_WAIT_H 1
| #define HAVE_SYS_STAT_H 1
| #define HAVE_SYS_UN_H 1
| #define HAVE_PTHREAD_H 1
| #define HAVE_SYS_MMAN_H 1
| #define HAVE_ARPA_INET_H 1
| #define HAVE_SYS_SOCKET_H 1
| #define HAVE_NETINET_IN_H 1
| #define HAVE_NETDB_H 1
| #define HAVE_SYS_STATVFS_H 1
| #define HAVE_SYS_VFS_H 1
| #define HAVE_SYS_RESOURCE_H 1
| #define HAVE_SYS_SOCKETVAR_H 1
| #define HAVE_SYS_PARAM_H 1
| #define HAVE_SYS_MOUNT_H 1
| #define HAVE_ASSERT_H 1
| #define HAVE_STDINT_H 1
| #define HAVE_DLFCN_H 1
| /* end confdefs.h.  */
| #include <openssl/ssl.h>
configure:12983: result: no
configure:12983: checking for openssl/ssl.h
configure:12983: result: no
configure:13020: checking for an ANSI C-conforming const
configure:13086: gcc -c -g -O2  conftest.c >&5
configure:13086: $? = 0
configure:13093: result: yes
configure:13101: checking for size_t
configure:13101: result: yes
configure:13112: checking whether time.h and sys/time.h may both be included
configure:13132: gcc -c -g -O2  conftest.c >&5
configure:13132: $? = 0
configure:13139: result: yes
configure:13147: checking for socklen_t
configure:13165: gcc -c -g -O2  conftest.c >&5
configure:13165: $? = 0
configure:13173: result: yes
configure:13181: checking for int64_t
configure:13191: checking size of long
configure:13196: gcc -o conftest -g -O2   conftest.c -ldl -lm -lnsl -lnsl -lpthread  >&5
configure:13196: $? = 0
configure:13196: ./conftest
configure:13196: $? = 0
configure:13210: result: 8
configure:13224: checking size of long long
configure:13229: gcc -o conftest -g -O2   conftest.c -ldl -lm -lnsl -lnsl -lpthread  >&5
configure:13229: $? = 0
configure:13229: ./conftest
configure:13229: $? = 0
configure:13243: result: 8
configure:13254: checking for int64_t
configure:13254: gcc -c -g -O2  conftest.c >&5
configure:13254: $? = 0
configure:13254: gcc -c -g -O2  conftest.c >&5
conftest.c: In function 'main':
conftest.c:104:22: error: expected expression before ')' token
configure:13254: $? = 1
configure: failed program was:
| /* confdefs.h */
| #define PACKAGE_NAME "ibp"
| #define PACKAGE_TARNAME "ibp"
| #define PACKAGE_VERSION "1.4.0.4"
| #define PACKAGE_STRING "ibp 1.4.0.4"
| #define PACKAGE_BUGREPORT ""
| #define PACKAGE_URL ""
| #define PACKAGE "ibp"
| #define VERSION "1.4.0.4"
| #define STDC_HEADERS 1
| #define HAVE_SYS_TYPES_H 1
| #define HAVE_SYS_STAT_H 1
| #define HAVE_STDLIB_H 1
| #define HAVE_STRING_H 1
| #define HAVE_MEMORY_H 1
| #define HAVE_STRINGS_H 1
| #define HAVE_INTTYPES_H 1
| #define HAVE_STDINT_H 1
| #define HAVE_UNISTD_H 1
| #define __EXTENSIONS__ 1
| #define _ALL_SOURCE 1
| #define _GNU_SOURCE 1
| #define _POSIX_PTHREAD_SEMANTICS 1
| #define _TANDEM_SOURCE 1
| #define HAVE_ALLOCA_H 1
| #define HAVE_ALLOCA 1
| #define HAVE_DLFCN_H 1
| #define LT_OBJDIR ".libs/"
| #define HAVE_LIBPTHREAD 1
| #define HAVE_LIBNSL 1
| #define HAVE_LIBNSL 1
| #define HAVE_LIBM 1
| #define HAVE_LIBDL 1
| #define HAVE_DIRENT_H 1
| #define STDC_HEADERS 1
| #define HAVE_SYS_WAIT_H 1
| #define HAVE_FCNTL_H 1
| #define HAVE_LIMITS_H 1
| #define HAVE_MALLOC_H 1
| #define HAVE_STRINGS_H 1
| #define HAVE_SYS_FILE_H 1
| #define HAVE_SYS_TIME_H 1
| #define HAVE_UNISTD_H 1
| #define HAVE_CTYPE_H 1
| #define HAVE_SYS_UTSNAME_H 1
| #define HAVE_SYS_WAIT_H 1
| #define HAVE_SYS_STAT_H 1
| #define HAVE_SYS_UN_H 1
| #define HAVE_PTHREAD_H 1
| #define HAVE_SYS_MMAN_H 1
| #define HAVE_ARPA_INET_H 1
| #define HAVE_SYS_SOCKET_H 1
| #define HAVE_NETINET_IN_H 1
| #define HAVE_NETDB_H 1
| #define HAVE_SYS_STATVFS_H 1
| #define HAVE_SYS_VFS_H 1
| #define HAVE_SYS_RESOURCE_H 1
| #define HAVE_SYS_SOCKETVAR_H 1
| #define HAVE_SYS_PARAM_H 1
| #define HAVE_SYS_MOUNT_H 1
| #define HAVE_ASSERT_H 1
| #define HAVE_STDINT_H 1
| #define HAVE_DLFCN_H 1
| #define TIME_WITH_SYS_TIME 1
| #define SIZEOF_LONG 8
| #define SIZEOF_LONG_LONG 8
| /* end confdefs.h.  */
| #include <stdio.h>
| #ifdef HAVE_SYS_TYPES_H
| # include <sys/types.h>
| #endif
| #ifdef HAVE_SYS_STAT_H
| # include <sys/stat.h>
| #endif
| #ifdef STDC_HEADERS
| # include <stdlib.h>
| # include <stddef.h>
| #else
| # ifdef HAVE_STDLIB_H
| #  include <stdlib.h>
| # endif
| #endif
| #ifdef HAVE_STRING_H
| # if !defined STDC_HEADERS && defined HAVE_MEMORY_H
| #  include <memory.h>
| # endif
| # include <string.h>
| #endif
| #ifdef HAVE_STRINGS_H
| # include <strings.h>
| #endif
| #ifdef HAVE_INTTYPES_H
| # include <inttypes.h>
| #endif
| #ifdef HAVE_STDINT_H
| # include <stdint.h>
| #endif
| #ifdef HAVE_UNISTD_H
| # include <unistd.h>
| #endif
| int
| main ()
| {
| if (sizeof ((int64_t)))
| 	    return 0;
|   ;
|   return 0;
| }
configure:13254: result: yes
configure:13265: checking for u_int64_t
configure:13265: gcc -c -g -O2  conftest.c >&5
configure:13265: $? = 0
configure:13265: gcc -c -g -O2  conftest.c >&5
conftest.c: In function 'main':
conftest.c:104:24: error: expected expression before ')' token
configure:13265: $? = 1
configure: failed program was:
| /* confdefs.h */
| #define PACKAGE_NAME "ibp"
| #define PACKAGE_TARNAME "ibp"
| #define PACKAGE_VERSION "1.4.0.4"
| #define PACKAGE_STRING "ibp 1.4.0.4"
| #define PACKAGE_BUGREPORT ""
| #define PACKAGE_URL ""
| #define PACKAGE "ibp"
| #define VERSION "1.4.0.4"
| #define STDC_HEADERS 1
| #define HAVE_SYS_TYPES_H 1
| #define HAVE_SYS_STAT_H 1
| #define HAVE_STDLIB_H 1
| #define HAVE_STRING_H 1
| #define HAVE_MEMORY_H 1
| #define HAVE_STRINGS_H 1
| #define HAVE_INTTYPES_H 1
| #define HAVE_STDINT_H 1
| #define HAVE_UNISTD_H 1
| #define __EXTENSIONS__ 1
| #define _ALL_SOURCE 1
| #define _GNU_SOURCE 1
| #define _POSIX_PTHREAD_SEMANTICS 1
| #define _TANDEM_SOURCE 1
| #define HAVE_ALLOCA_H 1
| #define HAVE_ALLOCA 1
| #define HAVE_DLFCN_H 1
| #define LT_OBJDIR ".libs/"
| #define HAVE_LIBPTHREAD 1
| #define HAVE_LIBNSL 1
| #define HAVE_LIBNSL 1
| #define HAVE_LIBM 1
| #define HAVE_LIBDL 1
| #define HAVE_DIRENT_H 1
| #define STDC_HEADERS 1
| #define HAVE_SYS_WAIT_H 1
| #define HAVE_FCNTL_H 1
| #define HAVE_LIMITS_H 1
| #define HAVE_MALLOC_H 1
| #define HAVE_STRINGS_H 1
| #define HAVE_SYS_FILE_H 1
| #define HAVE_SYS_TIME_H 1
| #define HAVE_UNISTD_H 1
| #define HAVE_CTYPE_H 1
| #define HAVE_SYS_UTSNAME_H 1
| #define HAVE_SYS_WAIT_H 1
| #define HAVE_SYS_STAT_H 1
| #define HAVE_SYS_UN_H 1
| #define HAVE_PTHREAD_H 1
| #define HAVE_SYS_MMAN_H 1
| #define HAVE_ARPA_INET_H 1
| #define HAVE_SYS_SOCKET_H 1
| #define HAVE_NETINET_IN_H 1
| #define HAVE_NETDB_H 1
| #define HAVE_SYS_STATVFS_H 1
| #define HAVE_SYS_VFS_H 1
| #define HAVE_SYS_RESOURCE_H 1
| #define HAVE_SYS_SOCKETVAR_H 1
| #define HAVE_SYS_PARAM_H 1
| #define HAVE_SYS_MOUNT_H 1
| #define HAVE_ASSERT_H 1
| #define HAVE_STDINT_H 1
| #define HAVE_DLFCN_H 1
| #define TIME_WITH_SYS_TIME 1
| #define SIZEOF_LONG 8
| #define SIZEOF_LONG_LONG 8
| /* end confdefs.h.  */
| #include <stdio.h>
| #ifdef HAVE_SYS_TYPES_H
| # include <sys/types.h>
| #endif
| #ifdef HAVE_SYS_STAT_H
| # include <sys/stat.h>
| #endif
| #ifdef STDC_HEADERS
| # include <stdlib.h>
| # include <stddef.h>
| #else
| # ifdef HAVE_STDLIB_H
| #  include <stdlib.h>
| # endif
| #endif
| #ifdef HAVE_STRING_H
| # if !defined STDC_HEADERS && defined HAVE_MEMORY_H
| #  include <memory.h>
| # endif
| # include <string.h>
| #endif
| #ifdef HAVE_STRINGS_H
| # include <strings.h>
| #endif
| #ifdef HAVE_INTTYPES_H
| # include <inttypes.h>
| #endif
| #ifdef HAVE_STDINT_H
| # include <stdint.h>
| #endif
| #ifdef HAVE_UNISTD_H
| # include <unistd.h>
| #endif
| int
| main ()
| {
| if (sizeof ((u_int64_t)))
| 	    return 0;
|   ;
|   return 0;
| }
configure:13265: result: yes
configure:13306: result: yes
configure:13315: checking for ulong_t
configure:13315: gcc -c -g -O2  conftest.c >&5
conftest.c: In function 'main':
conftest.c:105:13: error: 'ulong_t' undeclared (first use in this function)
conftest.c:105:13: note: each undeclared identifier is reported only once for each function it appears in
configure:13315: $? = 1
configure: failed program was:
| /* confdefs.h */
| #define PACKAGE_NAME "ibp"
| #define PACKAGE_TARNAME "ibp"
| #define PACKAGE_VERSION "1.4.0.4"
| #define PACKAGE_STRING "ibp 1.4.0.4"
| #define PACKAGE_BUGREPORT ""
| #define PACKAGE_URL ""
| #define PACKAGE "ibp"
| #define VERSION "1.4.0.4"
| #define STDC_HEADERS 1
| #define HAVE_SYS_TYPES_H 1
| #define HAVE_SYS_STAT_H 1
| #define HAVE_STDLIB_H 1
| #define HAVE_STRING_H 1
| #define HAVE_MEMORY_H 1
| #define HAVE_STRINGS_H 1
| #define HAVE_INTTYPES_H 1
| #define HAVE_STDINT_H 1
| #define HAVE_UNISTD_H 1
| #define __EXTENSIONS__ 1
| #define _ALL_SOURCE 1
| #define _GNU_SOURCE 1
| #define _POSIX_PTHREAD_SEMANTICS 1
| #define _TANDEM_SOURCE 1
| #define HAVE_ALLOCA_H 1
| #define HAVE_ALLOCA 1
| #define HAVE_DLFCN_H 1
| #define LT_OBJDIR ".libs/"
| #define HAVE_LIBPTHREAD 1
| #define HAVE_LIBNSL 1
| #define HAVE_LIBNSL 1
| #define HAVE_LIBM 1
| #define HAVE_LIBDL 1
| #define HAVE_DIRENT_H 1
| #define STDC_HEADERS 1
| #define HAVE_SYS_WAIT_H 1
| #define HAVE_FCNTL_H 1
| #define HAVE_LIMITS_H 1
| #define HAVE_MALLOC_H 1
| #define HAVE_STRINGS_H 1
| #define HAVE_SYS_FILE_H 1
| #define HAVE_SYS_TIME_H 1
| #define HAVE_UNISTD_H 1
| #define HAVE_CTYPE_H 1
| #define HAVE_SYS_UTSNAME_H 1
| #define HAVE_SYS_WAIT_H 1
| #define HAVE_SYS_STAT_H 1
| #define HAVE_SYS_UN_H 1
| #define HAVE_PTHREAD_H 1
| #define HAVE_SYS_MMAN_H 1
| #define HAVE_ARPA_INET_H 1
| #define HAVE_SYS_SOCKET_H 1
| #define HAVE_NETINET_IN_H 1
| #define HAVE_NETDB_H 1
| #define HAVE_SYS_STATVFS_H 1
| #define HAVE_SYS_VFS_H 1
| #define HAVE_SYS_RESOURCE_H 1
| #define HAVE_SYS_SOCKETVAR_H 1
| #define HAVE_SYS_PARAM_H 1
| #define HAVE_SYS_MOUNT_H 1
| #define HAVE_ASSERT_H 1
| #define HAVE_STDINT_H 1
| #define HAVE_DLFCN_H 1
| #define TIME_WITH_SYS_TIME 1
| #define SIZEOF_LONG 8
| #define SIZEOF_LONG_LONG 8
| #define HAVE_INT64_T 1
| /* end confdefs.h.  */
| #include <stdio.h>
| #ifdef HAVE_SYS_TYPES_H
| # include <sys/types.h>
| #endif
| #ifdef HAVE_SYS_STAT_H
| # include <sys/stat.h>
| #endif
| #ifdef STDC_HEADERS
| # include <stdlib.h>
| # include <stddef.h>
| #else
| # ifdef HAVE_STDLIB_H
| #  include <stdlib.h>
| # endif
| #endif
| #ifdef HAVE_STRING_H
| # if !defined STDC_HEADERS && defined HAVE_MEMORY_H
| #  include <memory.h>
| # endif
| # include <string.h>
| #endif
| #ifdef HAVE_STRINGS_H
| # include <strings.h>
| #endif
| #ifdef HAVE_INTTYPES_H
| # include <inttypes.h>
| #endif
| #ifdef HAVE_STDINT_H
| # include <stdint.h>
| #endif
| #ifdef HAVE_UNISTD_H
| # include <unistd.h>
| #endif
| int
| main ()
| {
| if (sizeof (ulong_t))
| 	 return 0;
|   ;
|   return 0;
| }
configure:13315: result: no
configure:13326: checking for ushort_t
configure:13326: gcc -c -g -O2  conftest.c >&5
conftest.c: In function 'main':
conftest.c:106:13: error: 'ushort_t' undeclared (first use in this function)
conftest.c:106:13: note: each undeclared identifier is reported only once for each function it appears in
configure:13326: $? = 1
configure: failed program was:
| /* confdefs.h */
| #define PACKAGE_NAME "ibp"
| #define PACKAGE_TARNAME "ibp"
| #define PACKAGE_VERSION "1.4.0.4"
| #define PACKAGE_STRING "ibp 1.4.0.4"
| #define PACKAGE_BUGREPORT ""
| #define PACKAGE_URL ""
| #define PACKAGE "ibp"
| #define VERSION "1.4.0.4"
| #define STDC_HEADERS 1
| #define HAVE_SYS_TYPES_H 1
| #define HAVE_SYS_STAT_H 1
| #define HAVE_STDLIB_H 1
| #define HAVE_STRING_H 1
| #define HAVE_MEMORY_H 1
| #define HAVE_STRINGS_H 1
| #define HAVE_INTTYPES_H 1
| #define HAVE_STDINT_H 1
| #define HAVE_UNISTD_H 1
| #define __EXTENSIONS__ 1
| #define _ALL_SOURCE 1
| #define _GNU_SOURCE 1
| #define _POSIX_PTHREAD_SEMANTICS 1
| #define _TANDEM_SOURCE 1
| #define HAVE_ALLOCA_H 1
| #define HAVE_ALLOCA 1
| #define HAVE_DLFCN_H 1
| #define LT_OBJDIR ".libs/"
| #define HAVE_LIBPTHREAD 1
| #define HAVE_LIBNSL 1
| #define HAVE_LIBNSL 1
| #define HAVE_LIBM 1
| #define HAVE_LIBDL 1
| #define HAVE_DIRENT_H 1
| #define STDC_HEADERS 1
| #define HAVE_SYS_WAIT_H 1
| #define HAVE_FCNTL_H 1
| #define HAVE_LIMITS_H 1
| #define HAVE_MALLOC_H 1
| #define HAVE_STRINGS_H 1
| #define HAVE_SYS_FILE_H 1
| #define HAVE_SYS_TIME_H 1
| #define HAVE_UNISTD_H 1
| #define HAVE_CTYPE_H 1
| #define HAVE_SYS_UTSNAME_H 1
| #define HAVE_SYS_WAIT_H 1
| #define HAVE_SYS_STAT_H 1
| #define HAVE_SYS_UN_H 1
| #define HAVE_PTHREAD_H 1
| #define HAVE_SYS_MMAN_H 1
| #define HAVE_ARPA_INET_H 1
| #define HAVE_SYS_SOCKET_H 1
| #define HAVE_NETINET_IN_H 1
| #define HAVE_NETDB_H 1
| #define HAVE_SYS_STATVFS_H 1
| #define HAVE_SYS_VFS_H 1
| #define HAVE_SYS_RESOURCE_H 1
| #define HAVE_SYS_SOCKETVAR_H 1
| #define HAVE_SYS_PARAM_H 1
| #define HAVE_SYS_MOUNT_H 1
| #define HAVE_ASSERT_H 1
| #define HAVE_STDINT_H 1
| #define HAVE_DLFCN_H 1
| #define TIME_WITH_SYS_TIME 1
| #define SIZEOF_LONG 8
| #define SIZEOF_LONG_LONG 8
| #define HAVE_INT64_T 1
| #define ulong_t unsigned long int
| /* end confdefs.h.  */
| #include <stdio.h>
| #ifdef HAVE_SYS_TYPES_H
| # include <sys/types.h>
| #endif
| #ifdef HAVE_SYS_STAT_H
| # include <sys/stat.h>
| #endif
| #ifdef STDC_HEADERS
| # include <stdlib.h>
| # include <stddef.h>
| #else
| # ifdef HAVE_STDLIB_H
| #  include <stdlib.h>
| # endif
| #endif
| #ifdef HAVE_STRING_H
| # if !defined STDC_HEADERS && defined HAVE_MEMORY_H
| #  include <memory.h>
| # endif
| # include <string.h>
| #endif
| #ifdef HAVE_STRINGS_H
| # include <strings.h>
| #endif
| #ifdef HAVE_INTTYPES_H
| # include <inttypes.h>
| #endif
| #ifdef HAVE_STDINT_H
| # include <stdint.h>
| #endif
| #ifdef HAVE_UNISTD_H
| # include <unistd.h>
| #endif
| int
| main ()
| {
| if (sizeof (ushort_t))
| 	 return 0;
|   ;
|   return 0;
| }
configure:13326: result: no
configure:13338: checking for struct addrinfo.ai_family
configure:13338: gcc -c -g -O2  conftest.c >&5
configure:13338: $? = 0
configure:13338: result: yes
configure:13354: checking for struct statvfs64.f_bsize
configure:13354: gcc -c -g -O2  conftest.c >&5
configure:13354: $? = 0
configure:13354: result: yes
configure:13365: checking for struct sockaddr_in.sin_len
configure:13365: gcc -c -g -O2  conftest.c >&5
conftest.c: In function 'main':
conftest.c:80:12: error: 'struct sockaddr_in' has no member named 'sin_len'
configure:13365: $? = 1
configure: failed program was:
| /* confdefs.h */
| #define PACKAGE_NAME "ibp"
| #define PACKAGE_TARNAME "ibp"
| #define PACKAGE_VERSION "1.4.0.4"
| #define PACKAGE_STRING "ibp 1.4.0.4"
| #define PACKAGE_BUGREPORT ""
| #define PACKAGE_URL ""
| #define PACKAGE "ibp"
| #define VERSION "1.4.0.4"
| #define STDC_HEADERS 1
| #define HAVE_SYS_TYPES_H 1
| #define HAVE_SYS_STAT_H 1
| #define HAVE_STDLIB_H 1
| #define HAVE_STRING_H 1
| #define HAVE_MEMORY_H 1
| #define HAVE_STRINGS_H 1
| #define HAVE_INTTYPES_H 1
| #define HAVE_STDINT_H 1
| #define HAVE_UNISTD_H 1
| #define __EXTENSIONS__ 1
| #define _ALL_SOURCE 1
| #define _GNU_SOURCE 1
| #define _POSIX_PTHREAD_SEMANTICS 1
| #define _TANDEM_SOURCE 1
| #define HAVE_ALLOCA_H 1
| #define HAVE_ALLOCA 1
| #define HAVE_DLFCN_H 1
| #define LT_OBJDIR ".libs/"
| #define HAVE_LIBPTHREAD 1
| #define HAVE_LIBNSL 1
| #define HAVE_LIBNSL 1
| #define HAVE_LIBM 1
| #define HAVE_LIBDL 1
| #define HAVE_DIRENT_H 1
| #define STDC_HEADERS 1
| #define HAVE_SYS_WAIT_H 1
| #define HAVE_FCNTL_H 1
| #define HAVE_LIMITS_H 1
| #define HAVE_MALLOC_H 1
| #define HAVE_STRINGS_H 1
| #define HAVE_SYS_FILE_H 1
| #define HAVE_SYS_TIME_H 1
| #define HAVE_UNISTD_H 1
| #define HAVE_CTYPE_H 1
| #define HAVE_SYS_UTSNAME_H 1
| #define HAVE_SYS_WAIT_H 1
| #define HAVE_SYS_STAT_H 1
| #define HAVE_SYS_UN_H 1
| #define HAVE_PTHREAD_H 1
| #define HAVE_SYS_MMAN_H 1
| #define HAVE_ARPA_INET_H 1
| #define HAVE_SYS_SOCKET_H 1
| #define HAVE_NETINET_IN_H 1
| #define HAVE_NETDB_H 1
| #define HAVE_SYS_STATVFS_H 1
| #define HAVE_SYS_VFS_H 1
| #define HAVE_SYS_RESOURCE_H 1
| #define HAVE_SYS_SOCKETVAR_H 1
| #define HAVE_SYS_PARAM_H 1
| #define HAVE_SYS_MOUNT_H 1
| #define HAVE_ASSERT_H 1
| #define HAVE_STDINT_H 1
| #define HAVE_DLFCN_H 1
| #define TIME_WITH_SYS_TIME 1
| #define SIZEOF_LONG 8
| #define SIZEOF_LONG_LONG 8
| #define HAVE_INT64_T 1
| #define ulong_t unsigned long int
| #define ushort_t unsigned short int
| #define HAVE_STRUCT_ADDRINFO_AI_FAMILY 1
| #define HAVE_STRUCT_STATVFS64_F_BSIZE 1
| /* end confdefs.h.  */
| #include <stdio.h>
|                                                  #include <netinet/in.h>
| 
| int
| main ()
| {
| static struct sockaddr_in ac_aggr;
| if (ac_aggr.sin_len)
| return 0;
|   ;
|   return 0;
| }
configure:13365: gcc -c -g -O2  conftest.c >&5
conftest.c: In function 'main':
conftest.c:80:19: error: 'struct sockaddr_in' has no member named 'sin_len'
configure:13365: $? = 1
configure: failed program was:
| /* confdefs.h */
| #define PACKAGE_NAME "ibp"
| #define PACKAGE_TARNAME "ibp"
| #define PACKAGE_VERSION "1.4.0.4"
| #define PACKAGE_STRING "ibp 1.4.0.4"
| #define PACKAGE_BUGREPORT ""
| #define PACKAGE_URL ""
| #define PACKAGE "ibp"
| #define VERSION "1.4.0.4"
| #define STDC_HEADERS 1
| #define HAVE_SYS_TYPES_H 1
| #define HAVE_SYS_STAT_H 1
| #define HAVE_STDLIB_H 1
| #define HAVE_STRING_H 1
| #define HAVE_MEMORY_H 1
| #define HAVE_STRINGS_H 1
| #define HAVE_INTTYPES_H 1
| #define HAVE_STDINT_H 1
| #define HAVE_UNISTD_H 1
| #define __EXTENSIONS__ 1
| #define _ALL_SOURCE 1
| #define _GNU_SOURCE 1
| #define _POSIX_PTHREAD_SEMANTICS 1
| #define _TANDEM_SOURCE 1
| #define HAVE_ALLOCA_H 1
| #define HAVE_ALLOCA 1
| #define HAVE_DLFCN_H 1
| #define LT_OBJDIR ".libs/"
| #define HAVE_LIBPTHREAD 1
| #define HAVE_LIBNSL 1
| #define HAVE_LIBNSL 1
| #define HAVE_LIBM 1
| #define HAVE_LIBDL 1
| #define HAVE_DIRENT_H 1
| #define STDC_HEADERS 1
| #define HAVE_SYS_WAIT_H 1
| #define HAVE_FCNTL_H 1
| #define HAVE_LIMITS_H 1
| #define HAVE_MALLOC_H 1
| #define HAVE_STRINGS_H 1
| #define HAVE_SYS_FILE_H 1
| #define HAVE_SYS_TIME_H 1
| #define HAVE_UNISTD_H 1
| #define HAVE_CTYPE_H 1
| #define HAVE_SYS_UTSNAME_H 1
| #define HAVE_SYS_WAIT_H 1
| #define HAVE_SYS_STAT_H 1
| #define HAVE_SYS_UN_H 1
| #define HAVE_PTHREAD_H 1
| #define HAVE_SYS_MMAN_H 1
| #define HAVE_ARPA_INET_H 1
| #define HAVE_SYS_SOCKET_H 1
| #define HAVE_NETINET_IN_H 1
| #define HAVE_NETDB_H 1
| #define HAVE_SYS_STATVFS_H 1
| #define HAVE_SYS_VFS_H 1
| #define HAVE_SYS_RESOURCE_H 1
| #define HAVE_SYS_SOCKETVAR_H 1
| #define HAVE_SYS_PARAM_H 1
| #define HAVE_SYS_MOUNT_H 1
| #define HAVE_ASSERT_H 1
| #define HAVE_STDINT_H 1
| #define HAVE_DLFCN_H 1
| #define TIME_WITH_SYS_TIME 1
| #define SIZEOF_LONG 8
| #define SIZEOF_LONG_LONG 8
| #define HAVE_INT64_T 1
| #define ulong_t unsigned long int
| #define ushort_t unsigned short int
| #define HAVE_STRUCT_ADDRINFO_AI_FAMILY 1
| #define HAVE_STRUCT_STATVFS64_F_BSIZE 1
| /* end confdefs.h.  */
| #include <stdio.h>
|                                                  #include <netinet/in.h>
| 
| int
| main ()
| {
| static struct sockaddr_in ac_aggr;
| if (sizeof ac_aggr.sin_len)
| return 0;
|   ;
|   return 0;
| }
configure:13365: result: no
configure:13377: checking return type of signal handlers
configure:13395: gcc -c -g -O2  conftest.c >&5
conftest.c: In function 'main':
conftest.c:79:1: error: void value not ignored as it ought to be
configure:13395: $? = 1
configure: failed program was:
| /* confdefs.h */
| #define PACKAGE_NAME "ibp"
| #define PACKAGE_TARNAME "ibp"
| #define PACKAGE_VERSION "1.4.0.4"
| #define PACKAGE_STRING "ibp 1.4.0.4"
| #define PACKAGE_BUGREPORT ""
| #define PACKAGE_URL ""
| #define PACKAGE "ibp"
| #define VERSION "1.4.0.4"
| #define STDC_HEADERS 1
| #define HAVE_SYS_TYPES_H 1
| #define HAVE_SYS_STAT_H 1
| #define HAVE_STDLIB_H 1
| #define HAVE_STRING_H 1
| #define HAVE_MEMORY_H 1
| #define HAVE_STRINGS_H 1
| #define HAVE_INTTYPES_H 1
| #define HAVE_STDINT_H 1
| #define HAVE_UNISTD_H 1
| #define __EXTENSIONS__ 1
| #define _ALL_SOURCE 1
| #define _GNU_SOURCE 1
| #define _POSIX_PTHREAD_SEMANTICS 1
| #define _TANDEM_SOURCE 1
| #define HAVE_ALLOCA_H 1
| #define HAVE_ALLOCA 1
| #define HAVE_DLFCN_H 1
| #define LT_OBJDIR ".libs/"
| #define HAVE_LIBPTHREAD 1
| #define HAVE_LIBNSL 1
| #define HAVE_LIBNSL 1
| #define HAVE_LIBM 1
| #define HAVE_LIBDL 1
| #define HAVE_DIRENT_H 1
| #define STDC_HEADERS 1
| #define HAVE_SYS_WAIT_H 1
| #define HAVE_FCNTL_H 1
| #define HAVE_LIMITS_H 1
| #define HAVE_MALLOC_H 1
| #define HAVE_STRINGS_H 1
| #define HAVE_SYS_FILE_H 1
| #define HAVE_SYS_TIME_H 1
| #define HAVE_UNISTD_H 1
| #define HAVE_CTYPE_H 1
| #define HAVE_SYS_UTSNAME_H 1
| #define HAVE_SYS_WAIT_H 1
| #define HAVE_SYS_STAT_H 1
| #define HAVE_SYS_UN_H 1
| #define HAVE_PTHREAD_H 1
| #define HAVE_SYS_MMAN_H 1
| #define HAVE_ARPA_INET_H 1
| #define HAVE_SYS_SOCKET_H 1
| #define HAVE_NETINET_IN_H 1
| #define HAVE_NETDB_H 1
| #define HAVE_SYS_STATVFS_H 1
| #define HAVE_SYS_VFS_H 1
| #define HAVE_SYS_RESOURCE_H 1
| #define HAVE_SYS_SOCKETVAR_H 1
| #define HAVE_SYS_PARAM_H 1
| #define HAVE_SYS_MOUNT_H 1
| #define HAVE_ASSERT_H 1
| #define HAVE_STDINT_H 1
| #define HAVE_DLFCN_H 1
| #define TIME_WITH_SYS_TIME 1
| #define SIZEOF_LONG 8
| #define SIZEOF_LONG_LONG 8
| #define HAVE_INT64_T 1
| #define ulong_t unsigned long int
| #define ushort_t unsigned short int
| #define HAVE_STRUCT_ADDRINFO_AI_FAMILY 1
| #define HAVE_STRUCT_STATVFS64_F_BSIZE 1
| /* end confdefs.h.  */
| #include <sys/types.h>
| #include <signal.h>
| 
| int
| main ()
| {
| return *(signal (0, 0)) (0) == 1;
|   ;
|   return 0;
| }
configure:13402: result: void
configure:13412: checking for vprintf
configure:13412: gcc -o conftest -g -O2   conftest.c -ldl -lm -lnsl -lnsl -lpthread  >&5
conftest.c:97:6: warning: conflicting types for built-in function 'vprintf' [enabled by default]
configure:13412: $? = 0
configure:13412: result: yes
configure:13418: checking for _doprnt
configure:13418: gcc -o conftest -g -O2   conftest.c -ldl -lm -lnsl -lnsl -lpthread  >&5
/tmp/ccwIcKqP.o: In function `main':
/usr/local/src/toolkit/lodn-1.0/warmer/ibp/conftest.c:109: undefined reference to `_doprnt'
collect2: error: ld returned 1 exit status
configure:13418: $? = 1
configure: failed program was:
| /* confdefs.h */
| #define PACKAGE_NAME "ibp"
| #define PACKAGE_TARNAME "ibp"
| #define PACKAGE_VERSION "1.4.0.4"
| #define PACKAGE_STRING "ibp 1.4.0.4"
| #define PACKAGE_BUGREPORT ""
| #define PACKAGE_URL ""
| #define PACKAGE "ibp"
| #define VERSION "1.4.0.4"
| #define STDC_HEADERS 1
| #define HAVE_SYS_TYPES_H 1
| #define HAVE_SYS_STAT_H 1
| #define HAVE_STDLIB_H 1
| #define HAVE_STRING_H 1
| #define HAVE_MEMORY_H 1
| #define HAVE_STRINGS_H 1
| #define HAVE_INTTYPES_H 1
| #define HAVE_STDINT_H 1
| #define HAVE_UNISTD_H 1
| #define __EXTENSIONS__ 1
| #define _ALL_SOURCE 1
| #define _GNU_SOURCE 1
| #define _POSIX_PTHREAD_SEMANTICS 1
| #define _TANDEM_SOURCE 1
| #define HAVE_ALLOCA_H 1
| #define HAVE_ALLOCA 1
| #define HAVE_DLFCN_H 1
| #define LT_OBJDIR ".libs/"
| #define HAVE_LIBPTHREAD 1
| #define HAVE_LIBNSL 1
| #define HAVE_LIBNSL 1
| #define HAVE_LIBM 1
| #define HAVE_LIBDL 1
| #define HAVE_DIRENT_H 1
| #define STDC_HEADERS 1
| #define HAVE_SYS_WAIT_H 1
| #define HAVE_FCNTL_H 1
| #define HAVE_LIMITS_H 1
| #define HAVE_MALLOC_H 1
| #define HAVE_STRINGS_H 1
| #define HAVE_SYS_FILE_H 1
| #define HAVE_SYS_TIME_H 1
| #define HAVE_UNISTD_H 1
| #define HAVE_CTYPE_H 1
| #define HAVE_SYS_UTSNAME_H 1
| #define HAVE_SYS_WAIT_H 1
| #define HAVE_SYS_STAT_H 1
| #define HAVE_SYS_UN_H 1
| #define HAVE_PTHREAD_H 1
| #define HAVE_SYS_MMAN_H 1
| #define HAVE_ARPA_INET_H 1
| #define HAVE_SYS_SOCKET_H 1
| #define HAVE_NETINET_IN_H 1
| #define HAVE_NETDB_H 1
| #define HAVE_SYS_STATVFS_H 1
| #define HAVE_SYS_VFS_H 1
| #define HAVE_SYS_RESOURCE_H 1
| #define HAVE_SYS_SOCKETVAR_H 1
| #define HAVE_SYS_PARAM_H 1
| #define HAVE_SYS_MOUNT_H 1
| #define HAVE_ASSERT_H 1
| #define HAVE_STDINT_H 1
| #define HAVE_DLFCN_H 1
| #define TIME_WITH_SYS_TIME 1
| #define SIZEOF_LONG 8
| #define SIZEOF_LONG_LONG 8
| #define HAVE_INT64_T 1
| #define ulong_t unsigned long int
| #define ushort_t unsigned short int
| #define HAVE_STRUCT_ADDRINFO_AI_FAMILY 1
| #define HAVE_STRUCT_STATVFS64_F_BSIZE 1
| #define RETSIGTYPE void
| #define HAVE_VPRINTF 1
| /* end confdefs.h.  */
| /* Define _doprnt to an innocuous variant, in case <limits.h> declares _doprnt.
|    For example, HP-UX 11i <limits.h> declares gettimeofday.  */
| #define _doprnt innocuous__doprnt
| 
| /* System header to define __stub macros and hopefully few prototypes,
|     which can conflict with char _doprnt (); below.
|     Prefer <limits.h> to <assert.h> if __STDC__ is defined, since
|     <limits.h> exists even on freestanding compilers.  */
| 
| #ifdef __STDC__
| # include <limits.h>
| #else
| # include <assert.h>
| #endif
| 
| #undef _doprnt
| 
| /* Override any GCC internal prototype to avoid an error.
|    Use char because int might match the return type of a GCC
|    builtin and then its argument prototype would still apply.  */
| #ifdef __cplusplus
| extern "C"
| #endif
| char _doprnt ();
| /* The GNU C library defines this for functions which it implements
|     to always fail with ENOSYS.  Some functions are actually named
|     something starting with __ and the normal name is an alias.  */
| #if defined __stub__doprnt || defined __stub____doprnt
| choke me
| #endif
| 
| int
| main ()
| {
| return _doprnt ();
|   ;
|   return 0;
| }
configure:13418: result: no
configure:13432: checking for gettimeofday
configure:13432: gcc -o conftest -g -O2   conftest.c -ldl -lm -lnsl -lnsl -lpthread  >&5
configure:13432: $? = 0
configure:13432: result: yes
configure:13432: checking for select
configure:13432: gcc -o conftest -g -O2   conftest.c -ldl -lm -lnsl -lnsl -lpthread  >&5
configure:13432: $? = 0
configure:13432: result: yes
configure:13432: checking for socket
configure:13432: gcc -o conftest -g -O2   conftest.c -ldl -lm -lnsl -lnsl -lpthread  >&5
configure:13432: $? = 0
configure:13432: result: yes
configure:13432: checking for strdup
configure:13432: gcc -o conftest -g -O2   conftest.c -ldl -lm -lnsl -lnsl -lpthread  >&5
conftest.c:101:6: warning: conflicting types for built-in function 'strdup' [enabled by default]
configure:13432: $? = 0
configure:13432: result: yes
configure:13432: checking for strerror
configure:13432: gcc -o conftest -g -O2   conftest.c -ldl -lm -lnsl -lnsl -lpthread  >&5
configure:13432: $? = 0
configure:13432: result: yes
configure:13432: checking for uname
configure:13432: gcc -o conftest -g -O2   conftest.c -ldl -lm -lnsl -lnsl -lpthread  >&5
configure:13432: $? = 0
configure:13432: result: yes
configure:13444: checking for statvfs
configure:13444: gcc -o conftest -g -O2   conftest.c -ldl -lm -lnsl -lnsl -lpthread  >&5
configure:13444: $? = 0
configure:13444: result: yes
configure:13444: checking for statfs
configure:13444: gcc -o conftest -g -O2   conftest.c -ldl -lm -lnsl -lnsl -lpthread  >&5
configure:13444: $? = 0
configure:13444: result: yes
configure:13455: checking for strtok_r
configure:13455: gcc -o conftest -g -O2   conftest.c -ldl -lm -lnsl -lnsl -lpthread  >&5
configure:13455: $? = 0
configure:13455: result: yes
configure:13467: checking for getaddrinfo
configure:13467: gcc -o conftest -g -O2   conftest.c -ldl -lm -lnsl -lnsl -lpthread  >&5
configure:13467: $? = 0
configure:13467: result: yes
configure:13467: checking for freeaddrinfo
configure:13467: gcc -o conftest -g -O2   conftest.c -ldl -lm -lnsl -lnsl -lpthread  >&5
configure:13467: $? = 0
configure:13467: result: yes
configure:13479: checking for getrlimit
configure:13479: gcc -o conftest -g -O2   conftest.c -ldl -lm -lnsl -lnsl -lpthread  >&5
configure:13479: $? = 0
configure:13479: result: yes
configure:13479: checking for setrlimit
configure:13479: gcc -o conftest -g -O2   conftest.c -ldl -lm -lnsl -lnsl -lpthread  >&5
configure:13479: $? = 0
configure:13479: result: yes
configure:13490: checking for statvfs64
configure:13490: gcc -o conftest -g -O2   conftest.c -ldl -lm -lnsl -lnsl -lpthread  >&5
configure:13490: $? = 0
configure:13490: result: yes
configure:13756: checking that generated files are newer than configure
configure:13762: result: done
configure:13797: creating ./config.status

## ---------------------- ##
## Running config.status. ##
## ---------------------- ##

This file was extended by ibp config.status 1.4.0.4, which was
generated by GNU Autoconf 2.69.  Invocation command line was

  CONFIG_FILES    = 
  CONFIG_HEADERS  = 
  CONFIG_LINKS    = 
  CONFIG_COMMANDS = 
  $ ./config.status 

on dlt

config.status:1184: creating Makefile
config.status:1184: creating src/Makefile
config.status:1184: creating include/Makefile
config.status:1184: creating include/ibp_errno.h
config.status:1184: creating include/ibp_net.h
config.status:1184: creating include/ibp_version.h
config.status:1184: creating src/BLASTER/Makefile
config.status:1184: creating include/ibp_mdns.h
config.status:1184: creating src/TCP/Makefile
config.status:1184: creating src/MULTICAST/Makefile
config.status:1184: creating etc/nfu.cfg
config.status:1184: creating etc/ibp.cfg
config.status:1184: creating src/nfuops/Makefile
config.status:1184: creating etc/Makefile
config.status:1184: creating doc/Makefile
config.status:1184: creating include/config-ibp.h
config.status:1413: executing depfiles commands
config.status:1413: executing libtool commands

## ---------------- ##
## Cache variables. ##
## ---------------- ##

ac_cv_build=x86_64-unknown-linux-gnu
ac_cv_c_compiler_gnu=yes
ac_cv_c_const=yes
ac_cv_env_CC_set=
ac_cv_env_CC_value=
ac_cv_env_CFLAGS_set=
ac_cv_env_CFLAGS_value=
ac_cv_env_CPPFLAGS_set=
ac_cv_env_CPPFLAGS_value=
ac_cv_env_CPP_set=
ac_cv_env_CPP_value=
ac_cv_env_LDFLAGS_set=
ac_cv_env_LDFLAGS_value=
ac_cv_env_LIBS_set=
ac_cv_env_LIBS_value=
ac_cv_env_build_alias_set=
ac_cv_env_build_alias_value=
ac_cv_env_host_alias_set=
ac_cv_env_host_alias_value=
ac_cv_env_target_alias_set=
ac_cv_env_target_alias_value=
ac_cv_func__doprnt=no
ac_cv_func_alloca_works=yes
ac_cv_func_freeaddrinfo=yes
ac_cv_func_getaddrinfo=yes
ac_cv_func_getrlimit=yes
ac_cv_func_gettimeofday=yes
ac_cv_func_select=yes
ac_cv_func_setrlimit=yes
ac_cv_func_socket=yes
ac_cv_func_statfs=yes
ac_cv_func_statvfs64=yes
ac_cv_func_statvfs=yes
ac_cv_func_strdup=yes
ac_cv_func_strerror=yes
ac_cv_func_strtok_r=yes
ac_cv_func_uname=yes
ac_cv_func_vprintf=yes
ac_cv_header_arpa_inet_h=yes
ac_cv_header_assert_h=yes
ac_cv_header_ctype_h=yes
ac_cv_header_dirent_dirent_h=yes
ac_cv_header_dlfcn_h=yes
ac_cv_header_fcntl_h=yes
ac_cv_header_inttypes_h=yes
ac_cv_header_limits_h=yes
ac_cv_header_malloc_h=yes
ac_cv_header_memory_h=yes
ac_cv_header_minix_config_h=no
ac_cv_header_netdb_h=yes
ac_cv_header_netinet_in_h=yes
ac_cv_header_openssl_ssl_h=no
ac_cv_header_pthread_h=yes
ac_cv_header_stdc=yes
ac_cv_header_stdint_h=yes
ac_cv_header_stdlib_h=yes
ac_cv_header_string_h=yes
ac_cv_header_strings_h=yes
ac_cv_header_sys_file_h=yes
ac_cv_header_sys_mman_h=yes
ac_cv_header_sys_mount_h=yes
ac_cv_header_sys_param_h=yes
ac_cv_header_sys_resource_h=yes
ac_cv_header_sys_select=no
ac_cv_header_sys_socket_h=yes
ac_cv_header_sys_socketvar_h=yes
ac_cv_header_sys_sockio_h=no
ac_cv_header_sys_stat_h=yes
ac_cv_header_sys_statvfs_h=yes
ac_cv_header_sys_time_h=yes
ac_cv_header_sys_types_h=yes
ac_cv_header_sys_un_h=yes
ac_cv_header_sys_utsname_h=yes
ac_cv_header_sys_vfs_h=yes
ac_cv_header_sys_wait_h=yes
ac_cv_header_time=yes
ac_cv_header_unistd_h=yes
ac_cv_host=x86_64-unknown-linux-gnu
ac_cv_lib_c_r_pthread_create=no
ac_cv_lib_crypto_X509_NAME_get_text_by_NID=no
ac_cv_lib_dl_dlopen=yes
ac_cv_lib_getpagesize_c=no
ac_cv_lib_m_pow=yes
ac_cv_lib_nsl_getaddrinfo=yes
ac_cv_lib_nsl_gethostbyname=yes
ac_cv_lib_pthread_pthread_create=yes
ac_cv_lib_socket_connect=no
ac_cv_lib_ssl_SSL_free=no
ac_cv_member_struct_addrinfo_ai_family=yes
ac_cv_member_struct_sockaddr_in_sin_len=no
ac_cv_member_struct_statvfs64_f_bsize=yes
ac_cv_objext=o
ac_cv_path_EGREP='/bin/grep -E'
ac_cv_path_FGREP='/bin/grep -F'
ac_cv_path_GREP=/bin/grep
ac_cv_path_IBP_NFU_PING=/bin/ping
ac_cv_path_SED=/bin/sed
ac_cv_path_install='/usr/bin/install -c'
ac_cv_path_mkdir=/bin/mkdir
ac_cv_prog_AWK=mawk
ac_cv_prog_CPP='gcc -E'
ac_cv_prog_ac_ct_AR=ar
ac_cv_prog_ac_ct_CC=gcc
ac_cv_prog_ac_ct_MANIFEST_TOOL=mt
ac_cv_prog_ac_ct_OBJDUMP=objdump
ac_cv_prog_ac_ct_RANLIB=ranlib
ac_cv_prog_ac_ct_STRIP=strip
ac_cv_prog_cc_c89=
ac_cv_prog_cc_g=yes
ac_cv_prog_gcc_traditional=no
ac_cv_prog_make_make_set=yes
ac_cv_safe_to_define___extensions__=yes
ac_cv_search_opendir='none required'
ac_cv_sizeof_long=8
ac_cv_sizeof_long_long=8
ac_cv_target=x86_64-unknown-linux-gnu
ac_cv_type_int64_t=yes
ac_cv_type_signal=void
ac_cv_type_size_t=yes
ac_cv_type_socklen_t=yes
ac_cv_type_u_int64_t=yes
ac_cv_type_ulong_t=no
ac_cv_type_ushort_t=no
ac_cv_working_alloca_h=yes
am_cv_CC_dependencies_compiler_type=gcc3
am_cv_make_support_nested_variables=yes
lt_cv_ar_at_file=@
lt_cv_deplibs_check_method=pass_all
lt_cv_file_magic_cmd='$MAGIC_CMD'
lt_cv_file_magic_test_file=
lt_cv_ld_reload_flag=-r
lt_cv_nm_interface='BSD nm'
lt_cv_objdir=.libs
lt_cv_path_LD=/usr/bin/ld
lt_cv_path_NM='/usr/bin/nm -B'
lt_cv_path_mainfest_tool=no
lt_cv_prog_compiler_c_o=yes
lt_cv_prog_compiler_pic='-fPIC -DPIC'
lt_cv_prog_compiler_pic_works=yes
lt_cv_prog_compiler_rtti_exceptions=no
lt_cv_prog_compiler_static_works=yes
lt_cv_prog_gnu_ld=yes
lt_cv_sharedlib_from_linklib_cmd='printf %s\n'
lt_cv_shlibpath_overrides_runpath=no
lt_cv_sys_global_symbol_pipe='sed -n -e '\''s/^.*[	 ]\([ABCDGIRSTW][ABCDGIRSTW]*\)[	 ][	 ]*\([_A-Za-z][_A-Za-z0-9]*\)$/\1 \2 \2/p'\'' | sed '\''/ __gnu_lto/d'\'''
lt_cv_sys_global_symbol_to_c_name_address='sed -n -e '\''s/^: \([^ ]*\)[ ]*$/  {\"\1\", (void *) 0},/p'\'' -e '\''s/^[ABCDGIRSTW]* \([^ ]*\) \([^ ]*\)$/  {"\2", (void *) \&\2},/p'\'''
lt_cv_sys_global_symbol_to_c_name_address_lib_prefix='sed -n -e '\''s/^: \([^ ]*\)[ ]*$/  {\"\1\", (void *) 0},/p'\'' -e '\''s/^[ABCDGIRSTW]* \([^ ]*\) \(lib[^ ]*\)$/  {"\2", (void *) \&\2},/p'\'' -e '\''s/^[ABCDGIRSTW]* \([^ ]*\) \([^ ]*\)$/  {"lib\2", (void *) \&\2},/p'\'''
lt_cv_sys_global_symbol_to_cdecl='sed -n -e '\''s/^T .* \(.*\)$/extern int \1();/p'\'' -e '\''s/^[ABCDGIRSTW]* .* \(.*\)$/extern char \1;/p'\'''
lt_cv_sys_max_cmd_len=1572864
lt_cv_to_host_file_cmd=func_convert_file_noop
lt_cv_to_tool_file_cmd=func_convert_file_noop

## ----------------- ##
## Output variables. ##
## ----------------- ##

ACLOCAL='${SHELL} /usr/local/src/toolkit/lodn-1.0/warmer/ibp/missing aclocal-1.13'
ALLOCA=''
AMDEPBACKSLASH='\'
AMDEP_FALSE='#'
AMDEP_TRUE=''
AMTAR='$${TAR-tar}'
AM_BACKSLASH='\'
AM_DEFAULT_V='$(AM_DEFAULT_VERBOSITY)'
AM_DEFAULT_VERBOSITY='1'
AM_V='$(V)'
AR='ar'
AUTOCONF='${SHELL} /usr/local/src/toolkit/lodn-1.0/warmer/ibp/missing autoconf'
AUTOHEADER='${SHELL} /usr/local/src/toolkit/lodn-1.0/warmer/ibp/missing autoheader'
AUTOMAKE='${SHELL} /usr/local/src/toolkit/lodn-1.0/warmer/ibp/missing automake-1.13'
AWK='mawk'
BONJOUR_FALSE='#'
BONJOUR_TRUE=''
CC='gcc'
CCDEPMODE='depmode=gcc3'
CFLAGS='-g -O2'
CLIENTONLY_FALSE='#'
CLIENTONLY_TRUE=''
CPP='gcc -E'
CPPFLAGS=''
CYGPATH_W='echo'
DEBUG_FALSE=''
DEBUG_TRUE='#'
DEFS='-DHAVE_CONFIG_H'
DEPDIR='.deps'
DLLTOOL='false'
DSYMUTIL=''
DUMPBIN=''
DYN_LIB_SUFFIX='so'
ECHO_C=''
ECHO_N='-n'
ECHO_T=''
EGREP='/bin/grep -E'
ENABLE_BONJOUR='1'
EXEEXT=''
FGREP='/bin/grep -F'
GREP='/bin/grep'
HAVE_FUNC_FREEADDRINFO='1'
HAVE_FUNC_GETADDRINFO='1'
HAVE_STRU_ADDRINFO='1'
IBP_NFU_PING='/bin/ping'
INSTALL_DATA='${INSTALL} -m 644'
INSTALL_PROGRAM='${INSTALL}'
INSTALL_SCRIPT='${INSTALL}'
INSTALL_STRIP_PROGRAM='$(install_sh) -c -s'
LD='/usr/bin/ld -m elf_x86_64'
LDFLAGS=''
LIBOBJS=''
LIBS='-ldl -lm -lnsl -lnsl -lpthread '
LIBTOOL='$(SHELL) $(top_builddir)/libtool'
LIBTOOL_DEPS='./ltmain.sh'
LIPO=''
LN_S='ln -s'
LTLIBOBJS=''
MAKEINFO='${SHELL} /usr/local/src/toolkit/lodn-1.0/warmer/ibp/missing makeinfo'
MANIFEST_TOOL=':'
MDNS_FLAGS='-DNOT_HAVE_SA_LEN '
MKDIR_P='/bin/mkdir -p'
NM='/usr/bin/nm -B'
NMEDIT=''
OBJDUMP='objdump'
OBJEXT='o'
OSF_OS='0'
OTOOL64=''
OTOOL=''
PACKAGE='ibp'
PACKAGE_BUGREPORT=''
PACKAGE_NAME='ibp'
PACKAGE_STRING='ibp 1.4.0.4'
PACKAGE_TARNAME='ibp'
PACKAGE_URL=''
PACKAGE_VERSION='1.4.0.4'
PATH_SEPARATOR=':'
PERSISTENT_CONN='1'
PTHREAD_SUPPORTED='1'
RANLIB='ranlib'
SED='/bin/sed'
SET_MAKE=''
SHELL='/bin/bash'
STRIP='strip'
VERSION='1.4.0.4'
ac_ct_AR='ar'
ac_ct_CC='gcc'
ac_ct_DUMPBIN=''
am__EXEEXT_FALSE=''
am__EXEEXT_TRUE='#'
am__fastdepCC_FALSE='#'
am__fastdepCC_TRUE=''
am__include='include'
am__isrc=''
am__leading_dot='.'
am__nodep='_no'
am__quote=''
am__tar='$${TAR-tar} chof - "$$tardir"'
am__untar='$${TAR-tar} xf -'
bindir='${exec_prefix}/bin'
build='x86_64-unknown-linux-gnu'
build_alias=''
build_cpu='x86_64'
build_os='linux-gnu'
build_vendor='unknown'
datadir='${datarootdir}'
datarootdir='${prefix}/share'
docdir='${datarootdir}/doc/${PACKAGE_TARNAME}'
dvidir='${docdir}'
exec_prefix='${prefix}'
host='x86_64-unknown-linux-gnu'
host_alias=''
host_cpu='x86_64'
host_os='linux-gnu'
host_vendor='unknown'
htmldir='${docdir}'
includedir='${prefix}/include'
infodir='${datarootdir}/info'
install_sh='${SHELL} /usr/local/src/toolkit/lodn-1.0/warmer/ibp/install-sh'
libdir='${exec_prefix}/lib'
libexecdir='${exec_prefix}/libexec'
localedir='${datarootdir}/locale'
localstatedir='${prefix}/var'
mandir='${datarootdir}/man'
mkdir_p='$(MKDIR_P)'
oldincludedir='/usr/include'
pdfdir='${docdir}'
prefix='/usr/local/src/toolkit/lodn-1.0/warmer/ibp/local'
program_transform_name='s,x,x,'
psdir='${docdir}'
sbindir='${exec_prefix}/sbin'
sharedstatedir='${prefix}/com'
sysconfdir='${prefix}/etc'
target='x86_64-unknown-linux-gnu'
target_alias=''
target_cpu='x86_64'
target_os='linux-gnu'
target_vendor='unknown'
version_major='1.4'
version_minor='0.4'

## ----------- ##
## confdefs.h. ##
## ----------- ##

/* confdefs.h */
#define PACKAGE_NAME "ibp"
#define PACKAGE_TARNAME "ibp"
#define PACKAGE_VERSION "1.4.0.4"
#define PACKAGE_STRING "ibp 1.4.0.4"
#define PACKAGE_BUGREPORT ""
#define PACKAGE_URL ""
#define PACKAGE "ibp"
#define VERSION "1.4.0.4"
#define STDC_HEADERS 1
#define HAVE_SYS_TYPES_H 1
#define HAVE_SYS_STAT_H 1
#define HAVE_STDLIB_H 1
#define HAVE_STRING_H 1
#define HAVE_MEMORY_H 1
#define HAVE_STRINGS_H 1
#define HAVE_INTTYPES_H 1
#define HAVE_STDINT_H 1
#define HAVE_UNISTD_H 1
#define __EXTENSIONS__ 1
#define _ALL_SOURCE 1
#define _GNU_SOURCE 1
#define _POSIX_PTHREAD_SEMANTICS 1
#define _TANDEM_SOURCE 1
#define HAVE_ALLOCA_H 1
#define HAVE_ALLOCA 1
#define HAVE_DLFCN_H 1
#define LT_OBJDIR ".libs/"
#define HAVE_LIBPTHREAD 1
#define HAVE_LIBNSL 1
#define HAVE_LIBNSL 1
#define HAVE_LIBM 1
#define HAVE_LIBDL 1
#define HAVE_DIRENT_H 1
#define STDC_HEADERS 1
#define HAVE_SYS_WAIT_H 1
#define HAVE_FCNTL_H 1
#define HAVE_LIMITS_H 1
#define HAVE_MALLOC_H 1
#define HAVE_STRINGS_H 1
#define HAVE_SYS_FILE_H 1
#define HAVE_SYS_TIME_H 1
#define HAVE_UNISTD_H 1
#define HAVE_CTYPE_H 1
#define HAVE_SYS_UTSNAME_H 1
#define HAVE_SYS_WAIT_H 1
#define HAVE_SYS_STAT_H 1
#define HAVE_SYS_UN_H 1
#define HAVE_PTHREAD_H 1
#define HAVE_SYS_MMAN_H 1
#define HAVE_ARPA_INET_H 1
#define HAVE_SYS_SOCKET_H 1
#define HAVE_NETINET_IN_H 1
#define HAVE_NETDB_H 1
#define HAVE_SYS_STATVFS_H 1
#define HAVE_SYS_VFS_H 1
#define HAVE_SYS_RESOURCE_H 1
#define HAVE_SYS_SOCKETVAR_H 1
#define HAVE_SYS_PARAM_H 1
#define HAVE_SYS_MOUNT_H 1
#define HAVE_ASSERT_H 1
#define HAVE_STDINT_H 1
#define HAVE_DLFCN_H 1
#define TIME_WITH_SYS_TIME 1
#define SIZEOF_LONG 8
#define SIZEOF_LONG_LONG 8
#define HAVE_INT64_T 1
#define ulong_t unsigned long int
#define ushort_t unsigned short int
#define HAVE_STRUCT_ADDRINFO_AI_FAMILY 1
#define HAVE_STRUCT_STATVFS64_F_BSIZE 1
#define RETSIGTYPE void
#define HAVE_VPRINTF 1
#define HAVE_GETTIMEOFDAY 1
#define HAVE_SELECT 1
#define HAVE_SOCKET 1
#define HAVE_STRDUP 1
#define HAVE_STRERROR 1
#define HAVE_UNAME 1
#define HAVE_STATVFS 1
#define HAVE_STATFS 1
#define HAVE_STRTOK_R 1
#define HAVE_GETADDRINFO 1
#define HAVE_FREEADDRINFO 1
#define HAVE_GETRLIMIT 1
#define HAVE_SETRLIMIT 1
#define HAVE_STATVFS64 1

configure: exit 0

## ---------------- ##
## Cache variables. ##
## ---------------- ##

ac_cv_env_build_alias_set=
ac_cv_env_build_alias_value=
ac_cv_env_host_alias_set=
ac_cv_env_host_alias_value=
ac_cv_env_target_alias_set=
ac_cv_env_target_alias_value=

## ----------------- ##
## Output variables. ##
## ----------------- ##

DEFS=''
ECHO_C=''
ECHO_N='-n'
ECHO_T=''
LIBS=''
PACKAGE_BUGREPORT=''
PACKAGE_NAME='ibp'
PACKAGE_STRING='ibp 1.4.0.2'
PACKAGE_TARNAME='ibp'
PACKAGE_VERSION='1.4.0.2'
PATH_SEPARATOR=':'
SHELL='/bin/bash'
bindir='${exec_prefix}/bin'
build_alias=''
datadir='${datarootdir}'
datarootdir='${prefix}/share'
docdir='${datarootdir}/doc/${PACKAGE_TARNAME}'
dvidir='${docdir}'
exec_prefix='NONE'
host_alias=''
htmldir='${docdir}'
includedir='${prefix}/include'
infodir='${datarootdir}/info'
libdir='${exec_prefix}/lib'
libexecdir='${exec_prefix}/libexec'
localedir='${datarootdir}/locale'
localstatedir='${prefix}/var'
mandir='${datarootdir}/man'
oldincludedir='/usr/include'
pdfdir='${docdir}'
prefix='/usr/local/LODN'
program_transform_name='s,x,x,'
psdir='${docdir}'
sbindir='${exec_prefix}/sbin'
sharedstatedir='${prefix}/com'
sysconfdir='${prefix}/etc'
target_alias=''

configure.gnu: exit 0
